
*** Running vivado
    with args -log regFile.vds -m64 -product Vivado -mode batch -messageDb vivado.pb -notrace -source regFile.tcl



****** Vivado v2020.2 (64-bit)
  **** SW Build 3064766 on Wed Nov 18 09:12:45 MST 2020
  **** IP Build 3064653 on Wed Nov 18 14:17:31 MST 2020
    ** Copyright 1986-2020 Xilinx, Inc. All Rights Reserved.

source regFile.tcl -notrace
create_project: Time (s): cpu = 00:00:05 ; elapsed = 00:00:05 . Memory (MB): peak = 1088.957 ; gain = 0.000
Command: synth_design -top regFile -part xc7a100tfgg484-2L
Starting synth_design
Attempting to get a license for feature 'Synthesis' and/or device 'xc7a100t'
INFO: [Common 17-349] Got license for feature 'Synthesis' and/or device 'xc7a100t'
INFO: [Device 21-403] Loading part xc7a100tfgg484-2L
INFO: [Synth 8-7079] Multithreading enabled for synth_design using a maximum of 2 processes.
INFO: [Synth 8-7078] Launching helper process for spawning children vivado processes
INFO: [Synth 8-7075] Helper process launched with PID 13896
---------------------------------------------------------------------------------
Starting RTL Elaboration : Time (s): cpu = 00:00:09 ; elapsed = 00:00:09 . Memory (MB): peak = 1114.438 ; gain = 25.480
---------------------------------------------------------------------------------
INFO: [Synth 8-6157] synthesizing module 'regFile' [C:/Users/gao/Desktop/Computer-Orgnization-ARM-/Project/3.regFile/regFile.srcs/sources_1/new/regFile.v:3]
INFO: [Synth 8-155] case statement is not full and has no default [C:/Users/gao/Desktop/Computer-Orgnization-ARM-/Project/3.regFile/regFile.srcs/sources_1/new/regFile.v:51]
INFO: [Synth 8-155] case statement is not full and has no default [C:/Users/gao/Desktop/Computer-Orgnization-ARM-/Project/3.regFile/regFile.srcs/sources_1/new/regFile.v:144]
INFO: [Synth 8-6155] done synthesizing module 'regFile' (1#1) [C:/Users/gao/Desktop/Computer-Orgnization-ARM-/Project/3.regFile/regFile.srcs/sources_1/new/regFile.v:3]
---------------------------------------------------------------------------------
Finished RTL Elaboration : Time (s): cpu = 00:00:11 ; elapsed = 00:00:11 . Memory (MB): peak = 1174.137 ; gain = 85.180
---------------------------------------------------------------------------------
---------------------------------------------------------------------------------
Start Handling Custom Attributes
---------------------------------------------------------------------------------
---------------------------------------------------------------------------------
Finished Handling Custom Attributes : Time (s): cpu = 00:00:12 ; elapsed = 00:00:12 . Memory (MB): peak = 1174.137 ; gain = 85.180
---------------------------------------------------------------------------------
---------------------------------------------------------------------------------
Finished RTL Optimization Phase 1 : Time (s): cpu = 00:00:12 ; elapsed = 00:00:12 . Memory (MB): peak = 1174.137 ; gain = 85.180
---------------------------------------------------------------------------------
Netlist sorting complete. Time (s): cpu = 00:00:00 ; elapsed = 00:00:00.044 . Memory (MB): peak = 1174.137 ; gain = 0.000
INFO: [Project 1-570] Preparing netlist for logic optimization

Processing XDC Constraints
Initializing timing engine
Parsing XDC File [C:/Users/gao/Desktop/Computer-Orgnization-ARM-/Project/3.regFile/regFile.srcs/constrs_1/new/Board.xdc]
WARNING: [Vivado 12-584] No ports matched 'sw'. [C:/Users/gao/Desktop/Computer-Orgnization-ARM-/Project/3.regFile/regFile.srcs/constrs_1/new/Board.xdc:5]
CRITICAL WARNING: [Common 17-55] 'set_property' expects at least one object. [C:/Users/gao/Desktop/Computer-Orgnization-ARM-/Project/3.regFile/regFile.srcs/constrs_1/new/Board.xdc:5]
Resolution: If [get_<value>] was used to populate the object, check to make sure this command returns at least one valid object.
WARNING: [Vivado 12-584] No ports matched 'sw'. [C:/Users/gao/Desktop/Computer-Orgnization-ARM-/Project/3.regFile/regFile.srcs/constrs_1/new/Board.xdc:6]
CRITICAL WARNING: [Common 17-55] 'set_property' expects at least one object. [C:/Users/gao/Desktop/Computer-Orgnization-ARM-/Project/3.regFile/regFile.srcs/constrs_1/new/Board.xdc:6]
Resolution: If [get_<value>] was used to populate the object, check to make sure this command returns at least one valid object.
WARNING: [Vivado 12-584] No ports matched 'sw[1]'. [C:/Users/gao/Desktop/Computer-Orgnization-ARM-/Project/3.regFile/regFile.srcs/constrs_1/new/Board.xdc:7]
CRITICAL WARNING: [Common 17-55] 'set_property' expects at least one object. [C:/Users/gao/Desktop/Computer-Orgnization-ARM-/Project/3.regFile/regFile.srcs/constrs_1/new/Board.xdc:7]
Resolution: If [get_<value>] was used to populate the object, check to make sure this command returns at least one valid object.
WARNING: [Vivado 12-584] No ports matched 'sw[2]'. [C:/Users/gao/Desktop/Computer-Orgnization-ARM-/Project/3.regFile/regFile.srcs/constrs_1/new/Board.xdc:8]
CRITICAL WARNING: [Common 17-55] 'set_property' expects at least one object. [C:/Users/gao/Desktop/Computer-Orgnization-ARM-/Project/3.regFile/regFile.srcs/constrs_1/new/Board.xdc:8]
Resolution: If [get_<value>] was used to populate the object, check to make sure this command returns at least one valid object.
WARNING: [Vivado 12-584] No ports matched 'sw[3]'. [C:/Users/gao/Desktop/Computer-Orgnization-ARM-/Project/3.regFile/regFile.srcs/constrs_1/new/Board.xdc:9]
CRITICAL WARNING: [Common 17-55] 'set_property' expects at least one object. [C:/Users/gao/Desktop/Computer-Orgnization-ARM-/Project/3.regFile/regFile.srcs/constrs_1/new/Board.xdc:9]
Resolution: If [get_<value>] was used to populate the object, check to make sure this command returns at least one valid object.
WARNING: [Vivado 12-584] No ports matched 'sw[4]'. [C:/Users/gao/Desktop/Computer-Orgnization-ARM-/Project/3.regFile/regFile.srcs/constrs_1/new/Board.xdc:10]
CRITICAL WARNING: [Common 17-55] 'set_property' expects at least one object. [C:/Users/gao/Desktop/Computer-Orgnization-ARM-/Project/3.regFile/regFile.srcs/constrs_1/new/Board.xdc:10]
Resolution: If [get_<value>] was used to populate the object, check to make sure this command returns at least one valid object.
WARNING: [Vivado 12-584] No ports matched 'sw[5]'. [C:/Users/gao/Desktop/Computer-Orgnization-ARM-/Project/3.regFile/regFile.srcs/constrs_1/new/Board.xdc:11]
CRITICAL WARNING: [Common 17-55] 'set_property' expects at least one object. [C:/Users/gao/Desktop/Computer-Orgnization-ARM-/Project/3.regFile/regFile.srcs/constrs_1/new/Board.xdc:11]
Resolution: If [get_<value>] was used to populate the object, check to make sure this command returns at least one valid object.
WARNING: [Vivado 12-584] No ports matched 'sw[6]'. [C:/Users/gao/Desktop/Computer-Orgnization-ARM-/Project/3.regFile/regFile.srcs/constrs_1/new/Board.xdc:12]
CRITICAL WARNING: [Common 17-55] 'set_property' expects at least one object. [C:/Users/gao/Desktop/Computer-Orgnization-ARM-/Project/3.regFile/regFile.srcs/constrs_1/new/Board.xdc:12]
Resolution: If [get_<value>] was used to populate the object, check to make sure this command returns at least one valid object.
WARNING: [Vivado 12-584] No ports matched 'sw[7]'. [C:/Users/gao/Desktop/Computer-Orgnization-ARM-/Project/3.regFile/regFile.srcs/constrs_1/new/Board.xdc:13]
CRITICAL WARNING: [Common 17-55] 'set_property' expects at least one object. [C:/Users/gao/Desktop/Computer-Orgnization-ARM-/Project/3.regFile/regFile.srcs/constrs_1/new/Board.xdc:13]
Resolution: If [get_<value>] was used to populate the object, check to make sure this command returns at least one valid object.
WARNING: [Vivado 12-584] No ports matched 'sw[8]'. [C:/Users/gao/Desktop/Computer-Orgnization-ARM-/Project/3.regFile/regFile.srcs/constrs_1/new/Board.xdc:14]
CRITICAL WARNING: [Common 17-55] 'set_property' expects at least one object. [C:/Users/gao/Desktop/Computer-Orgnization-ARM-/Project/3.regFile/regFile.srcs/constrs_1/new/Board.xdc:14]
Resolution: If [get_<value>] was used to populate the object, check to make sure this command returns at least one valid object.
WARNING: [Vivado 12-584] No ports matched 'sw[9]'. [C:/Users/gao/Desktop/Computer-Orgnization-ARM-/Project/3.regFile/regFile.srcs/constrs_1/new/Board.xdc:15]
CRITICAL WARNING: [Common 17-55] 'set_property' expects at least one object. [C:/Users/gao/Desktop/Computer-Orgnization-ARM-/Project/3.regFile/regFile.srcs/constrs_1/new/Board.xdc:15]
Resolution: If [get_<value>] was used to populate the object, check to make sure this command returns at least one valid object.
WARNING: [Vivado 12-584] No ports matched 'sw[10]'. [C:/Users/gao/Desktop/Computer-Orgnization-ARM-/Project/3.regFile/regFile.srcs/constrs_1/new/Board.xdc:16]
CRITICAL WARNING: [Common 17-55] 'set_property' expects at least one object. [C:/Users/gao/Desktop/Computer-Orgnization-ARM-/Project/3.regFile/regFile.srcs/constrs_1/new/Board.xdc:16]
Resolution: If [get_<value>] was used to populate the object, check to make sure this command returns at least one valid object.
WARNING: [Vivado 12-584] No ports matched 'sw[11]'. [C:/Users/gao/Desktop/Computer-Orgnization-ARM-/Project/3.regFile/regFile.srcs/constrs_1/new/Board.xdc:17]
CRITICAL WARNING: [Common 17-55] 'set_property' expects at least one object. [C:/Users/gao/Desktop/Computer-Orgnization-ARM-/Project/3.regFile/regFile.srcs/constrs_1/new/Board.xdc:17]
Resolution: If [get_<value>] was used to populate the object, check to make sure this command returns at least one valid object.
WARNING: [Vivado 12-584] No ports matched 'sw[12]'. [C:/Users/gao/Desktop/Computer-Orgnization-ARM-/Project/3.regFile/regFile.srcs/constrs_1/new/Board.xdc:18]
CRITICAL WARNING: [Common 17-55] 'set_property' expects at least one object. [C:/Users/gao/Desktop/Computer-Orgnization-ARM-/Project/3.regFile/regFile.srcs/constrs_1/new/Board.xdc:18]
Resolution: If [get_<value>] was used to populate the object, check to make sure this command returns at least one valid object.
WARNING: [Vivado 12-584] No ports matched 'sw[13]'. [C:/Users/gao/Desktop/Computer-Orgnization-ARM-/Project/3.regFile/regFile.srcs/constrs_1/new/Board.xdc:19]
CRITICAL WARNING: [Common 17-55] 'set_property' expects at least one object. [C:/Users/gao/Desktop/Computer-Orgnization-ARM-/Project/3.regFile/regFile.srcs/constrs_1/new/Board.xdc:19]
Resolution: If [get_<value>] was used to populate the object, check to make sure this command returns at least one valid object.
WARNING: [Vivado 12-584] No ports matched 'sw[14]'. [C:/Users/gao/Desktop/Computer-Orgnization-ARM-/Project/3.regFile/regFile.srcs/constrs_1/new/Board.xdc:20]
CRITICAL WARNING: [Common 17-55] 'set_property' expects at least one object. [C:/Users/gao/Desktop/Computer-Orgnization-ARM-/Project/3.regFile/regFile.srcs/constrs_1/new/Board.xdc:20]
Resolution: If [get_<value>] was used to populate the object, check to make sure this command returns at least one valid object.
WARNING: [Vivado 12-584] No ports matched 'sw[15]'. [C:/Users/gao/Desktop/Computer-Orgnization-ARM-/Project/3.regFile/regFile.srcs/constrs_1/new/Board.xdc:21]
CRITICAL WARNING: [Common 17-55] 'set_property' expects at least one object. [C:/Users/gao/Desktop/Computer-Orgnization-ARM-/Project/3.regFile/regFile.srcs/constrs_1/new/Board.xdc:21]
Resolution: If [get_<value>] was used to populate the object, check to make sure this command returns at least one valid object.
WARNING: [Vivado 12-584] No ports matched 'sw[16]'. [C:/Users/gao/Desktop/Computer-Orgnization-ARM-/Project/3.regFile/regFile.srcs/constrs_1/new/Board.xdc:22]
CRITICAL WARNING: [Common 17-55] 'set_property' expects at least one object. [C:/Users/gao/Desktop/Computer-Orgnization-ARM-/Project/3.regFile/regFile.srcs/constrs_1/new/Board.xdc:22]
Resolution: If [get_<value>] was used to populate the object, check to make sure this command returns at least one valid object.
WARNING: [Vivado 12-584] No ports matched 'sw[17]'. [C:/Users/gao/Desktop/Computer-Orgnization-ARM-/Project/3.regFile/regFile.srcs/constrs_1/new/Board.xdc:23]
CRITICAL WARNING: [Common 17-55] 'set_property' expects at least one object. [C:/Users/gao/Desktop/Computer-Orgnization-ARM-/Project/3.regFile/regFile.srcs/constrs_1/new/Board.xdc:23]
Resolution: If [get_<value>] was used to populate the object, check to make sure this command returns at least one valid object.
WARNING: [Vivado 12-584] No ports matched 'sw[18]'. [C:/Users/gao/Desktop/Computer-Orgnization-ARM-/Project/3.regFile/regFile.srcs/constrs_1/new/Board.xdc:24]
CRITICAL WARNING: [Common 17-55] 'set_property' expects at least one object. [C:/Users/gao/Desktop/Computer-Orgnization-ARM-/Project/3.regFile/regFile.srcs/constrs_1/new/Board.xdc:24]
Resolution: If [get_<value>] was used to populate the object, check to make sure this command returns at least one valid object.
WARNING: [Vivado 12-584] No ports matched 'sw[19]'. [C:/Users/gao/Desktop/Computer-Orgnization-ARM-/Project/3.regFile/regFile.srcs/constrs_1/new/Board.xdc:25]
CRITICAL WARNING: [Common 17-55] 'set_property' expects at least one object. [C:/Users/gao/Desktop/Computer-Orgnization-ARM-/Project/3.regFile/regFile.srcs/constrs_1/new/Board.xdc:25]
Resolution: If [get_<value>] was used to populate the object, check to make sure this command returns at least one valid object.
WARNING: [Vivado 12-584] No ports matched 'sw[20]'. [C:/Users/gao/Desktop/Computer-Orgnization-ARM-/Project/3.regFile/regFile.srcs/constrs_1/new/Board.xdc:26]
CRITICAL WARNING: [Common 17-55] 'set_property' expects at least one object. [C:/Users/gao/Desktop/Computer-Orgnization-ARM-/Project/3.regFile/regFile.srcs/constrs_1/new/Board.xdc:26]
Resolution: If [get_<value>] was used to populate the object, check to make sure this command returns at least one valid object.
WARNING: [Vivado 12-584] No ports matched 'sw[21]'. [C:/Users/gao/Desktop/Computer-Orgnization-ARM-/Project/3.regFile/regFile.srcs/constrs_1/new/Board.xdc:27]
CRITICAL WARNING: [Common 17-55] 'set_property' expects at least one object. [C:/Users/gao/Desktop/Computer-Orgnization-ARM-/Project/3.regFile/regFile.srcs/constrs_1/new/Board.xdc:27]
Resolution: If [get_<value>] was used to populate the object, check to make sure this command returns at least one valid object.
WARNING: [Vivado 12-584] No ports matched 'sw[22]'. [C:/Users/gao/Desktop/Computer-Orgnization-ARM-/Project/3.regFile/regFile.srcs/constrs_1/new/Board.xdc:28]
CRITICAL WARNING: [Common 17-55] 'set_property' expects at least one object. [C:/Users/gao/Desktop/Computer-Orgnization-ARM-/Project/3.regFile/regFile.srcs/constrs_1/new/Board.xdc:28]
Resolution: If [get_<value>] was used to populate the object, check to make sure this command returns at least one valid object.
WARNING: [Vivado 12-584] No ports matched 'sw[23]'. [C:/Users/gao/Desktop/Computer-Orgnization-ARM-/Project/3.regFile/regFile.srcs/constrs_1/new/Board.xdc:29]
CRITICAL WARNING: [Common 17-55] 'set_property' expects at least one object. [C:/Users/gao/Desktop/Computer-Orgnization-ARM-/Project/3.regFile/regFile.srcs/constrs_1/new/Board.xdc:29]
Resolution: If [get_<value>] was used to populate the object, check to make sure this command returns at least one valid object.
WARNING: [Vivado 12-584] No ports matched 'sw[24]'. [C:/Users/gao/Desktop/Computer-Orgnization-ARM-/Project/3.regFile/regFile.srcs/constrs_1/new/Board.xdc:30]
CRITICAL WARNING: [Common 17-55] 'set_property' expects at least one object. [C:/Users/gao/Desktop/Computer-Orgnization-ARM-/Project/3.regFile/regFile.srcs/constrs_1/new/Board.xdc:30]
Resolution: If [get_<value>] was used to populate the object, check to make sure this command returns at least one valid object.
WARNING: [Vivado 12-584] No ports matched 'sw[25]'. [C:/Users/gao/Desktop/Computer-Orgnization-ARM-/Project/3.regFile/regFile.srcs/constrs_1/new/Board.xdc:31]
CRITICAL WARNING: [Common 17-55] 'set_property' expects at least one object. [C:/Users/gao/Desktop/Computer-Orgnization-ARM-/Project/3.regFile/regFile.srcs/constrs_1/new/Board.xdc:31]
Resolution: If [get_<value>] was used to populate the object, check to make sure this command returns at least one valid object.
WARNING: [Vivado 12-584] No ports matched 'sw[26]'. [C:/Users/gao/Desktop/Computer-Orgnization-ARM-/Project/3.regFile/regFile.srcs/constrs_1/new/Board.xdc:32]
CRITICAL WARNING: [Common 17-55] 'set_property' expects at least one object. [C:/Users/gao/Desktop/Computer-Orgnization-ARM-/Project/3.regFile/regFile.srcs/constrs_1/new/Board.xdc:32]
Resolution: If [get_<value>] was used to populate the object, check to make sure this command returns at least one valid object.
WARNING: [Vivado 12-584] No ports matched 'sw[27]'. [C:/Users/gao/Desktop/Computer-Orgnization-ARM-/Project/3.regFile/regFile.srcs/constrs_1/new/Board.xdc:33]
CRITICAL WARNING: [Common 17-55] 'set_property' expects at least one object. [C:/Users/gao/Desktop/Computer-Orgnization-ARM-/Project/3.regFile/regFile.srcs/constrs_1/new/Board.xdc:33]
Resolution: If [get_<value>] was used to populate the object, check to make sure this command returns at least one valid object.
WARNING: [Vivado 12-584] No ports matched 'sw[28]'. [C:/Users/gao/Desktop/Computer-Orgnization-ARM-/Project/3.regFile/regFile.srcs/constrs_1/new/Board.xdc:34]
CRITICAL WARNING: [Common 17-55] 'set_property' expects at least one object. [C:/Users/gao/Desktop/Computer-Orgnization-ARM-/Project/3.regFile/regFile.srcs/constrs_1/new/Board.xdc:34]
Resolution: If [get_<value>] was used to populate the object, check to make sure this command returns at least one valid object.
WARNING: [Vivado 12-584] No ports matched 'sw[29]'. [C:/Users/gao/Desktop/Computer-Orgnization-ARM-/Project/3.regFile/regFile.srcs/constrs_1/new/Board.xdc:35]
CRITICAL WARNING: [Common 17-55] 'set_property' expects at least one object. [C:/Users/gao/Desktop/Computer-Orgnization-ARM-/Project/3.regFile/regFile.srcs/constrs_1/new/Board.xdc:35]
Resolution: If [get_<value>] was used to populate the object, check to make sure this command returns at least one valid object.
WARNING: [Vivado 12-584] No ports matched 'sw[30]'. [C:/Users/gao/Desktop/Computer-Orgnization-ARM-/Project/3.regFile/regFile.srcs/constrs_1/new/Board.xdc:36]
CRITICAL WARNING: [Common 17-55] 'set_property' expects at least one object. [C:/Users/gao/Desktop/Computer-Orgnization-ARM-/Project/3.regFile/regFile.srcs/constrs_1/new/Board.xdc:36]
Resolution: If [get_<value>] was used to populate the object, check to make sure this command returns at least one valid object.
WARNING: [Vivado 12-584] No ports matched 'sw[31]'. [C:/Users/gao/Desktop/Computer-Orgnization-ARM-/Project/3.regFile/regFile.srcs/constrs_1/new/Board.xdc:37]
CRITICAL WARNING: [Common 17-55] 'set_property' expects at least one object. [C:/Users/gao/Desktop/Computer-Orgnization-ARM-/Project/3.regFile/regFile.srcs/constrs_1/new/Board.xdc:37]
Resolution: If [get_<value>] was used to populate the object, check to make sure this command returns at least one valid object.
WARNING: [Vivado 12-584] No ports matched 'sw[32]'. [C:/Users/gao/Desktop/Computer-Orgnization-ARM-/Project/3.regFile/regFile.srcs/constrs_1/new/Board.xdc:38]
CRITICAL WARNING: [Common 17-55] 'set_property' expects at least one object. [C:/Users/gao/Desktop/Computer-Orgnization-ARM-/Project/3.regFile/regFile.srcs/constrs_1/new/Board.xdc:38]
Resolution: If [get_<value>] was used to populate the object, check to make sure this command returns at least one valid object.
WARNING: [Vivado 12-584] No ports matched 'swb'. [C:/Users/gao/Desktop/Computer-Orgnization-ARM-/Project/3.regFile/regFile.srcs/constrs_1/new/Board.xdc:41]
CRITICAL WARNING: [Common 17-55] 'set_property' expects at least one object. [C:/Users/gao/Desktop/Computer-Orgnization-ARM-/Project/3.regFile/regFile.srcs/constrs_1/new/Board.xdc:41]
Resolution: If [get_<value>] was used to populate the object, check to make sure this command returns at least one valid object.
WARNING: [Vivado 12-584] No ports matched 'swb[1]'. [C:/Users/gao/Desktop/Computer-Orgnization-ARM-/Project/3.regFile/regFile.srcs/constrs_1/new/Board.xdc:42]
CRITICAL WARNING: [Common 17-55] 'set_property' expects at least one object. [C:/Users/gao/Desktop/Computer-Orgnization-ARM-/Project/3.regFile/regFile.srcs/constrs_1/new/Board.xdc:42]
Resolution: If [get_<value>] was used to populate the object, check to make sure this command returns at least one valid object.
WARNING: [Vivado 12-584] No ports matched 'swb[2]'. [C:/Users/gao/Desktop/Computer-Orgnization-ARM-/Project/3.regFile/regFile.srcs/constrs_1/new/Board.xdc:43]
CRITICAL WARNING: [Common 17-55] 'set_property' expects at least one object. [C:/Users/gao/Desktop/Computer-Orgnization-ARM-/Project/3.regFile/regFile.srcs/constrs_1/new/Board.xdc:43]
Resolution: If [get_<value>] was used to populate the object, check to make sure this command returns at least one valid object.
WARNING: [Vivado 12-584] No ports matched 'swb[3]'. [C:/Users/gao/Desktop/Computer-Orgnization-ARM-/Project/3.regFile/regFile.srcs/constrs_1/new/Board.xdc:44]
CRITICAL WARNING: [Common 17-55] 'set_property' expects at least one object. [C:/Users/gao/Desktop/Computer-Orgnization-ARM-/Project/3.regFile/regFile.srcs/constrs_1/new/Board.xdc:44]
Resolution: If [get_<value>] was used to populate the object, check to make sure this command returns at least one valid object.
WARNING: [Vivado 12-584] No ports matched 'swb[4]'. [C:/Users/gao/Desktop/Computer-Orgnization-ARM-/Project/3.regFile/regFile.srcs/constrs_1/new/Board.xdc:45]
CRITICAL WARNING: [Common 17-55] 'set_property' expects at least one object. [C:/Users/gao/Desktop/Computer-Orgnization-ARM-/Project/3.regFile/regFile.srcs/constrs_1/new/Board.xdc:45]
Resolution: If [get_<value>] was used to populate the object, check to make sure this command returns at least one valid object.
WARNING: [Vivado 12-584] No ports matched 'swb[5]'. [C:/Users/gao/Desktop/Computer-Orgnization-ARM-/Project/3.regFile/regFile.srcs/constrs_1/new/Board.xdc:46]
CRITICAL WARNING: [Common 17-55] 'set_property' expects at least one object. [C:/Users/gao/Desktop/Computer-Orgnization-ARM-/Project/3.regFile/regFile.srcs/constrs_1/new/Board.xdc:46]
Resolution: If [get_<value>] was used to populate the object, check to make sure this command returns at least one valid object.
WARNING: [Vivado 12-584] No ports matched 'swb[6]'. [C:/Users/gao/Desktop/Computer-Orgnization-ARM-/Project/3.regFile/regFile.srcs/constrs_1/new/Board.xdc:47]
CRITICAL WARNING: [Common 17-55] 'set_property' expects at least one object. [C:/Users/gao/Desktop/Computer-Orgnization-ARM-/Project/3.regFile/regFile.srcs/constrs_1/new/Board.xdc:47]
Resolution: If [get_<value>] was used to populate the object, check to make sure this command returns at least one valid object.
WARNING: [Vivado 12-584] No ports matched 'led'. [C:/Users/gao/Desktop/Computer-Orgnization-ARM-/Project/3.regFile/regFile.srcs/constrs_1/new/Board.xdc:50]
CRITICAL WARNING: [Common 17-55] 'set_property' expects at least one object. [C:/Users/gao/Desktop/Computer-Orgnization-ARM-/Project/3.regFile/regFile.srcs/constrs_1/new/Board.xdc:50]
Resolution: If [get_<value>] was used to populate the object, check to make sure this command returns at least one valid object.
WARNING: [Vivado 12-584] No ports matched 'led'. [C:/Users/gao/Desktop/Computer-Orgnization-ARM-/Project/3.regFile/regFile.srcs/constrs_1/new/Board.xdc:51]
CRITICAL WARNING: [Common 17-55] 'set_property' expects at least one object. [C:/Users/gao/Desktop/Computer-Orgnization-ARM-/Project/3.regFile/regFile.srcs/constrs_1/new/Board.xdc:51]
Resolution: If [get_<value>] was used to populate the object, check to make sure this command returns at least one valid object.
WARNING: [Vivado 12-584] No ports matched 'led[1]'. [C:/Users/gao/Desktop/Computer-Orgnization-ARM-/Project/3.regFile/regFile.srcs/constrs_1/new/Board.xdc:52]
CRITICAL WARNING: [Common 17-55] 'set_property' expects at least one object. [C:/Users/gao/Desktop/Computer-Orgnization-ARM-/Project/3.regFile/regFile.srcs/constrs_1/new/Board.xdc:52]
Resolution: If [get_<value>] was used to populate the object, check to make sure this command returns at least one valid object.
WARNING: [Vivado 12-584] No ports matched 'led[2]'. [C:/Users/gao/Desktop/Computer-Orgnization-ARM-/Project/3.regFile/regFile.srcs/constrs_1/new/Board.xdc:53]
CRITICAL WARNING: [Common 17-55] 'set_property' expects at least one object. [C:/Users/gao/Desktop/Computer-Orgnization-ARM-/Project/3.regFile/regFile.srcs/constrs_1/new/Board.xdc:53]
Resolution: If [get_<value>] was used to populate the object, check to make sure this command returns at least one valid object.
WARNING: [Vivado 12-584] No ports matched 'led[3]'. [C:/Users/gao/Desktop/Computer-Orgnization-ARM-/Project/3.regFile/regFile.srcs/constrs_1/new/Board.xdc:54]
CRITICAL WARNING: [Common 17-55] 'set_property' expects at least one object. [C:/Users/gao/Desktop/Computer-Orgnization-ARM-/Project/3.regFile/regFile.srcs/constrs_1/new/Board.xdc:54]
Resolution: If [get_<value>] was used to populate the object, check to make sure this command returns at least one valid object.
WARNING: [Vivado 12-584] No ports matched 'led[4]'. [C:/Users/gao/Desktop/Computer-Orgnization-ARM-/Project/3.regFile/regFile.srcs/constrs_1/new/Board.xdc:55]
CRITICAL WARNING: [Common 17-55] 'set_property' expects at least one object. [C:/Users/gao/Desktop/Computer-Orgnization-ARM-/Project/3.regFile/regFile.srcs/constrs_1/new/Board.xdc:55]
Resolution: If [get_<value>] was used to populate the object, check to make sure this command returns at least one valid object.
WARNING: [Vivado 12-584] No ports matched 'led[5]'. [C:/Users/gao/Desktop/Computer-Orgnization-ARM-/Project/3.regFile/regFile.srcs/constrs_1/new/Board.xdc:56]
CRITICAL WARNING: [Common 17-55] 'set_property' expects at least one object. [C:/Users/gao/Desktop/Computer-Orgnization-ARM-/Project/3.regFile/regFile.srcs/constrs_1/new/Board.xdc:56]
Resolution: If [get_<value>] was used to populate the object, check to make sure this command returns at least one valid object.
WARNING: [Vivado 12-584] No ports matched 'led[6]'. [C:/Users/gao/Desktop/Computer-Orgnization-ARM-/Project/3.regFile/regFile.srcs/constrs_1/new/Board.xdc:57]
CRITICAL WARNING: [Common 17-55] 'set_property' expects at least one object. [C:/Users/gao/Desktop/Computer-Orgnization-ARM-/Project/3.regFile/regFile.srcs/constrs_1/new/Board.xdc:57]
Resolution: If [get_<value>] was used to populate the object, check to make sure this command returns at least one valid object.
WARNING: [Vivado 12-584] No ports matched 'led[7]'. [C:/Users/gao/Desktop/Computer-Orgnization-ARM-/Project/3.regFile/regFile.srcs/constrs_1/new/Board.xdc:58]
CRITICAL WARNING: [Common 17-55] 'set_property' expects at least one object. [C:/Users/gao/Desktop/Computer-Orgnization-ARM-/Project/3.regFile/regFile.srcs/constrs_1/new/Board.xdc:58]
Resolution: If [get_<value>] was used to populate the object, check to make sure this command returns at least one valid object.
WARNING: [Vivado 12-584] No ports matched 'led[8]'. [C:/Users/gao/Desktop/Computer-Orgnization-ARM-/Project/3.regFile/regFile.srcs/constrs_1/new/Board.xdc:59]
CRITICAL WARNING: [Common 17-55] 'set_property' expects at least one object. [C:/Users/gao/Desktop/Computer-Orgnization-ARM-/Project/3.regFile/regFile.srcs/constrs_1/new/Board.xdc:59]
Resolution: If [get_<value>] was used to populate the object, check to make sure this command returns at least one valid object.
WARNING: [Vivado 12-584] No ports matched 'led[9]'. [C:/Users/gao/Desktop/Computer-Orgnization-ARM-/Project/3.regFile/regFile.srcs/constrs_1/new/Board.xdc:60]
CRITICAL WARNING: [Common 17-55] 'set_property' expects at least one object. [C:/Users/gao/Desktop/Computer-Orgnization-ARM-/Project/3.regFile/regFile.srcs/constrs_1/new/Board.xdc:60]
Resolution: If [get_<value>] was used to populate the object, check to make sure this command returns at least one valid object.
WARNING: [Vivado 12-584] No ports matched 'led[10]'. [C:/Users/gao/Desktop/Computer-Orgnization-ARM-/Project/3.regFile/regFile.srcs/constrs_1/new/Board.xdc:61]
CRITICAL WARNING: [Common 17-55] 'set_property' expects at least one object. [C:/Users/gao/Desktop/Computer-Orgnization-ARM-/Project/3.regFile/regFile.srcs/constrs_1/new/Board.xdc:61]
Resolution: If [get_<value>] was used to populate the object, check to make sure this command returns at least one valid object.
WARNING: [Vivado 12-584] No ports matched 'led[11]'. [C:/Users/gao/Desktop/Computer-Orgnization-ARM-/Project/3.regFile/regFile.srcs/constrs_1/new/Board.xdc:62]
CRITICAL WARNING: [Common 17-55] 'set_property' expects at least one object. [C:/Users/gao/Desktop/Computer-Orgnization-ARM-/Project/3.regFile/regFile.srcs/constrs_1/new/Board.xdc:62]
Resolution: If [get_<value>] was used to populate the object, check to make sure this command returns at least one valid object.
WARNING: [Vivado 12-584] No ports matched 'led[12]'. [C:/Users/gao/Desktop/Computer-Orgnization-ARM-/Project/3.regFile/regFile.srcs/constrs_1/new/Board.xdc:63]
CRITICAL WARNING: [Common 17-55] 'set_property' expects at least one object. [C:/Users/gao/Desktop/Computer-Orgnization-ARM-/Project/3.regFile/regFile.srcs/constrs_1/new/Board.xdc:63]
Resolution: If [get_<value>] was used to populate the object, check to make sure this command returns at least one valid object.
WARNING: [Vivado 12-584] No ports matched 'led[13]'. [C:/Users/gao/Desktop/Computer-Orgnization-ARM-/Project/3.regFile/regFile.srcs/constrs_1/new/Board.xdc:64]
CRITICAL WARNING: [Common 17-55] 'set_property' expects at least one object. [C:/Users/gao/Desktop/Computer-Orgnization-ARM-/Project/3.regFile/regFile.srcs/constrs_1/new/Board.xdc:64]
Resolution: If [get_<value>] was used to populate the object, check to make sure this command returns at least one valid object.
WARNING: [Vivado 12-584] No ports matched 'led[14]'. [C:/Users/gao/Desktop/Computer-Orgnization-ARM-/Project/3.regFile/regFile.srcs/constrs_1/new/Board.xdc:65]
CRITICAL WARNING: [Common 17-55] 'set_property' expects at least one object. [C:/Users/gao/Desktop/Computer-Orgnization-ARM-/Project/3.regFile/regFile.srcs/constrs_1/new/Board.xdc:65]
Resolution: If [get_<value>] was used to populate the object, check to make sure this command returns at least one valid object.
WARNING: [Vivado 12-584] No ports matched 'led[15]'. [C:/Users/gao/Desktop/Computer-Orgnization-ARM-/Project/3.regFile/regFile.srcs/constrs_1/new/Board.xdc:66]
CRITICAL WARNING: [Common 17-55] 'set_property' expects at least one object. [C:/Users/gao/Desktop/Computer-Orgnization-ARM-/Project/3.regFile/regFile.srcs/constrs_1/new/Board.xdc:66]
Resolution: If [get_<value>] was used to populate the object, check to make sure this command returns at least one valid object.
WARNING: [Vivado 12-584] No ports matched 'led[16]'. [C:/Users/gao/Desktop/Computer-Orgnization-ARM-/Project/3.regFile/regFile.srcs/constrs_1/new/Board.xdc:67]
CRITICAL WARNING: [Common 17-55] 'set_property' expects at least one object. [C:/Users/gao/Desktop/Computer-Orgnization-ARM-/Project/3.regFile/regFile.srcs/constrs_1/new/Board.xdc:67]
Resolution: If [get_<value>] was used to populate the object, check to make sure this command returns at least one valid object.
WARNING: [Vivado 12-584] No ports matched 'led[17]'. [C:/Users/gao/Desktop/Computer-Orgnization-ARM-/Project/3.regFile/regFile.srcs/constrs_1/new/Board.xdc:68]
CRITICAL WARNING: [Common 17-55] 'set_property' expects at least one object. [C:/Users/gao/Desktop/Computer-Orgnization-ARM-/Project/3.regFile/regFile.srcs/constrs_1/new/Board.xdc:68]
Resolution: If [get_<value>] was used to populate the object, check to make sure this command returns at least one valid object.
WARNING: [Vivado 12-584] No ports matched 'led[18]'. [C:/Users/gao/Desktop/Computer-Orgnization-ARM-/Project/3.regFile/regFile.srcs/constrs_1/new/Board.xdc:69]
CRITICAL WARNING: [Common 17-55] 'set_property' expects at least one object. [C:/Users/gao/Desktop/Computer-Orgnization-ARM-/Project/3.regFile/regFile.srcs/constrs_1/new/Board.xdc:69]
Resolution: If [get_<value>] was used to populate the object, check to make sure this command returns at least one valid object.
WARNING: [Vivado 12-584] No ports matched 'led[19]'. [C:/Users/gao/Desktop/Computer-Orgnization-ARM-/Project/3.regFile/regFile.srcs/constrs_1/new/Board.xdc:70]
CRITICAL WARNING: [Common 17-55] 'set_property' expects at least one object. [C:/Users/gao/Desktop/Computer-Orgnization-ARM-/Project/3.regFile/regFile.srcs/constrs_1/new/Board.xdc:70]
Resolution: If [get_<value>] was used to populate the object, check to make sure this command returns at least one valid object.
WARNING: [Vivado 12-584] No ports matched 'led[20]'. [C:/Users/gao/Desktop/Computer-Orgnization-ARM-/Project/3.regFile/regFile.srcs/constrs_1/new/Board.xdc:71]
CRITICAL WARNING: [Common 17-55] 'set_property' expects at least one object. [C:/Users/gao/Desktop/Computer-Orgnization-ARM-/Project/3.regFile/regFile.srcs/constrs_1/new/Board.xdc:71]
Resolution: If [get_<value>] was used to populate the object, check to make sure this command returns at least one valid object.
WARNING: [Vivado 12-584] No ports matched 'led[21]'. [C:/Users/gao/Desktop/Computer-Orgnization-ARM-/Project/3.regFile/regFile.srcs/constrs_1/new/Board.xdc:72]
CRITICAL WARNING: [Common 17-55] 'set_property' expects at least one object. [C:/Users/gao/Desktop/Computer-Orgnization-ARM-/Project/3.regFile/regFile.srcs/constrs_1/new/Board.xdc:72]
Resolution: If [get_<value>] was used to populate the object, check to make sure this command returns at least one valid object.
WARNING: [Vivado 12-584] No ports matched 'led[22]'. [C:/Users/gao/Desktop/Computer-Orgnization-ARM-/Project/3.regFile/regFile.srcs/constrs_1/new/Board.xdc:73]
CRITICAL WARNING: [Common 17-55] 'set_property' expects at least one object. [C:/Users/gao/Desktop/Computer-Orgnization-ARM-/Project/3.regFile/regFile.srcs/constrs_1/new/Board.xdc:73]
Resolution: If [get_<value>] was used to populate the object, check to make sure this command returns at least one valid object.
WARNING: [Vivado 12-584] No ports matched 'led[23]'. [C:/Users/gao/Desktop/Computer-Orgnization-ARM-/Project/3.regFile/regFile.srcs/constrs_1/new/Board.xdc:74]
CRITICAL WARNING: [Common 17-55] 'set_property' expects at least one object. [C:/Users/gao/Desktop/Computer-Orgnization-ARM-/Project/3.regFile/regFile.srcs/constrs_1/new/Board.xdc:74]
Resolution: If [get_<value>] was used to populate the object, check to make sure this command returns at least one valid object.
WARNING: [Vivado 12-584] No ports matched 'led[24]'. [C:/Users/gao/Desktop/Computer-Orgnization-ARM-/Project/3.regFile/regFile.srcs/constrs_1/new/Board.xdc:75]
CRITICAL WARNING: [Common 17-55] 'set_property' expects at least one object. [C:/Users/gao/Desktop/Computer-Orgnization-ARM-/Project/3.regFile/regFile.srcs/constrs_1/new/Board.xdc:75]
Resolution: If [get_<value>] was used to populate the object, check to make sure this command returns at least one valid object.
WARNING: [Vivado 12-584] No ports matched 'led[25]'. [C:/Users/gao/Desktop/Computer-Orgnization-ARM-/Project/3.regFile/regFile.srcs/constrs_1/new/Board.xdc:76]
CRITICAL WARNING: [Common 17-55] 'set_property' expects at least one object. [C:/Users/gao/Desktop/Computer-Orgnization-ARM-/Project/3.regFile/regFile.srcs/constrs_1/new/Board.xdc:76]
Resolution: If [get_<value>] was used to populate the object, check to make sure this command returns at least one valid object.
WARNING: [Vivado 12-584] No ports matched 'led[26]'. [C:/Users/gao/Desktop/Computer-Orgnization-ARM-/Project/3.regFile/regFile.srcs/constrs_1/new/Board.xdc:77]
CRITICAL WARNING: [Common 17-55] 'set_property' expects at least one object. [C:/Users/gao/Desktop/Computer-Orgnization-ARM-/Project/3.regFile/regFile.srcs/constrs_1/new/Board.xdc:77]
Resolution: If [get_<value>] was used to populate the object, check to make sure this command returns at least one valid object.
WARNING: [Vivado 12-584] No ports matched 'led[27]'. [C:/Users/gao/Desktop/Computer-Orgnization-ARM-/Project/3.regFile/regFile.srcs/constrs_1/new/Board.xdc:78]
CRITICAL WARNING: [Common 17-55] 'set_property' expects at least one object. [C:/Users/gao/Desktop/Computer-Orgnization-ARM-/Project/3.regFile/regFile.srcs/constrs_1/new/Board.xdc:78]
Resolution: If [get_<value>] was used to populate the object, check to make sure this command returns at least one valid object.
WARNING: [Vivado 12-584] No ports matched 'led[28]'. [C:/Users/gao/Desktop/Computer-Orgnization-ARM-/Project/3.regFile/regFile.srcs/constrs_1/new/Board.xdc:79]
CRITICAL WARNING: [Common 17-55] 'set_property' expects at least one object. [C:/Users/gao/Desktop/Computer-Orgnization-ARM-/Project/3.regFile/regFile.srcs/constrs_1/new/Board.xdc:79]
Resolution: If [get_<value>] was used to populate the object, check to make sure this command returns at least one valid object.
WARNING: [Vivado 12-584] No ports matched 'led[29]'. [C:/Users/gao/Desktop/Computer-Orgnization-ARM-/Project/3.regFile/regFile.srcs/constrs_1/new/Board.xdc:80]
CRITICAL WARNING: [Common 17-55] 'set_property' expects at least one object. [C:/Users/gao/Desktop/Computer-Orgnization-ARM-/Project/3.regFile/regFile.srcs/constrs_1/new/Board.xdc:80]
Resolution: If [get_<value>] was used to populate the object, check to make sure this command returns at least one valid object.
WARNING: [Vivado 12-584] No ports matched 'led[30]'. [C:/Users/gao/Desktop/Computer-Orgnization-ARM-/Project/3.regFile/regFile.srcs/constrs_1/new/Board.xdc:81]
CRITICAL WARNING: [Common 17-55] 'set_property' expects at least one object. [C:/Users/gao/Desktop/Computer-Orgnization-ARM-/Project/3.regFile/regFile.srcs/constrs_1/new/Board.xdc:81]
Resolution: If [get_<value>] was used to populate the object, check to make sure this command returns at least one valid object.
WARNING: [Vivado 12-584] No ports matched 'led[31]'. [C:/Users/gao/Desktop/Computer-Orgnization-ARM-/Project/3.regFile/regFile.srcs/constrs_1/new/Board.xdc:82]
CRITICAL WARNING: [Common 17-55] 'set_property' expects at least one object. [C:/Users/gao/Desktop/Computer-Orgnization-ARM-/Project/3.regFile/regFile.srcs/constrs_1/new/Board.xdc:82]
Resolution: If [get_<value>] was used to populate the object, check to make sure this command returns at least one valid object.
WARNING: [Vivado 12-584] No ports matched 'led[32]'. [C:/Users/gao/Desktop/Computer-Orgnization-ARM-/Project/3.regFile/regFile.srcs/constrs_1/new/Board.xdc:83]
CRITICAL WARNING: [Common 17-55] 'set_property' expects at least one object. [C:/Users/gao/Desktop/Computer-Orgnization-ARM-/Project/3.regFile/regFile.srcs/constrs_1/new/Board.xdc:83]
Resolution: If [get_<value>] was used to populate the object, check to make sure this command returns at least one valid object.
WARNING: [Vivado 12-584] No ports matched 'seg'. [C:/Users/gao/Desktop/Computer-Orgnization-ARM-/Project/3.regFile/regFile.srcs/constrs_1/new/Board.xdc:86]
CRITICAL WARNING: [Common 17-55] 'set_property' expects at least one object. [C:/Users/gao/Desktop/Computer-Orgnization-ARM-/Project/3.regFile/regFile.srcs/constrs_1/new/Board.xdc:86]
Resolution: If [get_<value>] was used to populate the object, check to make sure this command returns at least one valid object.
WARNING: [Vivado 12-584] No ports matched 'seg[7]'. [C:/Users/gao/Desktop/Computer-Orgnization-ARM-/Project/3.regFile/regFile.srcs/constrs_1/new/Board.xdc:87]
CRITICAL WARNING: [Common 17-55] 'set_property' expects at least one object. [C:/Users/gao/Desktop/Computer-Orgnization-ARM-/Project/3.regFile/regFile.srcs/constrs_1/new/Board.xdc:87]
Resolution: If [get_<value>] was used to populate the object, check to make sure this command returns at least one valid object.
WARNING: [Vivado 12-584] No ports matched 'seg[6]'. [C:/Users/gao/Desktop/Computer-Orgnization-ARM-/Project/3.regFile/regFile.srcs/constrs_1/new/Board.xdc:88]
CRITICAL WARNING: [Common 17-55] 'set_property' expects at least one object. [C:/Users/gao/Desktop/Computer-Orgnization-ARM-/Project/3.regFile/regFile.srcs/constrs_1/new/Board.xdc:88]
Resolution: If [get_<value>] was used to populate the object, check to make sure this command returns at least one valid object.
WARNING: [Vivado 12-584] No ports matched 'seg[5]'. [C:/Users/gao/Desktop/Computer-Orgnization-ARM-/Project/3.regFile/regFile.srcs/constrs_1/new/Board.xdc:89]
CRITICAL WARNING: [Common 17-55] 'set_property' expects at least one object. [C:/Users/gao/Desktop/Computer-Orgnization-ARM-/Project/3.regFile/regFile.srcs/constrs_1/new/Board.xdc:89]
Resolution: If [get_<value>] was used to populate the object, check to make sure this command returns at least one valid object.
WARNING: [Vivado 12-584] No ports matched 'seg[4]'. [C:/Users/gao/Desktop/Computer-Orgnization-ARM-/Project/3.regFile/regFile.srcs/constrs_1/new/Board.xdc:90]
CRITICAL WARNING: [Common 17-55] 'set_property' expects at least one object. [C:/Users/gao/Desktop/Computer-Orgnization-ARM-/Project/3.regFile/regFile.srcs/constrs_1/new/Board.xdc:90]
Resolution: If [get_<value>] was used to populate the object, check to make sure this command returns at least one valid object.
WARNING: [Vivado 12-584] No ports matched 'seg[3]'. [C:/Users/gao/Desktop/Computer-Orgnization-ARM-/Project/3.regFile/regFile.srcs/constrs_1/new/Board.xdc:91]
CRITICAL WARNING: [Common 17-55] 'set_property' expects at least one object. [C:/Users/gao/Desktop/Computer-Orgnization-ARM-/Project/3.regFile/regFile.srcs/constrs_1/new/Board.xdc:91]
Resolution: If [get_<value>] was used to populate the object, check to make sure this command returns at least one valid object.
WARNING: [Vivado 12-584] No ports matched 'seg[2]'. [C:/Users/gao/Desktop/Computer-Orgnization-ARM-/Project/3.regFile/regFile.srcs/constrs_1/new/Board.xdc:92]
CRITICAL WARNING: [Common 17-55] 'set_property' expects at least one object. [C:/Users/gao/Desktop/Computer-Orgnization-ARM-/Project/3.regFile/regFile.srcs/constrs_1/new/Board.xdc:92]
Resolution: If [get_<value>] was used to populate the object, check to make sure this command returns at least one valid object.
WARNING: [Vivado 12-584] No ports matched 'seg[1]'. [C:/Users/gao/Desktop/Computer-Orgnization-ARM-/Project/3.regFile/regFile.srcs/constrs_1/new/Board.xdc:93]
CRITICAL WARNING: [Common 17-55] 'set_property' expects at least one object. [C:/Users/gao/Desktop/Computer-Orgnization-ARM-/Project/3.regFile/regFile.srcs/constrs_1/new/Board.xdc:93]
Resolution: If [get_<value>] was used to populate the object, check to make sure this command returns at least one valid object.
WARNING: [Vivado 12-584] No ports matched 'seg[0]'. [C:/Users/gao/Desktop/Computer-Orgnization-ARM-/Project/3.regFile/regFile.srcs/constrs_1/new/Board.xdc:94]
CRITICAL WARNING: [Common 17-55] 'set_property' expects at least one object. [C:/Users/gao/Desktop/Computer-Orgnization-ARM-/Project/3.regFile/regFile.srcs/constrs_1/new/Board.xdc:94]
Resolution: If [get_<value>] was used to populate the object, check to make sure this command returns at least one valid object.
WARNING: [Vivado 12-584] No ports matched 'which'. [C:/Users/gao/Desktop/Computer-Orgnization-ARM-/Project/3.regFile/regFile.srcs/constrs_1/new/Board.xdc:95]
CRITICAL WARNING: [Common 17-55] 'set_property' expects at least one object. [C:/Users/gao/Desktop/Computer-Orgnization-ARM-/Project/3.regFile/regFile.srcs/constrs_1/new/Board.xdc:95]
Resolution: If [get_<value>] was used to populate the object, check to make sure this command returns at least one valid object.
WARNING: [Vivado 12-584] No ports matched 'which[0]'. [C:/Users/gao/Desktop/Computer-Orgnization-ARM-/Project/3.regFile/regFile.srcs/constrs_1/new/Board.xdc:96]
CRITICAL WARNING: [Common 17-55] 'set_property' expects at least one object. [C:/Users/gao/Desktop/Computer-Orgnization-ARM-/Project/3.regFile/regFile.srcs/constrs_1/new/Board.xdc:96]
Resolution: If [get_<value>] was used to populate the object, check to make sure this command returns at least one valid object.
WARNING: [Vivado 12-584] No ports matched 'which[1]'. [C:/Users/gao/Desktop/Computer-Orgnization-ARM-/Project/3.regFile/regFile.srcs/constrs_1/new/Board.xdc:97]
CRITICAL WARNING: [Common 17-55] 'set_property' expects at least one object. [C:/Users/gao/Desktop/Computer-Orgnization-ARM-/Project/3.regFile/regFile.srcs/constrs_1/new/Board.xdc:97]
Resolution: If [get_<value>] was used to populate the object, check to make sure this command returns at least one valid object.
WARNING: [Vivado 12-584] No ports matched 'which[2]'. [C:/Users/gao/Desktop/Computer-Orgnization-ARM-/Project/3.regFile/regFile.srcs/constrs_1/new/Board.xdc:98]
CRITICAL WARNING: [Common 17-55] 'set_property' expects at least one object. [C:/Users/gao/Desktop/Computer-Orgnization-ARM-/Project/3.regFile/regFile.srcs/constrs_1/new/Board.xdc:98]
Resolution: If [get_<value>] was used to populate the object, check to make sure this command returns at least one valid object.
WARNING: [Vivado 12-584] No ports matched 'enable'. [C:/Users/gao/Desktop/Computer-Orgnization-ARM-/Project/3.regFile/regFile.srcs/constrs_1/new/Board.xdc:99]
CRITICAL WARNING: [Common 17-55] 'set_property' expects at least one object. [C:/Users/gao/Desktop/Computer-Orgnization-ARM-/Project/3.regFile/regFile.srcs/constrs_1/new/Board.xdc:99]
Resolution: If [get_<value>] was used to populate the object, check to make sure this command returns at least one valid object.
WARNING: [Vivado 12-507] No nets matched 'clk_IBUF'. [C:/Users/gao/Desktop/Computer-Orgnization-ARM-/Project/3.regFile/regFile.srcs/constrs_1/new/Board.xdc:106]
CRITICAL WARNING: [Common 17-55] 'set_property' expects at least one object. [C:/Users/gao/Desktop/Computer-Orgnization-ARM-/Project/3.regFile/regFile.srcs/constrs_1/new/Board.xdc:106]
Resolution: If [get_<value>] was used to populate the object, check to make sure this command returns at least one valid object.
WARNING: [Vivado 12-507] No nets matched 'swb_IBUF[1]'. [C:/Users/gao/Desktop/Computer-Orgnization-ARM-/Project/3.regFile/regFile.srcs/constrs_1/new/Board.xdc:107]
CRITICAL WARNING: [Common 17-55] 'set_property' expects at least one object. [C:/Users/gao/Desktop/Computer-Orgnization-ARM-/Project/3.regFile/regFile.srcs/constrs_1/new/Board.xdc:107]
Resolution: If [get_<value>] was used to populate the object, check to make sure this command returns at least one valid object.
WARNING: [Vivado 12-507] No nets matched 'swb_IBUF[2]'. [C:/Users/gao/Desktop/Computer-Orgnization-ARM-/Project/3.regFile/regFile.srcs/constrs_1/new/Board.xdc:108]
CRITICAL WARNING: [Common 17-55] 'set_property' expects at least one object. [C:/Users/gao/Desktop/Computer-Orgnization-ARM-/Project/3.regFile/regFile.srcs/constrs_1/new/Board.xdc:108]
Resolution: If [get_<value>] was used to populate the object, check to make sure this command returns at least one valid object.
WARNING: [Vivado 12-507] No nets matched 'swb_IBUF[3]'. [C:/Users/gao/Desktop/Computer-Orgnization-ARM-/Project/3.regFile/regFile.srcs/constrs_1/new/Board.xdc:109]
CRITICAL WARNING: [Common 17-55] 'set_property' expects at least one object. [C:/Users/gao/Desktop/Computer-Orgnization-ARM-/Project/3.regFile/regFile.srcs/constrs_1/new/Board.xdc:109]
Resolution: If [get_<value>] was used to populate the object, check to make sure this command returns at least one valid object.
WARNING: [Vivado 12-507] No nets matched 'swb_IBUF[4]'. [C:/Users/gao/Desktop/Computer-Orgnization-ARM-/Project/3.regFile/regFile.srcs/constrs_1/new/Board.xdc:110]
CRITICAL WARNING: [Common 17-55] 'set_property' expects at least one object. [C:/Users/gao/Desktop/Computer-Orgnization-ARM-/Project/3.regFile/regFile.srcs/constrs_1/new/Board.xdc:110]
Resolution: If [get_<value>] was used to populate the object, check to make sure this command returns at least one valid object.
WARNING: [Vivado 12-507] No nets matched 'swb_IBUF[5]'. [C:/Users/gao/Desktop/Computer-Orgnization-ARM-/Project/3.regFile/regFile.srcs/constrs_1/new/Board.xdc:111]
CRITICAL WARNING: [Common 17-55] 'set_property' expects at least one object. [C:/Users/gao/Desktop/Computer-Orgnization-ARM-/Project/3.regFile/regFile.srcs/constrs_1/new/Board.xdc:111]
Resolution: If [get_<value>] was used to populate the object, check to make sure this command returns at least one valid object.
WARNING: [Vivado 12-507] No nets matched 'swb_IBUF[6]'. [C:/Users/gao/Desktop/Computer-Orgnization-ARM-/Project/3.regFile/regFile.srcs/constrs_1/new/Board.xdc:112]
CRITICAL WARNING: [Common 17-55] 'set_property' expects at least one object. [C:/Users/gao/Desktop/Computer-Orgnization-ARM-/Project/3.regFile/regFile.srcs/constrs_1/new/Board.xdc:112]
Resolution: If [get_<value>] was used to populate the object, check to make sure this command returns at least one valid object.
Finished Parsing XDC File [C:/Users/gao/Desktop/Computer-Orgnization-ARM-/Project/3.regFile/regFile.srcs/constrs_1/new/Board.xdc]
INFO: [Project 1-236] Implementation specific constraints were found while reading constraint file [C:/Users/gao/Desktop/Computer-Orgnization-ARM-/Project/3.regFile/regFile.srcs/constrs_1/new/Board.xdc]. These constraints will be ignored for synthesis but will be used in implementation. Impacted constraints are listed in the file [.Xil/regFile_propImpl.xdc].
Resolution: To avoid this warning, move constraints listed in [.Xil/regFile_propImpl.xdc] to another XDC file and exclude this new file from synthesis with the used_in_synthesis property (File Properties dialog in GUI) and re-run elaboration/synthesis.
Completed Processing XDC Constraints

Netlist sorting complete. Time (s): cpu = 00:00:00 ; elapsed = 00:00:00.001 . Memory (MB): peak = 1286.902 ; gain = 0.000
INFO: [Project 1-111] Unisim Transformation Summary:
No Unisim elements were transformed.

Constraint Validation Runtime : Time (s): cpu = 00:00:00 ; elapsed = 00:00:00.017 . Memory (MB): peak = 1286.902 ; gain = 0.000
---------------------------------------------------------------------------------
Finished Constraint Validation : Time (s): cpu = 00:00:39 ; elapsed = 00:00:40 . Memory (MB): peak = 1286.902 ; gain = 197.945
---------------------------------------------------------------------------------
---------------------------------------------------------------------------------
Start Loading Part and Timing Information
---------------------------------------------------------------------------------
Loading part: xc7a100tfgg484-2L
---------------------------------------------------------------------------------
Finished Loading Part and Timing Information : Time (s): cpu = 00:00:39 ; elapsed = 00:00:40 . Memory (MB): peak = 1286.902 ; gain = 197.945
---------------------------------------------------------------------------------
---------------------------------------------------------------------------------
Start Applying 'set_property' XDC Constraints
---------------------------------------------------------------------------------
---------------------------------------------------------------------------------
Finished applying 'set_property' XDC Constraints : Time (s): cpu = 00:00:40 ; elapsed = 00:00:40 . Memory (MB): peak = 1286.902 ; gain = 197.945
---------------------------------------------------------------------------------
WARNING: [Synth 8-327] inferring latch for variable 'R_Data_A_reg' [C:/Users/gao/Desktop/Computer-Orgnization-ARM-/Project/3.regFile/regFile.srcs/sources_1/new/regFile.v:148]
WARNING: [Synth 8-327] inferring latch for variable 'R_Data_B_reg' [C:/Users/gao/Desktop/Computer-Orgnization-ARM-/Project/3.regFile/regFile.srcs/sources_1/new/regFile.v:152]
WARNING: [Synth 8-327] inferring latch for variable 'R_Data_C_reg' [C:/Users/gao/Desktop/Computer-Orgnization-ARM-/Project/3.regFile/regFile.srcs/sources_1/new/regFile.v:156]
WARNING: [Synth 8-327] inferring latch for variable 'R_Data_PC_reg' [C:/Users/gao/Desktop/Computer-Orgnization-ARM-/Project/3.regFile/regFile.srcs/sources_1/new/regFile.v:386]
---------------------------------------------------------------------------------
Finished RTL Optimization Phase 2 : Time (s): cpu = 00:00:41 ; elapsed = 00:00:42 . Memory (MB): peak = 1286.902 ; gain = 197.945
---------------------------------------------------------------------------------
---------------------------------------------------------------------------------
Start RTL Component Statistics 
---------------------------------------------------------------------------------
Detailed RTL Component Info : 
+---Registers : 
	               32 Bit    Registers := 34    
+---Muxes : 
	   2 Input   32 Bit        Muxes := 36    
	   2 Input    1 Bit        Muxes := 59    
	  10 Input    1 Bit        Muxes := 33    
	   4 Input    1 Bit        Muxes := 3     
	   3 Input    1 Bit        Muxes := 3     
---------------------------------------------------------------------------------
Finished RTL Component Statistics 
---------------------------------------------------------------------------------
---------------------------------------------------------------------------------
Start Part Resource Summary
---------------------------------------------------------------------------------
Part Resources:
DSPs: 240 (col length:80)
BRAMs: 270 (col length: RAMB18 80 RAMB36 40)
---------------------------------------------------------------------------------
Finished Part Resource Summary
---------------------------------------------------------------------------------
---------------------------------------------------------------------------------
Start Cross Boundary and Area Optimization
---------------------------------------------------------------------------------
---------------------------------------------------------------------------------
Finished Cross Boundary and Area Optimization : Time (s): cpu = 00:00:56 ; elapsed = 00:00:58 . Memory (MB): peak = 1296.676 ; gain = 207.719
---------------------------------------------------------------------------------
---------------------------------------------------------------------------------
Start Applying XDC Timing Constraints
---------------------------------------------------------------------------------
---------------------------------------------------------------------------------
Finished Applying XDC Timing Constraints : Time (s): cpu = 00:01:08 ; elapsed = 00:01:10 . Memory (MB): peak = 1296.676 ; gain = 207.719
---------------------------------------------------------------------------------
---------------------------------------------------------------------------------
Start Timing Optimization
---------------------------------------------------------------------------------
---------------------------------------------------------------------------------
Finished Timing Optimization : Time (s): cpu = 00:01:09 ; elapsed = 00:01:10 . Memory (MB): peak = 1296.676 ; gain = 207.719
---------------------------------------------------------------------------------
---------------------------------------------------------------------------------
Start Technology Mapping
---------------------------------------------------------------------------------
---------------------------------------------------------------------------------
Finished Technology Mapping : Time (s): cpu = 00:01:10 ; elapsed = 00:01:12 . Memory (MB): peak = 1311.883 ; gain = 222.926
---------------------------------------------------------------------------------
---------------------------------------------------------------------------------
Start IO Insertion
---------------------------------------------------------------------------------
---------------------------------------------------------------------------------
Start Flattening Before IO Insertion
---------------------------------------------------------------------------------
---------------------------------------------------------------------------------
Finished Flattening Before IO Insertion
---------------------------------------------------------------------------------
---------------------------------------------------------------------------------
Start Final Netlist Cleanup
---------------------------------------------------------------------------------
---------------------------------------------------------------------------------
Finished Final Netlist Cleanup
---------------------------------------------------------------------------------
---------------------------------------------------------------------------------
Finished IO Insertion : Time (s): cpu = 00:01:17 ; elapsed = 00:01:19 . Memory (MB): peak = 1326.730 ; gain = 237.773
---------------------------------------------------------------------------------
---------------------------------------------------------------------------------
Start Renaming Generated Instances
---------------------------------------------------------------------------------
---------------------------------------------------------------------------------
Finished Renaming Generated Instances : Time (s): cpu = 00:01:17 ; elapsed = 00:01:19 . Memory (MB): peak = 1326.730 ; gain = 237.773
---------------------------------------------------------------------------------
---------------------------------------------------------------------------------
Start Rebuilding User Hierarchy
---------------------------------------------------------------------------------
---------------------------------------------------------------------------------
Finished Rebuilding User Hierarchy : Time (s): cpu = 00:01:17 ; elapsed = 00:01:19 . Memory (MB): peak = 1326.730 ; gain = 237.773
---------------------------------------------------------------------------------
---------------------------------------------------------------------------------
Start Renaming Generated Ports
---------------------------------------------------------------------------------
---------------------------------------------------------------------------------
Finished Renaming Generated Ports : Time (s): cpu = 00:01:17 ; elapsed = 00:01:19 . Memory (MB): peak = 1326.730 ; gain = 237.773
---------------------------------------------------------------------------------
---------------------------------------------------------------------------------
Start Handling Custom Attributes
---------------------------------------------------------------------------------
---------------------------------------------------------------------------------
Finished Handling Custom Attributes : Time (s): cpu = 00:01:17 ; elapsed = 00:01:19 . Memory (MB): peak = 1326.730 ; gain = 237.773
---------------------------------------------------------------------------------
---------------------------------------------------------------------------------
Start Renaming Generated Nets
---------------------------------------------------------------------------------
---------------------------------------------------------------------------------
Finished Renaming Generated Nets : Time (s): cpu = 00:01:17 ; elapsed = 00:01:19 . Memory (MB): peak = 1326.730 ; gain = 237.773
---------------------------------------------------------------------------------
---------------------------------------------------------------------------------
Start Writing Synthesis Report
---------------------------------------------------------------------------------

Report BlackBoxes: 
+-+--------------+----------+
| |BlackBox name |Instances |
+-+--------------+----------+
+-+--------------+----------+

Report Cell Usage: 
+------+------+------+
|      |Cell  |Count |
+------+------+------+
|1     |BUFG  |     5|
|2     |LUT1  |     1|
|3     |LUT2  |    23|
|4     |LUT3  |    41|
|5     |LUT4  |   340|
|6     |LUT5  |   321|
|7     |LUT6  |  1008|
|8     |MUXF7 |    39|
|9     |FDRE  |  1088|
|10    |LD    |   128|
|11    |IBUF  |    89|
|12    |OBUF  |   128|
+------+------+------+
---------------------------------------------------------------------------------
Finished Writing Synthesis Report : Time (s): cpu = 00:01:18 ; elapsed = 00:01:19 . Memory (MB): peak = 1326.730 ; gain = 237.773
---------------------------------------------------------------------------------
Synthesis finished with 0 errors, 0 critical warnings and 4 warnings.
Synthesis Optimization Runtime : Time (s): cpu = 00:01:01 ; elapsed = 00:01:15 . Memory (MB): peak = 1326.730 ; gain = 125.008
Synthesis Optimization Complete : Time (s): cpu = 00:01:18 ; elapsed = 00:01:20 . Memory (MB): peak = 1326.730 ; gain = 237.773
INFO: [Project 1-571] Translating synthesized netlist
Netlist sorting complete. Time (s): cpu = 00:00:00 ; elapsed = 00:00:00.069 . Memory (MB): peak = 1338.887 ; gain = 0.000
INFO: [Netlist 29-17] Analyzing 167 Unisim elements for replacement
INFO: [Netlist 29-28] Unisim Transformation completed in 0 CPU seconds
WARNING: [Netlist 29-101] Netlist 'regFile' is not ideal for floorplanning, since the cellview 'regFile' contains a large number of primitives.  Please consider enabling hierarchy in synthesis if you want to do floorplanning.
INFO: [Project 1-570] Preparing netlist for logic optimization
INFO: [Opt 31-138] Pushed 0 inverter(s) to 0 load pin(s).
Netlist sorting complete. Time (s): cpu = 00:00:00 ; elapsed = 00:00:00.001 . Memory (MB): peak = 1338.887 ; gain = 0.000
INFO: [Project 1-111] Unisim Transformation Summary:
  A total of 128 instances were transformed.
  LD => LDCE: 128 instances

INFO: [Common 17-83] Releasing license: Synthesis
19 Infos, 101 Warnings, 96 Critical Warnings and 0 Errors encountered.
synth_design completed successfully
synth_design: Time (s): cpu = 00:01:30 ; elapsed = 00:01:35 . Memory (MB): peak = 1338.887 ; gain = 249.930
INFO: [runtcl-6] Synthesis results are not added to the cache due to CRITICAL_WARNING
INFO: [Common 17-1381] The checkpoint 'C:/Users/gao/Desktop/Computer-Orgnization-ARM-/Project/3.regFile/regFile.runs/synth_1/regFile.dcp' has been generated.
INFO: [runtcl-4] Executing : report_utilization -file regFile_utilization_synth.rpt -pb regFile_utilization_synth.pb
INFO: [Common 17-206] Exiting Vivado at Mon Apr 26 12:39:59 2021...
