#-----------------------------------------------------------
# Vivado v2020.2 (64-bit)
# SW Build 3064766 on Wed Nov 18 09:12:45 MST 2020
# IP Build 3064653 on Wed Nov 18 14:17:31 MST 2020
# Start of session at: Tue Apr 13 22:00:48 2021
# Process ID: 14124
# Current directory: C:/Users/GAO/Desktop/Computer-Orgnization/Project/1.barrelShifter
# Command line: vivado.exe -gui_launcher_event rodinguilauncherevent19220 C:\Users\GAO\Desktop\Computer-Orgnization\Project\1.barrelShifter\barrelShifter.xpr
# Log file: C:/Users/GAO/Desktop/Computer-Orgnization/Project/1.barrelShifter/vivado.log
# Journal file: C:/Users/GAO/Desktop/Computer-Orgnization/Project/1.barrelShifter\vivado.jou
#-----------------------------------------------------------
start_gui
open_project C:/Users/GAO/Desktop/Computer-Orgnization/Project/1.barrelShifter/barrelShifter.xpr
INFO: [Project 1-313] Project file moved from 'C:/Users/GAO/Desktop/Computer-Orgnization/Project/barrelShifter' since last save.
WARNING: [filemgmt 56-2] Default IP Output Path : Could not find the directory 'C:/Users/GAO/Desktop/Computer-Orgnization/Project/1.barrelShifter/barrelShifter.gen/sources_1', nor could it be found using path 'C:/Users/GAO/Desktop/Computer-Orgnization/Project/barrelShifter/barrelShifter.gen/sources_1'.
Scanning sources...
Finished scanning sources
INFO: [IP_Flow 19-234] Refreshing IP repositories
INFO: [IP_Flow 19-1704] No user IP repositories specified
INFO: [IP_Flow 19-2313] Loaded Vivado IP repository 'D:/Xilinx/Vivado/2020.2/data/ip'.
open_project: Time (s): cpu = 00:00:12 ; elapsed = 00:00:05 . Memory (MB): peak = 1112.668 ; gain = 0.000
update_compile_order -fileset sources_1
exit
INFO: [Common 17-206] Exiting Vivado at Tue Apr 13 22:09:18 2021...
