
*** Running vivado
    with args -log regFile.vdi -applog -m64 -product Vivado -messageDb vivado.pb -mode batch -source regFile.tcl -notrace



****** Vivado v2020.2 (64-bit)
  **** SW Build 3064766 on Wed Nov 18 09:12:45 MST 2020
  **** IP Build 3064653 on Wed Nov 18 14:17:31 MST 2020
    ** Copyright 1986-2020 Xilinx, Inc. All Rights Reserved.

source regFile.tcl -notrace
Command: link_design -top regFile -part xc7a100tfgg484-2L
Design is defaulting to srcset: sources_1
Design is defaulting to constrset: constrs_1
INFO: [Device 21-403] Loading part xc7a100tfgg484-2L
Netlist sorting complete. Time (s): cpu = 00:00:00 ; elapsed = 00:00:00.013 . Memory (MB): peak = 1109.562 ; gain = 0.000
INFO: [Netlist 29-17] Analyzing 47 Unisim elements for replacement
INFO: [Netlist 29-28] Unisim Transformation completed in 0 CPU seconds
WARNING: [Netlist 29-101] Netlist 'regFile' is not ideal for floorplanning, since the cellview 'regFile' contains a large number of primitives.  Please consider enabling hierarchy in synthesis if you want to do floorplanning.
INFO: [Project 1-479] Netlist was created with Vivado 2020.2
INFO: [Project 1-570] Preparing netlist for logic optimization
Parsing XDC File [C:/Users/GAO/Desktop/Computer-Orgnization-ARM-/Project/3.regFile/regFile.srcs/constrs_1/new/Board.xdc]
WARNING: [Vivado 12-584] No ports matched 'sw'. [C:/Users/GAO/Desktop/Computer-Orgnization-ARM-/Project/3.regFile/regFile.srcs/constrs_1/new/Board.xdc:5]
CRITICAL WARNING: [Common 17-55] 'set_property' expects at least one object. [C:/Users/GAO/Desktop/Computer-Orgnization-ARM-/Project/3.regFile/regFile.srcs/constrs_1/new/Board.xdc:5]
Resolution: If [get_<value>] was used to populate the object, check to make sure this command returns at least one valid object.
WARNING: [Vivado 12-584] No ports matched 'sw'. [C:/Users/GAO/Desktop/Computer-Orgnization-ARM-/Project/3.regFile/regFile.srcs/constrs_1/new/Board.xdc:6]
CRITICAL WARNING: [Common 17-55] 'set_property' expects at least one object. [C:/Users/GAO/Desktop/Computer-Orgnization-ARM-/Project/3.regFile/regFile.srcs/constrs_1/new/Board.xdc:6]
Resolution: If [get_<value>] was used to populate the object, check to make sure this command returns at least one valid object.
WARNING: [Vivado 12-584] No ports matched 'sw[1]'. [C:/Users/GAO/Desktop/Computer-Orgnization-ARM-/Project/3.regFile/regFile.srcs/constrs_1/new/Board.xdc:7]
CRITICAL WARNING: [Common 17-55] 'set_property' expects at least one object. [C:/Users/GAO/Desktop/Computer-Orgnization-ARM-/Project/3.regFile/regFile.srcs/constrs_1/new/Board.xdc:7]
Resolution: If [get_<value>] was used to populate the object, check to make sure this command returns at least one valid object.
WARNING: [Vivado 12-584] No ports matched 'sw[2]'. [C:/Users/GAO/Desktop/Computer-Orgnization-ARM-/Project/3.regFile/regFile.srcs/constrs_1/new/Board.xdc:8]
CRITICAL WARNING: [Common 17-55] 'set_property' expects at least one object. [C:/Users/GAO/Desktop/Computer-Orgnization-ARM-/Project/3.regFile/regFile.srcs/constrs_1/new/Board.xdc:8]
Resolution: If [get_<value>] was used to populate the object, check to make sure this command returns at least one valid object.
WARNING: [Vivado 12-584] No ports matched 'sw[3]'. [C:/Users/GAO/Desktop/Computer-Orgnization-ARM-/Project/3.regFile/regFile.srcs/constrs_1/new/Board.xdc:9]
CRITICAL WARNING: [Common 17-55] 'set_property' expects at least one object. [C:/Users/GAO/Desktop/Computer-Orgnization-ARM-/Project/3.regFile/regFile.srcs/constrs_1/new/Board.xdc:9]
Resolution: If [get_<value>] was used to populate the object, check to make sure this command returns at least one valid object.
WARNING: [Vivado 12-584] No ports matched 'sw[4]'. [C:/Users/GAO/Desktop/Computer-Orgnization-ARM-/Project/3.regFile/regFile.srcs/constrs_1/new/Board.xdc:10]
CRITICAL WARNING: [Common 17-55] 'set_property' expects at least one object. [C:/Users/GAO/Desktop/Computer-Orgnization-ARM-/Project/3.regFile/regFile.srcs/constrs_1/new/Board.xdc:10]
Resolution: If [get_<value>] was used to populate the object, check to make sure this command returns at least one valid object.
WARNING: [Vivado 12-584] No ports matched 'sw[5]'. [C:/Users/GAO/Desktop/Computer-Orgnization-ARM-/Project/3.regFile/regFile.srcs/constrs_1/new/Board.xdc:11]
CRITICAL WARNING: [Common 17-55] 'set_property' expects at least one object. [C:/Users/GAO/Desktop/Computer-Orgnization-ARM-/Project/3.regFile/regFile.srcs/constrs_1/new/Board.xdc:11]
Resolution: If [get_<value>] was used to populate the object, check to make sure this command returns at least one valid object.
WARNING: [Vivado 12-584] No ports matched 'sw[6]'. [C:/Users/GAO/Desktop/Computer-Orgnization-ARM-/Project/3.regFile/regFile.srcs/constrs_1/new/Board.xdc:12]
CRITICAL WARNING: [Common 17-55] 'set_property' expects at least one object. [C:/Users/GAO/Desktop/Computer-Orgnization-ARM-/Project/3.regFile/regFile.srcs/constrs_1/new/Board.xdc:12]
Resolution: If [get_<value>] was used to populate the object, check to make sure this command returns at least one valid object.
WARNING: [Vivado 12-584] No ports matched 'sw[7]'. [C:/Users/GAO/Desktop/Computer-Orgnization-ARM-/Project/3.regFile/regFile.srcs/constrs_1/new/Board.xdc:13]
CRITICAL WARNING: [Common 17-55] 'set_property' expects at least one object. [C:/Users/GAO/Desktop/Computer-Orgnization-ARM-/Project/3.regFile/regFile.srcs/constrs_1/new/Board.xdc:13]
Resolution: If [get_<value>] was used to populate the object, check to make sure this command returns at least one valid object.
WARNING: [Vivado 12-584] No ports matched 'sw[8]'. [C:/Users/GAO/Desktop/Computer-Orgnization-ARM-/Project/3.regFile/regFile.srcs/constrs_1/new/Board.xdc:14]
CRITICAL WARNING: [Common 17-55] 'set_property' expects at least one object. [C:/Users/GAO/Desktop/Computer-Orgnization-ARM-/Project/3.regFile/regFile.srcs/constrs_1/new/Board.xdc:14]
Resolution: If [get_<value>] was used to populate the object, check to make sure this command returns at least one valid object.
WARNING: [Vivado 12-584] No ports matched 'sw[9]'. [C:/Users/GAO/Desktop/Computer-Orgnization-ARM-/Project/3.regFile/regFile.srcs/constrs_1/new/Board.xdc:15]
CRITICAL WARNING: [Common 17-55] 'set_property' expects at least one object. [C:/Users/GAO/Desktop/Computer-Orgnization-ARM-/Project/3.regFile/regFile.srcs/constrs_1/new/Board.xdc:15]
Resolution: If [get_<value>] was used to populate the object, check to make sure this command returns at least one valid object.
WARNING: [Vivado 12-584] No ports matched 'sw[10]'. [C:/Users/GAO/Desktop/Computer-Orgnization-ARM-/Project/3.regFile/regFile.srcs/constrs_1/new/Board.xdc:16]
CRITICAL WARNING: [Common 17-55] 'set_property' expects at least one object. [C:/Users/GAO/Desktop/Computer-Orgnization-ARM-/Project/3.regFile/regFile.srcs/constrs_1/new/Board.xdc:16]
Resolution: If [get_<value>] was used to populate the object, check to make sure this command returns at least one valid object.
WARNING: [Vivado 12-584] No ports matched 'sw[11]'. [C:/Users/GAO/Desktop/Computer-Orgnization-ARM-/Project/3.regFile/regFile.srcs/constrs_1/new/Board.xdc:17]
CRITICAL WARNING: [Common 17-55] 'set_property' expects at least one object. [C:/Users/GAO/Desktop/Computer-Orgnization-ARM-/Project/3.regFile/regFile.srcs/constrs_1/new/Board.xdc:17]
Resolution: If [get_<value>] was used to populate the object, check to make sure this command returns at least one valid object.
WARNING: [Vivado 12-584] No ports matched 'sw[12]'. [C:/Users/GAO/Desktop/Computer-Orgnization-ARM-/Project/3.regFile/regFile.srcs/constrs_1/new/Board.xdc:18]
CRITICAL WARNING: [Common 17-55] 'set_property' expects at least one object. [C:/Users/GAO/Desktop/Computer-Orgnization-ARM-/Project/3.regFile/regFile.srcs/constrs_1/new/Board.xdc:18]
Resolution: If [get_<value>] was used to populate the object, check to make sure this command returns at least one valid object.
WARNING: [Vivado 12-584] No ports matched 'sw[13]'. [C:/Users/GAO/Desktop/Computer-Orgnization-ARM-/Project/3.regFile/regFile.srcs/constrs_1/new/Board.xdc:19]
CRITICAL WARNING: [Common 17-55] 'set_property' expects at least one object. [C:/Users/GAO/Desktop/Computer-Orgnization-ARM-/Project/3.regFile/regFile.srcs/constrs_1/new/Board.xdc:19]
Resolution: If [get_<value>] was used to populate the object, check to make sure this command returns at least one valid object.
WARNING: [Vivado 12-584] No ports matched 'sw[14]'. [C:/Users/GAO/Desktop/Computer-Orgnization-ARM-/Project/3.regFile/regFile.srcs/constrs_1/new/Board.xdc:20]
CRITICAL WARNING: [Common 17-55] 'set_property' expects at least one object. [C:/Users/GAO/Desktop/Computer-Orgnization-ARM-/Project/3.regFile/regFile.srcs/constrs_1/new/Board.xdc:20]
Resolution: If [get_<value>] was used to populate the object, check to make sure this command returns at least one valid object.
WARNING: [Vivado 12-584] No ports matched 'sw[15]'. [C:/Users/GAO/Desktop/Computer-Orgnization-ARM-/Project/3.regFile/regFile.srcs/constrs_1/new/Board.xdc:21]
CRITICAL WARNING: [Common 17-55] 'set_property' expects at least one object. [C:/Users/GAO/Desktop/Computer-Orgnization-ARM-/Project/3.regFile/regFile.srcs/constrs_1/new/Board.xdc:21]
Resolution: If [get_<value>] was used to populate the object, check to make sure this command returns at least one valid object.
WARNING: [Vivado 12-584] No ports matched 'sw[16]'. [C:/Users/GAO/Desktop/Computer-Orgnization-ARM-/Project/3.regFile/regFile.srcs/constrs_1/new/Board.xdc:22]
CRITICAL WARNING: [Common 17-55] 'set_property' expects at least one object. [C:/Users/GAO/Desktop/Computer-Orgnization-ARM-/Project/3.regFile/regFile.srcs/constrs_1/new/Board.xdc:22]
Resolution: If [get_<value>] was used to populate the object, check to make sure this command returns at least one valid object.
WARNING: [Vivado 12-584] No ports matched 'sw[17]'. [C:/Users/GAO/Desktop/Computer-Orgnization-ARM-/Project/3.regFile/regFile.srcs/constrs_1/new/Board.xdc:23]
CRITICAL WARNING: [Common 17-55] 'set_property' expects at least one object. [C:/Users/GAO/Desktop/Computer-Orgnization-ARM-/Project/3.regFile/regFile.srcs/constrs_1/new/Board.xdc:23]
Resolution: If [get_<value>] was used to populate the object, check to make sure this command returns at least one valid object.
WARNING: [Vivado 12-584] No ports matched 'sw[18]'. [C:/Users/GAO/Desktop/Computer-Orgnization-ARM-/Project/3.regFile/regFile.srcs/constrs_1/new/Board.xdc:24]
CRITICAL WARNING: [Common 17-55] 'set_property' expects at least one object. [C:/Users/GAO/Desktop/Computer-Orgnization-ARM-/Project/3.regFile/regFile.srcs/constrs_1/new/Board.xdc:24]
Resolution: If [get_<value>] was used to populate the object, check to make sure this command returns at least one valid object.
WARNING: [Vivado 12-584] No ports matched 'sw[19]'. [C:/Users/GAO/Desktop/Computer-Orgnization-ARM-/Project/3.regFile/regFile.srcs/constrs_1/new/Board.xdc:25]
CRITICAL WARNING: [Common 17-55] 'set_property' expects at least one object. [C:/Users/GAO/Desktop/Computer-Orgnization-ARM-/Project/3.regFile/regFile.srcs/constrs_1/new/Board.xdc:25]
Resolution: If [get_<value>] was used to populate the object, check to make sure this command returns at least one valid object.
WARNING: [Vivado 12-584] No ports matched 'sw[20]'. [C:/Users/GAO/Desktop/Computer-Orgnization-ARM-/Project/3.regFile/regFile.srcs/constrs_1/new/Board.xdc:26]
CRITICAL WARNING: [Common 17-55] 'set_property' expects at least one object. [C:/Users/GAO/Desktop/Computer-Orgnization-ARM-/Project/3.regFile/regFile.srcs/constrs_1/new/Board.xdc:26]
Resolution: If [get_<value>] was used to populate the object, check to make sure this command returns at least one valid object.
WARNING: [Vivado 12-584] No ports matched 'sw[21]'. [C:/Users/GAO/Desktop/Computer-Orgnization-ARM-/Project/3.regFile/regFile.srcs/constrs_1/new/Board.xdc:27]
CRITICAL WARNING: [Common 17-55] 'set_property' expects at least one object. [C:/Users/GAO/Desktop/Computer-Orgnization-ARM-/Project/3.regFile/regFile.srcs/constrs_1/new/Board.xdc:27]
Resolution: If [get_<value>] was used to populate the object, check to make sure this command returns at least one valid object.
WARNING: [Vivado 12-584] No ports matched 'sw[22]'. [C:/Users/GAO/Desktop/Computer-Orgnization-ARM-/Project/3.regFile/regFile.srcs/constrs_1/new/Board.xdc:28]
CRITICAL WARNING: [Common 17-55] 'set_property' expects at least one object. [C:/Users/GAO/Desktop/Computer-Orgnization-ARM-/Project/3.regFile/regFile.srcs/constrs_1/new/Board.xdc:28]
Resolution: If [get_<value>] was used to populate the object, check to make sure this command returns at least one valid object.
WARNING: [Vivado 12-584] No ports matched 'sw[23]'. [C:/Users/GAO/Desktop/Computer-Orgnization-ARM-/Project/3.regFile/regFile.srcs/constrs_1/new/Board.xdc:29]
CRITICAL WARNING: [Common 17-55] 'set_property' expects at least one object. [C:/Users/GAO/Desktop/Computer-Orgnization-ARM-/Project/3.regFile/regFile.srcs/constrs_1/new/Board.xdc:29]
Resolution: If [get_<value>] was used to populate the object, check to make sure this command returns at least one valid object.
WARNING: [Vivado 12-584] No ports matched 'sw[24]'. [C:/Users/GAO/Desktop/Computer-Orgnization-ARM-/Project/3.regFile/regFile.srcs/constrs_1/new/Board.xdc:30]
CRITICAL WARNING: [Common 17-55] 'set_property' expects at least one object. [C:/Users/GAO/Desktop/Computer-Orgnization-ARM-/Project/3.regFile/regFile.srcs/constrs_1/new/Board.xdc:30]
Resolution: If [get_<value>] was used to populate the object, check to make sure this command returns at least one valid object.
WARNING: [Vivado 12-584] No ports matched 'sw[25]'. [C:/Users/GAO/Desktop/Computer-Orgnization-ARM-/Project/3.regFile/regFile.srcs/constrs_1/new/Board.xdc:31]
CRITICAL WARNING: [Common 17-55] 'set_property' expects at least one object. [C:/Users/GAO/Desktop/Computer-Orgnization-ARM-/Project/3.regFile/regFile.srcs/constrs_1/new/Board.xdc:31]
Resolution: If [get_<value>] was used to populate the object, check to make sure this command returns at least one valid object.
WARNING: [Vivado 12-584] No ports matched 'sw[26]'. [C:/Users/GAO/Desktop/Computer-Orgnization-ARM-/Project/3.regFile/regFile.srcs/constrs_1/new/Board.xdc:32]
CRITICAL WARNING: [Common 17-55] 'set_property' expects at least one object. [C:/Users/GAO/Desktop/Computer-Orgnization-ARM-/Project/3.regFile/regFile.srcs/constrs_1/new/Board.xdc:32]
Resolution: If [get_<value>] was used to populate the object, check to make sure this command returns at least one valid object.
WARNING: [Vivado 12-584] No ports matched 'sw[27]'. [C:/Users/GAO/Desktop/Computer-Orgnization-ARM-/Project/3.regFile/regFile.srcs/constrs_1/new/Board.xdc:33]
CRITICAL WARNING: [Common 17-55] 'set_property' expects at least one object. [C:/Users/GAO/Desktop/Computer-Orgnization-ARM-/Project/3.regFile/regFile.srcs/constrs_1/new/Board.xdc:33]
Resolution: If [get_<value>] was used to populate the object, check to make sure this command returns at least one valid object.
WARNING: [Vivado 12-584] No ports matched 'sw[28]'. [C:/Users/GAO/Desktop/Computer-Orgnization-ARM-/Project/3.regFile/regFile.srcs/constrs_1/new/Board.xdc:34]
CRITICAL WARNING: [Common 17-55] 'set_property' expects at least one object. [C:/Users/GAO/Desktop/Computer-Orgnization-ARM-/Project/3.regFile/regFile.srcs/constrs_1/new/Board.xdc:34]
Resolution: If [get_<value>] was used to populate the object, check to make sure this command returns at least one valid object.
WARNING: [Vivado 12-584] No ports matched 'sw[29]'. [C:/Users/GAO/Desktop/Computer-Orgnization-ARM-/Project/3.regFile/regFile.srcs/constrs_1/new/Board.xdc:35]
CRITICAL WARNING: [Common 17-55] 'set_property' expects at least one object. [C:/Users/GAO/Desktop/Computer-Orgnization-ARM-/Project/3.regFile/regFile.srcs/constrs_1/new/Board.xdc:35]
Resolution: If [get_<value>] was used to populate the object, check to make sure this command returns at least one valid object.
WARNING: [Vivado 12-584] No ports matched 'sw[30]'. [C:/Users/GAO/Desktop/Computer-Orgnization-ARM-/Project/3.regFile/regFile.srcs/constrs_1/new/Board.xdc:36]
CRITICAL WARNING: [Common 17-55] 'set_property' expects at least one object. [C:/Users/GAO/Desktop/Computer-Orgnization-ARM-/Project/3.regFile/regFile.srcs/constrs_1/new/Board.xdc:36]
Resolution: If [get_<value>] was used to populate the object, check to make sure this command returns at least one valid object.
WARNING: [Vivado 12-584] No ports matched 'sw[31]'. [C:/Users/GAO/Desktop/Computer-Orgnization-ARM-/Project/3.regFile/regFile.srcs/constrs_1/new/Board.xdc:37]
CRITICAL WARNING: [Common 17-55] 'set_property' expects at least one object. [C:/Users/GAO/Desktop/Computer-Orgnization-ARM-/Project/3.regFile/regFile.srcs/constrs_1/new/Board.xdc:37]
Resolution: If [get_<value>] was used to populate the object, check to make sure this command returns at least one valid object.
WARNING: [Vivado 12-584] No ports matched 'sw[32]'. [C:/Users/GAO/Desktop/Computer-Orgnization-ARM-/Project/3.regFile/regFile.srcs/constrs_1/new/Board.xdc:38]
CRITICAL WARNING: [Common 17-55] 'set_property' expects at least one object. [C:/Users/GAO/Desktop/Computer-Orgnization-ARM-/Project/3.regFile/regFile.srcs/constrs_1/new/Board.xdc:38]
Resolution: If [get_<value>] was used to populate the object, check to make sure this command returns at least one valid object.
WARNING: [Vivado 12-584] No ports matched 'swb'. [C:/Users/GAO/Desktop/Computer-Orgnization-ARM-/Project/3.regFile/regFile.srcs/constrs_1/new/Board.xdc:41]
CRITICAL WARNING: [Common 17-55] 'set_property' expects at least one object. [C:/Users/GAO/Desktop/Computer-Orgnization-ARM-/Project/3.regFile/regFile.srcs/constrs_1/new/Board.xdc:41]
Resolution: If [get_<value>] was used to populate the object, check to make sure this command returns at least one valid object.
WARNING: [Vivado 12-584] No ports matched 'swb[1]'. [C:/Users/GAO/Desktop/Computer-Orgnization-ARM-/Project/3.regFile/regFile.srcs/constrs_1/new/Board.xdc:42]
CRITICAL WARNING: [Common 17-55] 'set_property' expects at least one object. [C:/Users/GAO/Desktop/Computer-Orgnization-ARM-/Project/3.regFile/regFile.srcs/constrs_1/new/Board.xdc:42]
Resolution: If [get_<value>] was used to populate the object, check to make sure this command returns at least one valid object.
WARNING: [Vivado 12-584] No ports matched 'swb[2]'. [C:/Users/GAO/Desktop/Computer-Orgnization-ARM-/Project/3.regFile/regFile.srcs/constrs_1/new/Board.xdc:43]
CRITICAL WARNING: [Common 17-55] 'set_property' expects at least one object. [C:/Users/GAO/Desktop/Computer-Orgnization-ARM-/Project/3.regFile/regFile.srcs/constrs_1/new/Board.xdc:43]
Resolution: If [get_<value>] was used to populate the object, check to make sure this command returns at least one valid object.
WARNING: [Vivado 12-584] No ports matched 'swb[3]'. [C:/Users/GAO/Desktop/Computer-Orgnization-ARM-/Project/3.regFile/regFile.srcs/constrs_1/new/Board.xdc:44]
CRITICAL WARNING: [Common 17-55] 'set_property' expects at least one object. [C:/Users/GAO/Desktop/Computer-Orgnization-ARM-/Project/3.regFile/regFile.srcs/constrs_1/new/Board.xdc:44]
Resolution: If [get_<value>] was used to populate the object, check to make sure this command returns at least one valid object.
WARNING: [Vivado 12-584] No ports matched 'swb[4]'. [C:/Users/GAO/Desktop/Computer-Orgnization-ARM-/Project/3.regFile/regFile.srcs/constrs_1/new/Board.xdc:45]
CRITICAL WARNING: [Common 17-55] 'set_property' expects at least one object. [C:/Users/GAO/Desktop/Computer-Orgnization-ARM-/Project/3.regFile/regFile.srcs/constrs_1/new/Board.xdc:45]
Resolution: If [get_<value>] was used to populate the object, check to make sure this command returns at least one valid object.
WARNING: [Vivado 12-584] No ports matched 'swb[5]'. [C:/Users/GAO/Desktop/Computer-Orgnization-ARM-/Project/3.regFile/regFile.srcs/constrs_1/new/Board.xdc:46]
CRITICAL WARNING: [Common 17-55] 'set_property' expects at least one object. [C:/Users/GAO/Desktop/Computer-Orgnization-ARM-/Project/3.regFile/regFile.srcs/constrs_1/new/Board.xdc:46]
Resolution: If [get_<value>] was used to populate the object, check to make sure this command returns at least one valid object.
WARNING: [Vivado 12-584] No ports matched 'swb[6]'. [C:/Users/GAO/Desktop/Computer-Orgnization-ARM-/Project/3.regFile/regFile.srcs/constrs_1/new/Board.xdc:47]
CRITICAL WARNING: [Common 17-55] 'set_property' expects at least one object. [C:/Users/GAO/Desktop/Computer-Orgnization-ARM-/Project/3.regFile/regFile.srcs/constrs_1/new/Board.xdc:47]
Resolution: If [get_<value>] was used to populate the object, check to make sure this command returns at least one valid object.
WARNING: [Vivado 12-584] No ports matched 'led'. [C:/Users/GAO/Desktop/Computer-Orgnization-ARM-/Project/3.regFile/regFile.srcs/constrs_1/new/Board.xdc:50]
CRITICAL WARNING: [Common 17-55] 'set_property' expects at least one object. [C:/Users/GAO/Desktop/Computer-Orgnization-ARM-/Project/3.regFile/regFile.srcs/constrs_1/new/Board.xdc:50]
Resolution: If [get_<value>] was used to populate the object, check to make sure this command returns at least one valid object.
WARNING: [Vivado 12-584] No ports matched 'led'. [C:/Users/GAO/Desktop/Computer-Orgnization-ARM-/Project/3.regFile/regFile.srcs/constrs_1/new/Board.xdc:51]
CRITICAL WARNING: [Common 17-55] 'set_property' expects at least one object. [C:/Users/GAO/Desktop/Computer-Orgnization-ARM-/Project/3.regFile/regFile.srcs/constrs_1/new/Board.xdc:51]
Resolution: If [get_<value>] was used to populate the object, check to make sure this command returns at least one valid object.
WARNING: [Vivado 12-584] No ports matched 'led[1]'. [C:/Users/GAO/Desktop/Computer-Orgnization-ARM-/Project/3.regFile/regFile.srcs/constrs_1/new/Board.xdc:52]
CRITICAL WARNING: [Common 17-55] 'set_property' expects at least one object. [C:/Users/GAO/Desktop/Computer-Orgnization-ARM-/Project/3.regFile/regFile.srcs/constrs_1/new/Board.xdc:52]
Resolution: If [get_<value>] was used to populate the object, check to make sure this command returns at least one valid object.
WARNING: [Vivado 12-584] No ports matched 'led[2]'. [C:/Users/GAO/Desktop/Computer-Orgnization-ARM-/Project/3.regFile/regFile.srcs/constrs_1/new/Board.xdc:53]
CRITICAL WARNING: [Common 17-55] 'set_property' expects at least one object. [C:/Users/GAO/Desktop/Computer-Orgnization-ARM-/Project/3.regFile/regFile.srcs/constrs_1/new/Board.xdc:53]
Resolution: If [get_<value>] was used to populate the object, check to make sure this command returns at least one valid object.
WARNING: [Vivado 12-584] No ports matched 'led[3]'. [C:/Users/GAO/Desktop/Computer-Orgnization-ARM-/Project/3.regFile/regFile.srcs/constrs_1/new/Board.xdc:54]
CRITICAL WARNING: [Common 17-55] 'set_property' expects at least one object. [C:/Users/GAO/Desktop/Computer-Orgnization-ARM-/Project/3.regFile/regFile.srcs/constrs_1/new/Board.xdc:54]
Resolution: If [get_<value>] was used to populate the object, check to make sure this command returns at least one valid object.
WARNING: [Vivado 12-584] No ports matched 'led[4]'. [C:/Users/GAO/Desktop/Computer-Orgnization-ARM-/Project/3.regFile/regFile.srcs/constrs_1/new/Board.xdc:55]
CRITICAL WARNING: [Common 17-55] 'set_property' expects at least one object. [C:/Users/GAO/Desktop/Computer-Orgnization-ARM-/Project/3.regFile/regFile.srcs/constrs_1/new/Board.xdc:55]
Resolution: If [get_<value>] was used to populate the object, check to make sure this command returns at least one valid object.
WARNING: [Vivado 12-584] No ports matched 'led[5]'. [C:/Users/GAO/Desktop/Computer-Orgnization-ARM-/Project/3.regFile/regFile.srcs/constrs_1/new/Board.xdc:56]
CRITICAL WARNING: [Common 17-55] 'set_property' expects at least one object. [C:/Users/GAO/Desktop/Computer-Orgnization-ARM-/Project/3.regFile/regFile.srcs/constrs_1/new/Board.xdc:56]
Resolution: If [get_<value>] was used to populate the object, check to make sure this command returns at least one valid object.
WARNING: [Vivado 12-584] No ports matched 'led[6]'. [C:/Users/GAO/Desktop/Computer-Orgnization-ARM-/Project/3.regFile/regFile.srcs/constrs_1/new/Board.xdc:57]
CRITICAL WARNING: [Common 17-55] 'set_property' expects at least one object. [C:/Users/GAO/Desktop/Computer-Orgnization-ARM-/Project/3.regFile/regFile.srcs/constrs_1/new/Board.xdc:57]
Resolution: If [get_<value>] was used to populate the object, check to make sure this command returns at least one valid object.
WARNING: [Vivado 12-584] No ports matched 'led[7]'. [C:/Users/GAO/Desktop/Computer-Orgnization-ARM-/Project/3.regFile/regFile.srcs/constrs_1/new/Board.xdc:58]
CRITICAL WARNING: [Common 17-55] 'set_property' expects at least one object. [C:/Users/GAO/Desktop/Computer-Orgnization-ARM-/Project/3.regFile/regFile.srcs/constrs_1/new/Board.xdc:58]
Resolution: If [get_<value>] was used to populate the object, check to make sure this command returns at least one valid object.
WARNING: [Vivado 12-584] No ports matched 'led[8]'. [C:/Users/GAO/Desktop/Computer-Orgnization-ARM-/Project/3.regFile/regFile.srcs/constrs_1/new/Board.xdc:59]
CRITICAL WARNING: [Common 17-55] 'set_property' expects at least one object. [C:/Users/GAO/Desktop/Computer-Orgnization-ARM-/Project/3.regFile/regFile.srcs/constrs_1/new/Board.xdc:59]
Resolution: If [get_<value>] was used to populate the object, check to make sure this command returns at least one valid object.
WARNING: [Vivado 12-584] No ports matched 'led[9]'. [C:/Users/GAO/Desktop/Computer-Orgnization-ARM-/Project/3.regFile/regFile.srcs/constrs_1/new/Board.xdc:60]
CRITICAL WARNING: [Common 17-55] 'set_property' expects at least one object. [C:/Users/GAO/Desktop/Computer-Orgnization-ARM-/Project/3.regFile/regFile.srcs/constrs_1/new/Board.xdc:60]
Resolution: If [get_<value>] was used to populate the object, check to make sure this command returns at least one valid object.
WARNING: [Vivado 12-584] No ports matched 'led[10]'. [C:/Users/GAO/Desktop/Computer-Orgnization-ARM-/Project/3.regFile/regFile.srcs/constrs_1/new/Board.xdc:61]
CRITICAL WARNING: [Common 17-55] 'set_property' expects at least one object. [C:/Users/GAO/Desktop/Computer-Orgnization-ARM-/Project/3.regFile/regFile.srcs/constrs_1/new/Board.xdc:61]
Resolution: If [get_<value>] was used to populate the object, check to make sure this command returns at least one valid object.
WARNING: [Vivado 12-584] No ports matched 'led[11]'. [C:/Users/GAO/Desktop/Computer-Orgnization-ARM-/Project/3.regFile/regFile.srcs/constrs_1/new/Board.xdc:62]
CRITICAL WARNING: [Common 17-55] 'set_property' expects at least one object. [C:/Users/GAO/Desktop/Computer-Orgnization-ARM-/Project/3.regFile/regFile.srcs/constrs_1/new/Board.xdc:62]
Resolution: If [get_<value>] was used to populate the object, check to make sure this command returns at least one valid object.
WARNING: [Vivado 12-584] No ports matched 'led[12]'. [C:/Users/GAO/Desktop/Computer-Orgnization-ARM-/Project/3.regFile/regFile.srcs/constrs_1/new/Board.xdc:63]
CRITICAL WARNING: [Common 17-55] 'set_property' expects at least one object. [C:/Users/GAO/Desktop/Computer-Orgnization-ARM-/Project/3.regFile/regFile.srcs/constrs_1/new/Board.xdc:63]
Resolution: If [get_<value>] was used to populate the object, check to make sure this command returns at least one valid object.
WARNING: [Vivado 12-584] No ports matched 'led[13]'. [C:/Users/GAO/Desktop/Computer-Orgnization-ARM-/Project/3.regFile/regFile.srcs/constrs_1/new/Board.xdc:64]
CRITICAL WARNING: [Common 17-55] 'set_property' expects at least one object. [C:/Users/GAO/Desktop/Computer-Orgnization-ARM-/Project/3.regFile/regFile.srcs/constrs_1/new/Board.xdc:64]
Resolution: If [get_<value>] was used to populate the object, check to make sure this command returns at least one valid object.
WARNING: [Vivado 12-584] No ports matched 'led[14]'. [C:/Users/GAO/Desktop/Computer-Orgnization-ARM-/Project/3.regFile/regFile.srcs/constrs_1/new/Board.xdc:65]
CRITICAL WARNING: [Common 17-55] 'set_property' expects at least one object. [C:/Users/GAO/Desktop/Computer-Orgnization-ARM-/Project/3.regFile/regFile.srcs/constrs_1/new/Board.xdc:65]
Resolution: If [get_<value>] was used to populate the object, check to make sure this command returns at least one valid object.
WARNING: [Vivado 12-584] No ports matched 'led[15]'. [C:/Users/GAO/Desktop/Computer-Orgnization-ARM-/Project/3.regFile/regFile.srcs/constrs_1/new/Board.xdc:66]
CRITICAL WARNING: [Common 17-55] 'set_property' expects at least one object. [C:/Users/GAO/Desktop/Computer-Orgnization-ARM-/Project/3.regFile/regFile.srcs/constrs_1/new/Board.xdc:66]
Resolution: If [get_<value>] was used to populate the object, check to make sure this command returns at least one valid object.
WARNING: [Vivado 12-584] No ports matched 'led[16]'. [C:/Users/GAO/Desktop/Computer-Orgnization-ARM-/Project/3.regFile/regFile.srcs/constrs_1/new/Board.xdc:67]
CRITICAL WARNING: [Common 17-55] 'set_property' expects at least one object. [C:/Users/GAO/Desktop/Computer-Orgnization-ARM-/Project/3.regFile/regFile.srcs/constrs_1/new/Board.xdc:67]
Resolution: If [get_<value>] was used to populate the object, check to make sure this command returns at least one valid object.
WARNING: [Vivado 12-584] No ports matched 'led[17]'. [C:/Users/GAO/Desktop/Computer-Orgnization-ARM-/Project/3.regFile/regFile.srcs/constrs_1/new/Board.xdc:68]
CRITICAL WARNING: [Common 17-55] 'set_property' expects at least one object. [C:/Users/GAO/Desktop/Computer-Orgnization-ARM-/Project/3.regFile/regFile.srcs/constrs_1/new/Board.xdc:68]
Resolution: If [get_<value>] was used to populate the object, check to make sure this command returns at least one valid object.
WARNING: [Vivado 12-584] No ports matched 'led[18]'. [C:/Users/GAO/Desktop/Computer-Orgnization-ARM-/Project/3.regFile/regFile.srcs/constrs_1/new/Board.xdc:69]
CRITICAL WARNING: [Common 17-55] 'set_property' expects at least one object. [C:/Users/GAO/Desktop/Computer-Orgnization-ARM-/Project/3.regFile/regFile.srcs/constrs_1/new/Board.xdc:69]
Resolution: If [get_<value>] was used to populate the object, check to make sure this command returns at least one valid object.
WARNING: [Vivado 12-584] No ports matched 'led[19]'. [C:/Users/GAO/Desktop/Computer-Orgnization-ARM-/Project/3.regFile/regFile.srcs/constrs_1/new/Board.xdc:70]
CRITICAL WARNING: [Common 17-55] 'set_property' expects at least one object. [C:/Users/GAO/Desktop/Computer-Orgnization-ARM-/Project/3.regFile/regFile.srcs/constrs_1/new/Board.xdc:70]
Resolution: If [get_<value>] was used to populate the object, check to make sure this command returns at least one valid object.
WARNING: [Vivado 12-584] No ports matched 'led[20]'. [C:/Users/GAO/Desktop/Computer-Orgnization-ARM-/Project/3.regFile/regFile.srcs/constrs_1/new/Board.xdc:71]
CRITICAL WARNING: [Common 17-55] 'set_property' expects at least one object. [C:/Users/GAO/Desktop/Computer-Orgnization-ARM-/Project/3.regFile/regFile.srcs/constrs_1/new/Board.xdc:71]
Resolution: If [get_<value>] was used to populate the object, check to make sure this command returns at least one valid object.
WARNING: [Vivado 12-584] No ports matched 'led[21]'. [C:/Users/GAO/Desktop/Computer-Orgnization-ARM-/Project/3.regFile/regFile.srcs/constrs_1/new/Board.xdc:72]
CRITICAL WARNING: [Common 17-55] 'set_property' expects at least one object. [C:/Users/GAO/Desktop/Computer-Orgnization-ARM-/Project/3.regFile/regFile.srcs/constrs_1/new/Board.xdc:72]
Resolution: If [get_<value>] was used to populate the object, check to make sure this command returns at least one valid object.
WARNING: [Vivado 12-584] No ports matched 'led[22]'. [C:/Users/GAO/Desktop/Computer-Orgnization-ARM-/Project/3.regFile/regFile.srcs/constrs_1/new/Board.xdc:73]
CRITICAL WARNING: [Common 17-55] 'set_property' expects at least one object. [C:/Users/GAO/Desktop/Computer-Orgnization-ARM-/Project/3.regFile/regFile.srcs/constrs_1/new/Board.xdc:73]
Resolution: If [get_<value>] was used to populate the object, check to make sure this command returns at least one valid object.
WARNING: [Vivado 12-584] No ports matched 'led[23]'. [C:/Users/GAO/Desktop/Computer-Orgnization-ARM-/Project/3.regFile/regFile.srcs/constrs_1/new/Board.xdc:74]
CRITICAL WARNING: [Common 17-55] 'set_property' expects at least one object. [C:/Users/GAO/Desktop/Computer-Orgnization-ARM-/Project/3.regFile/regFile.srcs/constrs_1/new/Board.xdc:74]
Resolution: If [get_<value>] was used to populate the object, check to make sure this command returns at least one valid object.
WARNING: [Vivado 12-584] No ports matched 'led[24]'. [C:/Users/GAO/Desktop/Computer-Orgnization-ARM-/Project/3.regFile/regFile.srcs/constrs_1/new/Board.xdc:75]
CRITICAL WARNING: [Common 17-55] 'set_property' expects at least one object. [C:/Users/GAO/Desktop/Computer-Orgnization-ARM-/Project/3.regFile/regFile.srcs/constrs_1/new/Board.xdc:75]
Resolution: If [get_<value>] was used to populate the object, check to make sure this command returns at least one valid object.
WARNING: [Vivado 12-584] No ports matched 'led[25]'. [C:/Users/GAO/Desktop/Computer-Orgnization-ARM-/Project/3.regFile/regFile.srcs/constrs_1/new/Board.xdc:76]
CRITICAL WARNING: [Common 17-55] 'set_property' expects at least one object. [C:/Users/GAO/Desktop/Computer-Orgnization-ARM-/Project/3.regFile/regFile.srcs/constrs_1/new/Board.xdc:76]
Resolution: If [get_<value>] was used to populate the object, check to make sure this command returns at least one valid object.
WARNING: [Vivado 12-584] No ports matched 'led[26]'. [C:/Users/GAO/Desktop/Computer-Orgnization-ARM-/Project/3.regFile/regFile.srcs/constrs_1/new/Board.xdc:77]
CRITICAL WARNING: [Common 17-55] 'set_property' expects at least one object. [C:/Users/GAO/Desktop/Computer-Orgnization-ARM-/Project/3.regFile/regFile.srcs/constrs_1/new/Board.xdc:77]
Resolution: If [get_<value>] was used to populate the object, check to make sure this command returns at least one valid object.
WARNING: [Vivado 12-584] No ports matched 'led[27]'. [C:/Users/GAO/Desktop/Computer-Orgnization-ARM-/Project/3.regFile/regFile.srcs/constrs_1/new/Board.xdc:78]
CRITICAL WARNING: [Common 17-55] 'set_property' expects at least one object. [C:/Users/GAO/Desktop/Computer-Orgnization-ARM-/Project/3.regFile/regFile.srcs/constrs_1/new/Board.xdc:78]
Resolution: If [get_<value>] was used to populate the object, check to make sure this command returns at least one valid object.
WARNING: [Vivado 12-584] No ports matched 'led[28]'. [C:/Users/GAO/Desktop/Computer-Orgnization-ARM-/Project/3.regFile/regFile.srcs/constrs_1/new/Board.xdc:79]
CRITICAL WARNING: [Common 17-55] 'set_property' expects at least one object. [C:/Users/GAO/Desktop/Computer-Orgnization-ARM-/Project/3.regFile/regFile.srcs/constrs_1/new/Board.xdc:79]
Resolution: If [get_<value>] was used to populate the object, check to make sure this command returns at least one valid object.
WARNING: [Vivado 12-584] No ports matched 'led[29]'. [C:/Users/GAO/Desktop/Computer-Orgnization-ARM-/Project/3.regFile/regFile.srcs/constrs_1/new/Board.xdc:80]
CRITICAL WARNING: [Common 17-55] 'set_property' expects at least one object. [C:/Users/GAO/Desktop/Computer-Orgnization-ARM-/Project/3.regFile/regFile.srcs/constrs_1/new/Board.xdc:80]
Resolution: If [get_<value>] was used to populate the object, check to make sure this command returns at least one valid object.
WARNING: [Vivado 12-584] No ports matched 'led[30]'. [C:/Users/GAO/Desktop/Computer-Orgnization-ARM-/Project/3.regFile/regFile.srcs/constrs_1/new/Board.xdc:81]
CRITICAL WARNING: [Common 17-55] 'set_property' expects at least one object. [C:/Users/GAO/Desktop/Computer-Orgnization-ARM-/Project/3.regFile/regFile.srcs/constrs_1/new/Board.xdc:81]
Resolution: If [get_<value>] was used to populate the object, check to make sure this command returns at least one valid object.
WARNING: [Vivado 12-584] No ports matched 'led[31]'. [C:/Users/GAO/Desktop/Computer-Orgnization-ARM-/Project/3.regFile/regFile.srcs/constrs_1/new/Board.xdc:82]
CRITICAL WARNING: [Common 17-55] 'set_property' expects at least one object. [C:/Users/GAO/Desktop/Computer-Orgnization-ARM-/Project/3.regFile/regFile.srcs/constrs_1/new/Board.xdc:82]
Resolution: If [get_<value>] was used to populate the object, check to make sure this command returns at least one valid object.
WARNING: [Vivado 12-584] No ports matched 'led[32]'. [C:/Users/GAO/Desktop/Computer-Orgnization-ARM-/Project/3.regFile/regFile.srcs/constrs_1/new/Board.xdc:83]
CRITICAL WARNING: [Common 17-55] 'set_property' expects at least one object. [C:/Users/GAO/Desktop/Computer-Orgnization-ARM-/Project/3.regFile/regFile.srcs/constrs_1/new/Board.xdc:83]
Resolution: If [get_<value>] was used to populate the object, check to make sure this command returns at least one valid object.
WARNING: [Vivado 12-584] No ports matched 'seg'. [C:/Users/GAO/Desktop/Computer-Orgnization-ARM-/Project/3.regFile/regFile.srcs/constrs_1/new/Board.xdc:86]
CRITICAL WARNING: [Common 17-55] 'set_property' expects at least one object. [C:/Users/GAO/Desktop/Computer-Orgnization-ARM-/Project/3.regFile/regFile.srcs/constrs_1/new/Board.xdc:86]
Resolution: If [get_<value>] was used to populate the object, check to make sure this command returns at least one valid object.
WARNING: [Vivado 12-584] No ports matched 'seg[7]'. [C:/Users/GAO/Desktop/Computer-Orgnization-ARM-/Project/3.regFile/regFile.srcs/constrs_1/new/Board.xdc:87]
CRITICAL WARNING: [Common 17-55] 'set_property' expects at least one object. [C:/Users/GAO/Desktop/Computer-Orgnization-ARM-/Project/3.regFile/regFile.srcs/constrs_1/new/Board.xdc:87]
Resolution: If [get_<value>] was used to populate the object, check to make sure this command returns at least one valid object.
WARNING: [Vivado 12-584] No ports matched 'seg[6]'. [C:/Users/GAO/Desktop/Computer-Orgnization-ARM-/Project/3.regFile/regFile.srcs/constrs_1/new/Board.xdc:88]
CRITICAL WARNING: [Common 17-55] 'set_property' expects at least one object. [C:/Users/GAO/Desktop/Computer-Orgnization-ARM-/Project/3.regFile/regFile.srcs/constrs_1/new/Board.xdc:88]
Resolution: If [get_<value>] was used to populate the object, check to make sure this command returns at least one valid object.
WARNING: [Vivado 12-584] No ports matched 'seg[5]'. [C:/Users/GAO/Desktop/Computer-Orgnization-ARM-/Project/3.regFile/regFile.srcs/constrs_1/new/Board.xdc:89]
CRITICAL WARNING: [Common 17-55] 'set_property' expects at least one object. [C:/Users/GAO/Desktop/Computer-Orgnization-ARM-/Project/3.regFile/regFile.srcs/constrs_1/new/Board.xdc:89]
Resolution: If [get_<value>] was used to populate the object, check to make sure this command returns at least one valid object.
WARNING: [Vivado 12-584] No ports matched 'seg[4]'. [C:/Users/GAO/Desktop/Computer-Orgnization-ARM-/Project/3.regFile/regFile.srcs/constrs_1/new/Board.xdc:90]
CRITICAL WARNING: [Common 17-55] 'set_property' expects at least one object. [C:/Users/GAO/Desktop/Computer-Orgnization-ARM-/Project/3.regFile/regFile.srcs/constrs_1/new/Board.xdc:90]
Resolution: If [get_<value>] was used to populate the object, check to make sure this command returns at least one valid object.
WARNING: [Vivado 12-584] No ports matched 'seg[3]'. [C:/Users/GAO/Desktop/Computer-Orgnization-ARM-/Project/3.regFile/regFile.srcs/constrs_1/new/Board.xdc:91]
CRITICAL WARNING: [Common 17-55] 'set_property' expects at least one object. [C:/Users/GAO/Desktop/Computer-Orgnization-ARM-/Project/3.regFile/regFile.srcs/constrs_1/new/Board.xdc:91]
Resolution: If [get_<value>] was used to populate the object, check to make sure this command returns at least one valid object.
WARNING: [Vivado 12-584] No ports matched 'seg[2]'. [C:/Users/GAO/Desktop/Computer-Orgnization-ARM-/Project/3.regFile/regFile.srcs/constrs_1/new/Board.xdc:92]
CRITICAL WARNING: [Common 17-55] 'set_property' expects at least one object. [C:/Users/GAO/Desktop/Computer-Orgnization-ARM-/Project/3.regFile/regFile.srcs/constrs_1/new/Board.xdc:92]
Resolution: If [get_<value>] was used to populate the object, check to make sure this command returns at least one valid object.
WARNING: [Vivado 12-584] No ports matched 'seg[1]'. [C:/Users/GAO/Desktop/Computer-Orgnization-ARM-/Project/3.regFile/regFile.srcs/constrs_1/new/Board.xdc:93]
CRITICAL WARNING: [Common 17-55] 'set_property' expects at least one object. [C:/Users/GAO/Desktop/Computer-Orgnization-ARM-/Project/3.regFile/regFile.srcs/constrs_1/new/Board.xdc:93]
Resolution: If [get_<value>] was used to populate the object, check to make sure this command returns at least one valid object.
WARNING: [Vivado 12-584] No ports matched 'seg[0]'. [C:/Users/GAO/Desktop/Computer-Orgnization-ARM-/Project/3.regFile/regFile.srcs/constrs_1/new/Board.xdc:94]
CRITICAL WARNING: [Common 17-55] 'set_property' expects at least one object. [C:/Users/GAO/Desktop/Computer-Orgnization-ARM-/Project/3.regFile/regFile.srcs/constrs_1/new/Board.xdc:94]
Resolution: If [get_<value>] was used to populate the object, check to make sure this command returns at least one valid object.
WARNING: [Vivado 12-584] No ports matched 'which'. [C:/Users/GAO/Desktop/Computer-Orgnization-ARM-/Project/3.regFile/regFile.srcs/constrs_1/new/Board.xdc:95]
CRITICAL WARNING: [Common 17-55] 'set_property' expects at least one object. [C:/Users/GAO/Desktop/Computer-Orgnization-ARM-/Project/3.regFile/regFile.srcs/constrs_1/new/Board.xdc:95]
Resolution: If [get_<value>] was used to populate the object, check to make sure this command returns at least one valid object.
WARNING: [Vivado 12-584] No ports matched 'which[0]'. [C:/Users/GAO/Desktop/Computer-Orgnization-ARM-/Project/3.regFile/regFile.srcs/constrs_1/new/Board.xdc:96]
CRITICAL WARNING: [Common 17-55] 'set_property' expects at least one object. [C:/Users/GAO/Desktop/Computer-Orgnization-ARM-/Project/3.regFile/regFile.srcs/constrs_1/new/Board.xdc:96]
Resolution: If [get_<value>] was used to populate the object, check to make sure this command returns at least one valid object.
WARNING: [Vivado 12-584] No ports matched 'which[1]'. [C:/Users/GAO/Desktop/Computer-Orgnization-ARM-/Project/3.regFile/regFile.srcs/constrs_1/new/Board.xdc:97]
CRITICAL WARNING: [Common 17-55] 'set_property' expects at least one object. [C:/Users/GAO/Desktop/Computer-Orgnization-ARM-/Project/3.regFile/regFile.srcs/constrs_1/new/Board.xdc:97]
Resolution: If [get_<value>] was used to populate the object, check to make sure this command returns at least one valid object.
WARNING: [Vivado 12-584] No ports matched 'which[2]'. [C:/Users/GAO/Desktop/Computer-Orgnization-ARM-/Project/3.regFile/regFile.srcs/constrs_1/new/Board.xdc:98]
CRITICAL WARNING: [Common 17-55] 'set_property' expects at least one object. [C:/Users/GAO/Desktop/Computer-Orgnization-ARM-/Project/3.regFile/regFile.srcs/constrs_1/new/Board.xdc:98]
Resolution: If [get_<value>] was used to populate the object, check to make sure this command returns at least one valid object.
WARNING: [Vivado 12-584] No ports matched 'enable'. [C:/Users/GAO/Desktop/Computer-Orgnization-ARM-/Project/3.regFile/regFile.srcs/constrs_1/new/Board.xdc:99]
CRITICAL WARNING: [Common 17-55] 'set_property' expects at least one object. [C:/Users/GAO/Desktop/Computer-Orgnization-ARM-/Project/3.regFile/regFile.srcs/constrs_1/new/Board.xdc:99]
Resolution: If [get_<value>] was used to populate the object, check to make sure this command returns at least one valid object.
WARNING: [Vivado 12-507] No nets matched 'swb_IBUF[1]'. [C:/Users/GAO/Desktop/Computer-Orgnization-ARM-/Project/3.regFile/regFile.srcs/constrs_1/new/Board.xdc:107]
CRITICAL WARNING: [Common 17-55] 'set_property' expects at least one object. [C:/Users/GAO/Desktop/Computer-Orgnization-ARM-/Project/3.regFile/regFile.srcs/constrs_1/new/Board.xdc:107]
Resolution: If [get_<value>] was used to populate the object, check to make sure this command returns at least one valid object.
WARNING: [Vivado 12-507] No nets matched 'swb_IBUF[2]'. [C:/Users/GAO/Desktop/Computer-Orgnization-ARM-/Project/3.regFile/regFile.srcs/constrs_1/new/Board.xdc:108]
CRITICAL WARNING: [Common 17-55] 'set_property' expects at least one object. [C:/Users/GAO/Desktop/Computer-Orgnization-ARM-/Project/3.regFile/regFile.srcs/constrs_1/new/Board.xdc:108]
Resolution: If [get_<value>] was used to populate the object, check to make sure this command returns at least one valid object.
WARNING: [Vivado 12-507] No nets matched 'swb_IBUF[3]'. [C:/Users/GAO/Desktop/Computer-Orgnization-ARM-/Project/3.regFile/regFile.srcs/constrs_1/new/Board.xdc:109]
CRITICAL WARNING: [Common 17-55] 'set_property' expects at least one object. [C:/Users/GAO/Desktop/Computer-Orgnization-ARM-/Project/3.regFile/regFile.srcs/constrs_1/new/Board.xdc:109]
Resolution: If [get_<value>] was used to populate the object, check to make sure this command returns at least one valid object.
WARNING: [Vivado 12-507] No nets matched 'swb_IBUF[4]'. [C:/Users/GAO/Desktop/Computer-Orgnization-ARM-/Project/3.regFile/regFile.srcs/constrs_1/new/Board.xdc:110]
CRITICAL WARNING: [Common 17-55] 'set_property' expects at least one object. [C:/Users/GAO/Desktop/Computer-Orgnization-ARM-/Project/3.regFile/regFile.srcs/constrs_1/new/Board.xdc:110]
Resolution: If [get_<value>] was used to populate the object, check to make sure this command returns at least one valid object.
WARNING: [Vivado 12-507] No nets matched 'swb_IBUF[5]'. [C:/Users/GAO/Desktop/Computer-Orgnization-ARM-/Project/3.regFile/regFile.srcs/constrs_1/new/Board.xdc:111]
CRITICAL WARNING: [Common 17-55] 'set_property' expects at least one object. [C:/Users/GAO/Desktop/Computer-Orgnization-ARM-/Project/3.regFile/regFile.srcs/constrs_1/new/Board.xdc:111]
Resolution: If [get_<value>] was used to populate the object, check to make sure this command returns at least one valid object.
WARNING: [Vivado 12-507] No nets matched 'swb_IBUF[6]'. [C:/Users/GAO/Desktop/Computer-Orgnization-ARM-/Project/3.regFile/regFile.srcs/constrs_1/new/Board.xdc:112]
CRITICAL WARNING: [Common 17-55] 'set_property' expects at least one object. [C:/Users/GAO/Desktop/Computer-Orgnization-ARM-/Project/3.regFile/regFile.srcs/constrs_1/new/Board.xdc:112]
Resolution: If [get_<value>] was used to populate the object, check to make sure this command returns at least one valid object.
Finished Parsing XDC File [C:/Users/GAO/Desktop/Computer-Orgnization-ARM-/Project/3.regFile/regFile.srcs/constrs_1/new/Board.xdc]
INFO: [Opt 31-138] Pushed 0 inverter(s) to 0 load pin(s).
Netlist sorting complete. Time (s): cpu = 00:00:00 ; elapsed = 00:00:00 . Memory (MB): peak = 1109.562 ; gain = 0.000
INFO: [Project 1-111] Unisim Transformation Summary:
No Unisim elements were transformed.

7 Infos, 96 Warnings, 95 Critical Warnings and 0 Errors encountered.
link_design completed successfully
link_design: Time (s): cpu = 00:00:07 ; elapsed = 00:00:08 . Memory (MB): peak = 1109.562 ; gain = 0.000
Command: opt_design
Attempting to get a license for feature 'Implementation' and/or device 'xc7a100t'
INFO: [Common 17-349] Got license for feature 'Implementation' and/or device 'xc7a100t'
Running DRC as a precondition to command opt_design

Starting DRC Task
INFO: [DRC 23-27] Running DRC with 2 threads
INFO: [Project 1-461] DRC finished with 0 Errors
INFO: [Project 1-462] Please refer to the DRC report (report_drc) for more information.

Time (s): cpu = 00:00:02 ; elapsed = 00:00:00.924 . Memory (MB): peak = 1109.562 ; gain = 0.000

Starting Cache Timing Information Task
INFO: [Timing 38-35] Done setting XDC timing constraints.
Ending Cache Timing Information Task | Checksum: 22c6d28fc

Time (s): cpu = 00:00:07 ; elapsed = 00:00:07 . Memory (MB): peak = 1556.719 ; gain = 447.156

Starting Logic Optimization Task

Phase 1 Retarget
INFO: [Opt 31-138] Pushed 0 inverter(s) to 0 load pin(s).
INFO: [Opt 31-49] Retargeted 0 cell(s).
Phase 1 Retarget | Checksum: 22c6d28fc

Time (s): cpu = 00:00:00 ; elapsed = 00:00:00.105 . Memory (MB): peak = 1769.664 ; gain = 0.000
INFO: [Opt 31-389] Phase Retarget created 0 cells and removed 0 cells

Phase 2 Constant propagation
INFO: [Opt 31-138] Pushed 0 inverter(s) to 0 load pin(s).
Phase 2 Constant propagation | Checksum: 22c6d28fc

Time (s): cpu = 00:00:00 ; elapsed = 00:00:00.129 . Memory (MB): peak = 1769.664 ; gain = 0.000
INFO: [Opt 31-389] Phase Constant propagation created 0 cells and removed 0 cells

Phase 3 Sweep
Phase 3 Sweep | Checksum: 22c6d28fc

Time (s): cpu = 00:00:00 ; elapsed = 00:00:00.149 . Memory (MB): peak = 1769.664 ; gain = 0.000
INFO: [Opt 31-389] Phase Sweep created 0 cells and removed 0 cells

Phase 4 BUFG optimization
Phase 4 BUFG optimization | Checksum: 22c6d28fc

Time (s): cpu = 00:00:00 ; elapsed = 00:00:00.211 . Memory (MB): peak = 1769.664 ; gain = 0.000
INFO: [Opt 31-662] Phase BUFG optimization created 0 cells of which 0 are BUFGs and removed 0 cells.

Phase 5 Shift Register Optimization
INFO: [Opt 31-1064] SRL Remap converted 0 SRLs to 0 registers and converted 0 registers of register chains to 0 SRLs
Phase 5 Shift Register Optimization | Checksum: 22c6d28fc

Time (s): cpu = 00:00:00 ; elapsed = 00:00:00.215 . Memory (MB): peak = 1769.664 ; gain = 0.000
INFO: [Opt 31-389] Phase Shift Register Optimization created 0 cells and removed 0 cells

Phase 6 Post Processing Netlist
Phase 6 Post Processing Netlist | Checksum: 22c6d28fc

Time (s): cpu = 00:00:00 ; elapsed = 00:00:00.221 . Memory (MB): peak = 1769.664 ; gain = 0.000
INFO: [Opt 31-389] Phase Post Processing Netlist created 0 cells and removed 0 cells
Opt_design Change Summary
=========================


-------------------------------------------------------------------------------------------------------------------------
|  Phase                        |  #Cells created  |  #Cells Removed  |  #Constrained objects preventing optimizations  |
-------------------------------------------------------------------------------------------------------------------------
|  Retarget                     |               0  |               0  |                                              0  |
|  Constant propagation         |               0  |               0  |                                              0  |
|  Sweep                        |               0  |               0  |                                              0  |
|  BUFG optimization            |               0  |               0  |                                              0  |
|  Shift Register Optimization  |               0  |               0  |                                              0  |
|  Post Processing Netlist      |               0  |               0  |                                              0  |
-------------------------------------------------------------------------------------------------------------------------



Starting Connectivity Check Task

Time (s): cpu = 00:00:00 ; elapsed = 00:00:00.004 . Memory (MB): peak = 1769.664 ; gain = 0.000
Ending Logic Optimization Task | Checksum: 22c6d28fc

Time (s): cpu = 00:00:00 ; elapsed = 00:00:00.227 . Memory (MB): peak = 1769.664 ; gain = 0.000

Starting Power Optimization Task
INFO: [Pwropt 34-132] Skipping clock gating for clocks with a period < 2.00 ns.
Ending Power Optimization Task | Checksum: 22c6d28fc

Time (s): cpu = 00:00:00 ; elapsed = 00:00:00.008 . Memory (MB): peak = 1769.664 ; gain = 0.000

Starting Final Cleanup Task
Ending Final Cleanup Task | Checksum: 22c6d28fc

Time (s): cpu = 00:00:00 ; elapsed = 00:00:00 . Memory (MB): peak = 1769.664 ; gain = 0.000

Starting Netlist Obfuscation Task
Netlist sorting complete. Time (s): cpu = 00:00:00 ; elapsed = 00:00:00 . Memory (MB): peak = 1769.664 ; gain = 0.000
Ending Netlist Obfuscation Task | Checksum: 22c6d28fc

Time (s): cpu = 00:00:00 ; elapsed = 00:00:00 . Memory (MB): peak = 1769.664 ; gain = 0.000
INFO: [Common 17-83] Releasing license: Implementation
24 Infos, 96 Warnings, 95 Critical Warnings and 0 Errors encountered.
opt_design completed successfully
opt_design: Time (s): cpu = 00:00:11 ; elapsed = 00:00:11 . Memory (MB): peak = 1769.664 ; gain = 660.102
INFO: [Timing 38-480] Writing timing data to binary archive.
Writing placer database...
Writing XDEF routing.
Writing XDEF routing logical nets.
Writing XDEF routing special nets.
Write XDEF Complete: Time (s): cpu = 00:00:01 ; elapsed = 00:00:00.040 . Memory (MB): peak = 1769.664 ; gain = 0.000
INFO: [Common 17-1381] The checkpoint 'C:/Users/GAO/Desktop/Computer-Orgnization-ARM-/Project/3.regFile/regFile.runs/impl_1/regFile_opt.dcp' has been generated.
INFO: [runtcl-4] Executing : report_drc -file regFile_drc_opted.rpt -pb regFile_drc_opted.pb -rpx regFile_drc_opted.rpx
Command: report_drc -file regFile_drc_opted.rpt -pb regFile_drc_opted.pb -rpx regFile_drc_opted.rpx
INFO: [IP_Flow 19-234] Refreshing IP repositories
INFO: [IP_Flow 19-1704] No user IP repositories specified
INFO: [IP_Flow 19-2313] Loaded Vivado IP repository 'D:/Xilinx/Vivado/2020.2/data/ip'.
INFO: [Timing 38-35] Done setting XDC timing constraints.
INFO: [DRC 23-27] Running DRC with 2 threads
INFO: [Coretcl 2-168] The results of DRC are in file C:/Users/GAO/Desktop/Computer-Orgnization-ARM-/Project/3.regFile/regFile.runs/impl_1/regFile_drc_opted.rpt.
report_drc completed successfully
Command: place_design
Attempting to get a license for feature 'Implementation' and/or device 'xc7a100t'
INFO: [Common 17-349] Got license for feature 'Implementation' and/or device 'xc7a100t'
INFO: [DRC 23-27] Running DRC with 2 threads
INFO: [Vivado_Tcl 4-198] DRC finished with 0 Errors
INFO: [Vivado_Tcl 4-199] Please refer to the DRC report (report_drc) for more information.
Running DRC as a precondition to command place_design
INFO: [DRC 23-27] Running DRC with 2 threads
INFO: [Vivado_Tcl 4-198] DRC finished with 0 Errors
INFO: [Vivado_Tcl 4-199] Please refer to the DRC report (report_drc) for more information.

Starting Placer Task
INFO: [Place 30-611] Multithreading enabled for place_design using a maximum of 2 CPUs

Phase 1 Placer Initialization

Phase 1.1 Placer Initialization Netlist Sorting
Netlist sorting complete. Time (s): cpu = 00:00:00 ; elapsed = 00:00:00.001 . Memory (MB): peak = 1817.777 ; gain = 0.000
Phase 1.1 Placer Initialization Netlist Sorting | Checksum: 1311fe501

Time (s): cpu = 00:00:00 ; elapsed = 00:00:00.006 . Memory (MB): peak = 1817.777 ; gain = 0.000
Netlist sorting complete. Time (s): cpu = 00:00:00 ; elapsed = 00:00:00.001 . Memory (MB): peak = 1817.777 ; gain = 0.000

Phase 1.2 IO Placement/ Clock Placement/ Build Placer Device
Phase 1.2 IO Placement/ Clock Placement/ Build Placer Device | Checksum: 101d65f06

Time (s): cpu = 00:00:03 ; elapsed = 00:00:03 . Memory (MB): peak = 1817.777 ; gain = 0.000

Phase 1.3 Build Placer Netlist Model
Phase 1.3 Build Placer Netlist Model | Checksum: 1fa4cd2f3

Time (s): cpu = 00:00:03 ; elapsed = 00:00:03 . Memory (MB): peak = 1817.777 ; gain = 0.000

Phase 1.4 Constrain Clocks/Macros
Phase 1.4 Constrain Clocks/Macros | Checksum: 1fa4cd2f3

Time (s): cpu = 00:00:03 ; elapsed = 00:00:03 . Memory (MB): peak = 1817.777 ; gain = 0.000
Phase 1 Placer Initialization | Checksum: 1fa4cd2f3

Time (s): cpu = 00:00:03 ; elapsed = 00:00:03 . Memory (MB): peak = 1817.777 ; gain = 0.000

Phase 2 Global Placement

Phase 2.1 Floorplanning
Phase 2.1 Floorplanning | Checksum: 1fa4cd2f3

Time (s): cpu = 00:00:03 ; elapsed = 00:00:03 . Memory (MB): peak = 1817.777 ; gain = 0.000

Phase 2.2 Update Timing before SLR Path Opt
Phase 2.2 Update Timing before SLR Path Opt | Checksum: 1fa4cd2f3

Time (s): cpu = 00:00:03 ; elapsed = 00:00:03 . Memory (MB): peak = 1817.777 ; gain = 0.000

Phase 2.3 Global Placement Core
WARNING: [Place 46-29] place_design is not in timing mode. Skip physical synthesis in placer
Phase 2.3 Global Placement Core | Checksum: 110b67567

Time (s): cpu = 00:00:05 ; elapsed = 00:00:04 . Memory (MB): peak = 1817.777 ; gain = 0.000
Phase 2 Global Placement | Checksum: 110b67567

Time (s): cpu = 00:00:05 ; elapsed = 00:00:04 . Memory (MB): peak = 1817.777 ; gain = 0.000

Phase 3 Detail Placement

Phase 3.1 Commit Multi Column Macros
Phase 3.1 Commit Multi Column Macros | Checksum: 110b67567

Time (s): cpu = 00:00:05 ; elapsed = 00:00:04 . Memory (MB): peak = 1817.777 ; gain = 0.000

Phase 3.2 Commit Most Macros & LUTRAMs
Phase 3.2 Commit Most Macros & LUTRAMs | Checksum: 1b3654bb2

Time (s): cpu = 00:00:05 ; elapsed = 00:00:04 . Memory (MB): peak = 1817.777 ; gain = 0.000

Phase 3.3 Area Swap Optimization
Phase 3.3 Area Swap Optimization | Checksum: 1148c73d4

Time (s): cpu = 00:00:05 ; elapsed = 00:00:04 . Memory (MB): peak = 1817.777 ; gain = 0.000

Phase 3.4 Pipeline Register Optimization
Phase 3.4 Pipeline Register Optimization | Checksum: 1148c73d4

Time (s): cpu = 00:00:05 ; elapsed = 00:00:04 . Memory (MB): peak = 1817.777 ; gain = 0.000

Phase 3.5 Small Shape Detail Placement
Phase 3.5 Small Shape Detail Placement | Checksum: 1fb5b24a3

Time (s): cpu = 00:00:07 ; elapsed = 00:00:05 . Memory (MB): peak = 1817.777 ; gain = 0.000

Phase 3.6 Re-assign LUT pins
Phase 3.6 Re-assign LUT pins | Checksum: 1fb5b24a3

Time (s): cpu = 00:00:07 ; elapsed = 00:00:06 . Memory (MB): peak = 1817.777 ; gain = 0.000

Phase 3.7 Pipeline Register Optimization
Phase 3.7 Pipeline Register Optimization | Checksum: 1fb5b24a3

Time (s): cpu = 00:00:07 ; elapsed = 00:00:06 . Memory (MB): peak = 1817.777 ; gain = 0.000
Phase 3 Detail Placement | Checksum: 1fb5b24a3

Time (s): cpu = 00:00:07 ; elapsed = 00:00:06 . Memory (MB): peak = 1817.777 ; gain = 0.000

Phase 4 Post Placement Optimization and Clean-Up

Phase 4.1 Post Commit Optimization
Phase 4.1 Post Commit Optimization | Checksum: 1fb5b24a3

Time (s): cpu = 00:00:07 ; elapsed = 00:00:06 . Memory (MB): peak = 1817.777 ; gain = 0.000

Phase 4.2 Post Placement Cleanup
Phase 4.2 Post Placement Cleanup | Checksum: 1fb5b24a3

Time (s): cpu = 00:00:07 ; elapsed = 00:00:06 . Memory (MB): peak = 1817.777 ; gain = 0.000

Phase 4.3 Placer Reporting

Phase 4.3.1 Print Estimated Congestion
INFO: [Place 30-612] Post-Placement Estimated Congestion 
 ____________________________________________________
|           | Global Congestion | Short Congestion  |
| Direction | Region Size       | Region Size       |
|___________|___________________|___________________|
|      North|                1x1|                1x1|
|___________|___________________|___________________|
|      South|                1x1|                1x1|
|___________|___________________|___________________|
|       East|                1x1|                1x1|
|___________|___________________|___________________|
|       West|                1x1|                1x1|
|___________|___________________|___________________|

Phase 4.3.1 Print Estimated Congestion | Checksum: 1fb5b24a3

Time (s): cpu = 00:00:07 ; elapsed = 00:00:06 . Memory (MB): peak = 1817.777 ; gain = 0.000
Phase 4.3 Placer Reporting | Checksum: 1fb5b24a3

Time (s): cpu = 00:00:07 ; elapsed = 00:00:06 . Memory (MB): peak = 1817.777 ; gain = 0.000

Phase 4.4 Final Placement Cleanup
Netlist sorting complete. Time (s): cpu = 00:00:00 ; elapsed = 00:00:00.001 . Memory (MB): peak = 1817.777 ; gain = 0.000

Time (s): cpu = 00:00:07 ; elapsed = 00:00:06 . Memory (MB): peak = 1817.777 ; gain = 0.000
Phase 4 Post Placement Optimization and Clean-Up | Checksum: 1edf47ca4

Time (s): cpu = 00:00:07 ; elapsed = 00:00:06 . Memory (MB): peak = 1817.777 ; gain = 0.000
Ending Placer Task | Checksum: 17b68a6ed

Time (s): cpu = 00:00:07 ; elapsed = 00:00:06 . Memory (MB): peak = 1817.777 ; gain = 0.000
INFO: [Common 17-83] Releasing license: Implementation
43 Infos, 97 Warnings, 95 Critical Warnings and 0 Errors encountered.
place_design completed successfully
place_design: Time (s): cpu = 00:00:09 ; elapsed = 00:00:07 . Memory (MB): peak = 1817.777 ; gain = 0.000
INFO: [Timing 38-480] Writing timing data to binary archive.
Writing placer database...
Writing XDEF routing.
Writing XDEF routing logical nets.
Writing XDEF routing special nets.
Write XDEF Complete: Time (s): cpu = 00:00:01 ; elapsed = 00:00:00.217 . Memory (MB): peak = 1817.777 ; gain = 0.000
INFO: [Common 17-1381] The checkpoint 'C:/Users/GAO/Desktop/Computer-Orgnization-ARM-/Project/3.regFile/regFile.runs/impl_1/regFile_placed.dcp' has been generated.
INFO: [runtcl-4] Executing : report_io -file regFile_io_placed.rpt
report_io: Time (s): cpu = 00:00:00 ; elapsed = 00:00:00.129 . Memory (MB): peak = 1817.777 ; gain = 0.000
INFO: [runtcl-4] Executing : report_utilization -file regFile_utilization_placed.rpt -pb regFile_utilization_placed.pb
INFO: [runtcl-4] Executing : report_control_sets -verbose -file regFile_control_sets_placed.rpt
report_control_sets: Time (s): cpu = 00:00:00 ; elapsed = 00:00:00.007 . Memory (MB): peak = 1817.777 ; gain = 0.000
Command: phys_opt_design
Attempting to get a license for feature 'Implementation' and/or device 'xc7a100t'
INFO: [Common 17-349] Got license for feature 'Implementation' and/or device 'xc7a100t'
INFO: [Vivado_Tcl 4-235] No timing constraint found. The netlist was not modified.
INFO: [Common 17-83] Releasing license: Implementation
51 Infos, 97 Warnings, 95 Critical Warnings and 0 Errors encountered.
phys_opt_design completed successfully
INFO: [Timing 38-480] Writing timing data to binary archive.
Writing placer database...
Writing XDEF routing.
Writing XDEF routing logical nets.
Writing XDEF routing special nets.
Write XDEF Complete: Time (s): cpu = 00:00:01 ; elapsed = 00:00:00.214 . Memory (MB): peak = 1831.496 ; gain = 13.719
INFO: [Common 17-1381] The checkpoint 'C:/Users/GAO/Desktop/Computer-Orgnization-ARM-/Project/3.regFile/regFile.runs/impl_1/regFile_physopt.dcp' has been generated.
Command: route_design
Attempting to get a license for feature 'Implementation' and/or device 'xc7a100t'
INFO: [Common 17-349] Got license for feature 'Implementation' and/or device 'xc7a100t'
Running DRC as a precondition to command route_design
INFO: [DRC 23-27] Running DRC with 2 threads
INFO: [Vivado_Tcl 4-198] DRC finished with 0 Errors
INFO: [Vivado_Tcl 4-199] Please refer to the DRC report (report_drc) for more information.


Starting Routing Task
INFO: [Route 35-254] Multithreading enabled for route_design using a maximum of 2 CPUs
Checksum: PlaceDB: f1fb8039 ConstDB: 0 ShapeSum: 896d26b4 RouteDB: 0

Phase 1 Build RT Design
Phase 1 Build RT Design | Checksum: 1542a5f36

Time (s): cpu = 00:00:30 ; elapsed = 00:00:26 . Memory (MB): peak = 1967.934 ; gain = 127.410
Post Restoration Checksum: NetGraph: 8c701f60 NumContArr: c7ba3fd6 Constraints: 0 Timing: 0

Phase 2 Router Initialization
INFO: [Route 35-64] No timing constraints were detected. The router will operate in resource-optimization mode.

Phase 2.1 Fix Topology Constraints
Phase 2.1 Fix Topology Constraints | Checksum: 1542a5f36

Time (s): cpu = 00:00:30 ; elapsed = 00:00:26 . Memory (MB): peak = 1973.953 ; gain = 133.430

Phase 2.2 Pre Route Cleanup
Phase 2.2 Pre Route Cleanup | Checksum: 1542a5f36

Time (s): cpu = 00:00:30 ; elapsed = 00:00:26 . Memory (MB): peak = 1973.953 ; gain = 133.430
 Number of Nodes with overlaps = 0
Phase 2 Router Initialization | Checksum: 7e05a7d5

Time (s): cpu = 00:00:30 ; elapsed = 00:00:26 . Memory (MB): peak = 1992.617 ; gain = 152.094

Router Utilization Summary
  Global Vertical Routing Utilization    = 0 %
  Global Horizontal Routing Utilization  = 0 %
  Routable Net Status*
  *Does not include unroutable nets such as driverless and loadless.
  Run report_route_status for detailed report.
  Number of Failed Nets               = 2791
    (Failed Nets is the sum of unrouted and partially routed nets)
  Number of Unrouted Nets             = 2791
  Number of Partially Routed Nets     = 0
  Number of Node Overlaps             = 0


Phase 3 Initial Routing

Phase 3.1 Global Routing
Phase 3.1 Global Routing | Checksum: 7e05a7d5

Time (s): cpu = 00:00:30 ; elapsed = 00:00:26 . Memory (MB): peak = 1993.961 ; gain = 153.438
Phase 3 Initial Routing | Checksum: 114b88d11

Time (s): cpu = 00:00:31 ; elapsed = 00:00:26 . Memory (MB): peak = 1994.648 ; gain = 154.125

Phase 4 Rip-up And Reroute

Phase 4.1 Global Iteration 0
 Number of Nodes with overlaps = 359
 Number of Nodes with overlaps = 1
 Number of Nodes with overlaps = 0
Phase 4.1 Global Iteration 0 | Checksum: b2e6fe12

Time (s): cpu = 00:00:32 ; elapsed = 00:00:27 . Memory (MB): peak = 1994.648 ; gain = 154.125
Phase 4 Rip-up And Reroute | Checksum: b2e6fe12

Time (s): cpu = 00:00:32 ; elapsed = 00:00:27 . Memory (MB): peak = 1994.648 ; gain = 154.125

Phase 5 Delay and Skew Optimization
Phase 5 Delay and Skew Optimization | Checksum: b2e6fe12

Time (s): cpu = 00:00:32 ; elapsed = 00:00:27 . Memory (MB): peak = 1994.648 ; gain = 154.125

Phase 6 Post Hold Fix

Phase 6.1 Hold Fix Iter
Phase 6.1 Hold Fix Iter | Checksum: b2e6fe12

Time (s): cpu = 00:00:32 ; elapsed = 00:00:27 . Memory (MB): peak = 1994.648 ; gain = 154.125
Phase 6 Post Hold Fix | Checksum: b2e6fe12

Time (s): cpu = 00:00:32 ; elapsed = 00:00:27 . Memory (MB): peak = 1994.648 ; gain = 154.125

Phase 7 Route finalize

Router Utilization Summary
  Global Vertical Routing Utilization    = 0.706402 %
  Global Horizontal Routing Utilization  = 0.802856 %
  Routable Net Status*
  *Does not include unroutable nets such as driverless and loadless.
  Run report_route_status for detailed report.
  Number of Failed Nets               = 0
    (Failed Nets is the sum of unrouted and partially routed nets)
  Number of Unrouted Nets             = 0
  Number of Partially Routed Nets     = 0
  Number of Node Overlaps             = 0

Congestion Report
North Dir 1x1 Area, Max Cong = 43.2432%, No Congested Regions.
South Dir 1x1 Area, Max Cong = 44.1441%, No Congested Regions.
East Dir 1x1 Area, Max Cong = 38.2353%, No Congested Regions.
West Dir 1x1 Area, Max Cong = 39.7059%, No Congested Regions.

------------------------------
Reporting congestion hotspots
------------------------------
Direction: North
----------------
Congested clusters found at Level 0
Effective congestion level: 0 Aspect Ratio: 1 Sparse Ratio: 0
Direction: South
----------------
Congested clusters found at Level 0
Effective congestion level: 0 Aspect Ratio: 1 Sparse Ratio: 0
Direction: East
----------------
Congested clusters found at Level 0
Effective congestion level: 0 Aspect Ratio: 1 Sparse Ratio: 0
Direction: West
----------------
Congested clusters found at Level 0
Effective congestion level: 0 Aspect Ratio: 1 Sparse Ratio: 0

Phase 7 Route finalize | Checksum: b2e6fe12

Time (s): cpu = 00:00:32 ; elapsed = 00:00:27 . Memory (MB): peak = 1994.648 ; gain = 154.125

Phase 8 Verifying routed nets

 Verification completed successfully
Phase 8 Verifying routed nets | Checksum: b2e6fe12

Time (s): cpu = 00:00:32 ; elapsed = 00:00:27 . Memory (MB): peak = 1994.648 ; gain = 154.125

Phase 9 Depositing Routes
Phase 9 Depositing Routes | Checksum: ab0e0ba5

Time (s): cpu = 00:00:32 ; elapsed = 00:00:28 . Memory (MB): peak = 1994.648 ; gain = 154.125
INFO: [Route 35-16] Router Completed Successfully

Time (s): cpu = 00:00:32 ; elapsed = 00:00:28 . Memory (MB): peak = 1994.648 ; gain = 154.125

Routing Is Done.
INFO: [Common 17-83] Releasing license: Implementation
61 Infos, 97 Warnings, 95 Critical Warnings and 0 Errors encountered.
route_design completed successfully
route_design: Time (s): cpu = 00:00:34 ; elapsed = 00:00:29 . Memory (MB): peak = 1994.648 ; gain = 163.152
INFO: [Timing 38-480] Writing timing data to binary archive.
Writing placer database...
Writing XDEF routing.
Writing XDEF routing logical nets.
Writing XDEF routing special nets.
Write XDEF Complete: Time (s): cpu = 00:00:00 ; elapsed = 00:00:00.291 . Memory (MB): peak = 2003.535 ; gain = 8.887
INFO: [Common 17-1381] The checkpoint 'C:/Users/GAO/Desktop/Computer-Orgnization-ARM-/Project/3.regFile/regFile.runs/impl_1/regFile_routed.dcp' has been generated.
INFO: [runtcl-4] Executing : report_drc -file regFile_drc_routed.rpt -pb regFile_drc_routed.pb -rpx regFile_drc_routed.rpx
Command: report_drc -file regFile_drc_routed.rpt -pb regFile_drc_routed.pb -rpx regFile_drc_routed.rpx
INFO: [IP_Flow 19-1839] IP Catalog is up to date.
INFO: [DRC 23-27] Running DRC with 2 threads
INFO: [Coretcl 2-168] The results of DRC are in file C:/Users/GAO/Desktop/Computer-Orgnization-ARM-/Project/3.regFile/regFile.runs/impl_1/regFile_drc_routed.rpt.
report_drc completed successfully
INFO: [runtcl-4] Executing : report_methodology -file regFile_methodology_drc_routed.rpt -pb regFile_methodology_drc_routed.pb -rpx regFile_methodology_drc_routed.rpx
Command: report_methodology -file regFile_methodology_drc_routed.rpt -pb regFile_methodology_drc_routed.pb -rpx regFile_methodology_drc_routed.rpx
INFO: [Timing 38-35] Done setting XDC timing constraints.
INFO: [DRC 23-133] Running Methodology with 2 threads
INFO: [Coretcl 2-1520] The results of Report Methodology are in file C:/Users/GAO/Desktop/Computer-Orgnization-ARM-/Project/3.regFile/regFile.runs/impl_1/regFile_methodology_drc_routed.rpt.
report_methodology completed successfully
INFO: [runtcl-4] Executing : report_power -file regFile_power_routed.rpt -pb regFile_power_summary_routed.pb -rpx regFile_power_routed.rpx
Command: report_power -file regFile_power_routed.rpt -pb regFile_power_summary_routed.pb -rpx regFile_power_routed.rpx
INFO: [Timing 38-35] Done setting XDC timing constraints.
WARNING: [Power 33-232] No user defined clocks were found in the design! Power estimation will be inaccurate until this is corrected.
Resolution: Please specify clocks using create_clock/create_generated_clock for sequential elements. For pure combinatorial circuits, please specify a virtual clock, otherwise the vectorless estimation might be inaccurate
Running Vector-less Activity Propagation...

Finished Running Vector-less Activity Propagation
73 Infos, 98 Warnings, 95 Critical Warnings and 0 Errors encountered.
report_power completed successfully
INFO: [runtcl-4] Executing : report_route_status -file regFile_route_status.rpt -pb regFile_route_status.pb
INFO: [runtcl-4] Executing : report_timing_summary -max_paths 10 -file regFile_timing_summary_routed.rpt -pb regFile_timing_summary_routed.pb -rpx regFile_timing_summary_routed.rpx -warn_on_violation 
INFO: [Timing 38-91] UpdateTimingParams: Speed grade: -2L, Delay Type: min_max.
INFO: [Timing 38-191] Multithreading enabled for timing update using a maximum of 2 CPUs
WARNING: [Timing 38-313] There are no user specified timing constraints. Timing constraints are needed for proper timing analysis.
INFO: [runtcl-4] Executing : report_incremental_reuse -file regFile_incremental_reuse_routed.rpt
INFO: [Vivado_Tcl 4-1062] Incremental flow is disabled. No incremental reuse Info to report.
INFO: [runtcl-4] Executing : report_clock_utilization -file regFile_clock_utilization_routed.rpt
INFO: [runtcl-4] Executing : report_bus_skew -warn_on_violation -file regFile_bus_skew_routed.rpt -pb regFile_bus_skew_routed.pb -rpx regFile_bus_skew_routed.rpx
INFO: [Timing 38-91] UpdateTimingParams: Speed grade: -2L, Delay Type: min_max.
INFO: [Timing 38-191] Multithreading enabled for timing update using a maximum of 2 CPUs
INFO: [Common 17-206] Exiting Vivado at Mon Apr 26 21:41:21 2021...
