
*** Running vivado
    with args -log Board.vds -m64 -product Vivado -mode batch -messageDb vivado.pb -notrace -source Board.tcl



****** Vivado v2020.2 (64-bit)
  **** SW Build 3064766 on Wed Nov 18 09:12:45 MST 2020
  **** IP Build 3064653 on Wed Nov 18 14:17:31 MST 2020
    ** Copyright 1986-2020 Xilinx, Inc. All Rights Reserved.

source Board.tcl -notrace
Command: synth_design -top Board -part xc7a100tfgg484-2L
Starting synth_design
Attempting to get a license for feature 'Synthesis' and/or device 'xc7a100t'
INFO: [Common 17-349] Got license for feature 'Synthesis' and/or device 'xc7a100t'
INFO: [Device 21-403] Loading part xc7a100tfgg484-2L
INFO: [Synth 8-7079] Multithreading enabled for synth_design using a maximum of 2 processes.
INFO: [Synth 8-7078] Launching helper process for spawning children vivado processes
INFO: [Synth 8-7075] Helper process launched with PID 16156
---------------------------------------------------------------------------------
Starting RTL Elaboration : Time (s): cpu = 00:00:04 ; elapsed = 00:00:04 . Memory (MB): peak = 1115.195 ; gain = 4.418
---------------------------------------------------------------------------------
INFO: [Synth 8-6157] synthesizing module 'Board' [C:/Users/GAO/Desktop/Computer-Orgnization/Project/1.barrelShifter/barrelShifter.srcs/sources_1/new/Board.v:23]
INFO: [Synth 8-6157] synthesizing module 'barrelShifter' [C:/Users/GAO/Desktop/Computer-Orgnization/Project/1.barrelShifter/barrelShifter.srcs/sources_1/new/barrelShifter.v:22]
INFO: [Synth 8-6155] done synthesizing module 'barrelShifter' (1#1) [C:/Users/GAO/Desktop/Computer-Orgnization/Project/1.barrelShifter/barrelShifter.srcs/sources_1/new/barrelShifter.v:22]
INFO: [Synth 8-6157] synthesizing module 'Display' [C:/Users/GAO/Desktop/Computer-Orgnization/Project/1.barrelShifter/barrelShifter.srcs/sources_1/new/Display.v:22]
INFO: [Synth 8-6155] done synthesizing module 'Display' (2#1) [C:/Users/GAO/Desktop/Computer-Orgnization/Project/1.barrelShifter/barrelShifter.srcs/sources_1/new/Display.v:22]
WARNING: [Synth 8-7071] port 'count' of module 'Display' is unconnected for instance 'Display' [C:/Users/GAO/Desktop/Computer-Orgnization/Project/1.barrelShifter/barrelShifter.srcs/sources_1/new/Board.v:59]
WARNING: [Synth 8-7071] port 'digit' of module 'Display' is unconnected for instance 'Display' [C:/Users/GAO/Desktop/Computer-Orgnization/Project/1.barrelShifter/barrelShifter.srcs/sources_1/new/Board.v:59]
WARNING: [Synth 8-7023] instance 'Display' of module 'Display' has 6 connections declared, but only 4 given [C:/Users/GAO/Desktop/Computer-Orgnization/Project/1.barrelShifter/barrelShifter.srcs/sources_1/new/Board.v:59]
INFO: [Synth 8-6155] done synthesizing module 'Board' (3#1) [C:/Users/GAO/Desktop/Computer-Orgnization/Project/1.barrelShifter/barrelShifter.srcs/sources_1/new/Board.v:23]
---------------------------------------------------------------------------------
Finished RTL Elaboration : Time (s): cpu = 00:00:05 ; elapsed = 00:00:05 . Memory (MB): peak = 1167.906 ; gain = 57.129
---------------------------------------------------------------------------------
---------------------------------------------------------------------------------
Start Handling Custom Attributes
---------------------------------------------------------------------------------
---------------------------------------------------------------------------------
Finished Handling Custom Attributes : Time (s): cpu = 00:00:06 ; elapsed = 00:00:05 . Memory (MB): peak = 1167.906 ; gain = 57.129
---------------------------------------------------------------------------------
---------------------------------------------------------------------------------
Finished RTL Optimization Phase 1 : Time (s): cpu = 00:00:06 ; elapsed = 00:00:05 . Memory (MB): peak = 1167.906 ; gain = 57.129
---------------------------------------------------------------------------------
Netlist sorting complete. Time (s): cpu = 00:00:00 ; elapsed = 00:00:00.009 . Memory (MB): peak = 1167.906 ; gain = 0.000
INFO: [Project 1-570] Preparing netlist for logic optimization

Processing XDC Constraints
Initializing timing engine
Parsing XDC File [C:/Users/GAO/Desktop/Computer-Orgnization/Project/1.barrelShifter/barrelShifter.srcs/constrs_1/new/Board.xdc]
WARNING: [Vivado 12-507] No nets matched 'clk_IBUF'. [C:/Users/GAO/Desktop/Computer-Orgnization/Project/1.barrelShifter/barrelShifter.srcs/constrs_1/new/Board.xdc:103]
CRITICAL WARNING: [Common 17-55] 'set_property' expects at least one object. [C:/Users/GAO/Desktop/Computer-Orgnization/Project/1.barrelShifter/barrelShifter.srcs/constrs_1/new/Board.xdc:103]
Resolution: If [get_<value>] was used to populate the object, check to make sure this command returns at least one valid object.
WARNING: [Vivado 12-507] No nets matched 'swb_IBUF[1]'. [C:/Users/GAO/Desktop/Computer-Orgnization/Project/1.barrelShifter/barrelShifter.srcs/constrs_1/new/Board.xdc:104]
CRITICAL WARNING: [Common 17-55] 'set_property' expects at least one object. [C:/Users/GAO/Desktop/Computer-Orgnization/Project/1.barrelShifter/barrelShifter.srcs/constrs_1/new/Board.xdc:104]
Resolution: If [get_<value>] was used to populate the object, check to make sure this command returns at least one valid object.
WARNING: [Vivado 12-507] No nets matched 'swb_IBUF[2]'. [C:/Users/GAO/Desktop/Computer-Orgnization/Project/1.barrelShifter/barrelShifter.srcs/constrs_1/new/Board.xdc:105]
CRITICAL WARNING: [Common 17-55] 'set_property' expects at least one object. [C:/Users/GAO/Desktop/Computer-Orgnization/Project/1.barrelShifter/barrelShifter.srcs/constrs_1/new/Board.xdc:105]
Resolution: If [get_<value>] was used to populate the object, check to make sure this command returns at least one valid object.
WARNING: [Vivado 12-507] No nets matched 'swb_IBUF[3]'. [C:/Users/GAO/Desktop/Computer-Orgnization/Project/1.barrelShifter/barrelShifter.srcs/constrs_1/new/Board.xdc:106]
CRITICAL WARNING: [Common 17-55] 'set_property' expects at least one object. [C:/Users/GAO/Desktop/Computer-Orgnization/Project/1.barrelShifter/barrelShifter.srcs/constrs_1/new/Board.xdc:106]
Resolution: If [get_<value>] was used to populate the object, check to make sure this command returns at least one valid object.
WARNING: [Vivado 12-507] No nets matched 'swb_IBUF[4]'. [C:/Users/GAO/Desktop/Computer-Orgnization/Project/1.barrelShifter/barrelShifter.srcs/constrs_1/new/Board.xdc:107]
CRITICAL WARNING: [Common 17-55] 'set_property' expects at least one object. [C:/Users/GAO/Desktop/Computer-Orgnization/Project/1.barrelShifter/barrelShifter.srcs/constrs_1/new/Board.xdc:107]
Resolution: If [get_<value>] was used to populate the object, check to make sure this command returns at least one valid object.
WARNING: [Vivado 12-507] No nets matched 'swb_IBUF[5]'. [C:/Users/GAO/Desktop/Computer-Orgnization/Project/1.barrelShifter/barrelShifter.srcs/constrs_1/new/Board.xdc:108]
CRITICAL WARNING: [Common 17-55] 'set_property' expects at least one object. [C:/Users/GAO/Desktop/Computer-Orgnization/Project/1.barrelShifter/barrelShifter.srcs/constrs_1/new/Board.xdc:108]
Resolution: If [get_<value>] was used to populate the object, check to make sure this command returns at least one valid object.
WARNING: [Vivado 12-507] No nets matched 'swb_IBUF[6]'. [C:/Users/GAO/Desktop/Computer-Orgnization/Project/1.barrelShifter/barrelShifter.srcs/constrs_1/new/Board.xdc:109]
CRITICAL WARNING: [Common 17-55] 'set_property' expects at least one object. [C:/Users/GAO/Desktop/Computer-Orgnization/Project/1.barrelShifter/barrelShifter.srcs/constrs_1/new/Board.xdc:109]
Resolution: If [get_<value>] was used to populate the object, check to make sure this command returns at least one valid object.
Finished Parsing XDC File [C:/Users/GAO/Desktop/Computer-Orgnization/Project/1.barrelShifter/barrelShifter.srcs/constrs_1/new/Board.xdc]
INFO: [Project 1-236] Implementation specific constraints were found while reading constraint file [C:/Users/GAO/Desktop/Computer-Orgnization/Project/1.barrelShifter/barrelShifter.srcs/constrs_1/new/Board.xdc]. These constraints will be ignored for synthesis but will be used in implementation. Impacted constraints are listed in the file [.Xil/Board_propImpl.xdc].
Resolution: To avoid this warning, move constraints listed in [.Xil/Board_propImpl.xdc] to another XDC file and exclude this new file from synthesis with the used_in_synthesis property (File Properties dialog in GUI) and re-run elaboration/synthesis.
Completed Processing XDC Constraints

Netlist sorting complete. Time (s): cpu = 00:00:00 ; elapsed = 00:00:00 . Memory (MB): peak = 1242.609 ; gain = 0.000
INFO: [Project 1-111] Unisim Transformation Summary:
No Unisim elements were transformed.

Constraint Validation Runtime : Time (s): cpu = 00:00:00 ; elapsed = 00:00:00.003 . Memory (MB): peak = 1242.609 ; gain = 0.000
---------------------------------------------------------------------------------
Finished Constraint Validation : Time (s): cpu = 00:00:11 ; elapsed = 00:00:11 . Memory (MB): peak = 1242.609 ; gain = 131.832
---------------------------------------------------------------------------------
---------------------------------------------------------------------------------
Start Loading Part and Timing Information
---------------------------------------------------------------------------------
Loading part: xc7a100tfgg484-2L
---------------------------------------------------------------------------------
Finished Loading Part and Timing Information : Time (s): cpu = 00:00:11 ; elapsed = 00:00:11 . Memory (MB): peak = 1242.609 ; gain = 131.832
---------------------------------------------------------------------------------
---------------------------------------------------------------------------------
Start Applying 'set_property' XDC Constraints
---------------------------------------------------------------------------------
---------------------------------------------------------------------------------
Finished applying 'set_property' XDC Constraints : Time (s): cpu = 00:00:11 ; elapsed = 00:00:11 . Memory (MB): peak = 1242.609 ; gain = 131.832
---------------------------------------------------------------------------------
---------------------------------------------------------------------------------
Finished RTL Optimization Phase 2 : Time (s): cpu = 00:00:11 ; elapsed = 00:00:11 . Memory (MB): peak = 1242.609 ; gain = 131.832
---------------------------------------------------------------------------------
---------------------------------------------------------------------------------
Start RTL Component Statistics 
---------------------------------------------------------------------------------
Detailed RTL Component Info : 
+---Adders : 
	   2 Input   11 Bit       Adders := 1     
	   2 Input    3 Bit       Adders := 1     
+---Registers : 
	               32 Bit    Registers := 1     
	               11 Bit    Registers := 1     
	                8 Bit    Registers := 1     
	                3 Bit    Registers := 2     
	                1 Bit    Registers := 2     
+---Muxes : 
	   2 Input   32 Bit        Muxes := 9     
	   4 Input   32 Bit        Muxes := 1     
	   2 Input    1 Bit        Muxes := 4     
	   4 Input    1 Bit        Muxes := 1     
---------------------------------------------------------------------------------
Finished RTL Component Statistics 
---------------------------------------------------------------------------------
---------------------------------------------------------------------------------
Start Part Resource Summary
---------------------------------------------------------------------------------
Part Resources:
DSPs: 240 (col length:80)
BRAMs: 270 (col length: RAMB18 80 RAMB36 40)
---------------------------------------------------------------------------------
Finished Part Resource Summary
---------------------------------------------------------------------------------
---------------------------------------------------------------------------------
Start Cross Boundary and Area Optimization
---------------------------------------------------------------------------------
---------------------------------------------------------------------------------
Finished Cross Boundary and Area Optimization : Time (s): cpu = 00:00:14 ; elapsed = 00:00:14 . Memory (MB): peak = 1242.609 ; gain = 131.832
---------------------------------------------------------------------------------
---------------------------------------------------------------------------------
Start Applying XDC Timing Constraints
---------------------------------------------------------------------------------
---------------------------------------------------------------------------------
Finished Applying XDC Timing Constraints : Time (s): cpu = 00:00:19 ; elapsed = 00:00:19 . Memory (MB): peak = 1260.547 ; gain = 149.770
---------------------------------------------------------------------------------
---------------------------------------------------------------------------------
Start Timing Optimization
---------------------------------------------------------------------------------
---------------------------------------------------------------------------------
Finished Timing Optimization : Time (s): cpu = 00:00:19 ; elapsed = 00:00:19 . Memory (MB): peak = 1260.547 ; gain = 149.770
---------------------------------------------------------------------------------
---------------------------------------------------------------------------------
Start Technology Mapping
---------------------------------------------------------------------------------
---------------------------------------------------------------------------------
Finished Technology Mapping : Time (s): cpu = 00:00:19 ; elapsed = 00:00:19 . Memory (MB): peak = 1279.641 ; gain = 168.863
---------------------------------------------------------------------------------
---------------------------------------------------------------------------------
Start IO Insertion
---------------------------------------------------------------------------------
---------------------------------------------------------------------------------
Start Flattening Before IO Insertion
---------------------------------------------------------------------------------
---------------------------------------------------------------------------------
Finished Flattening Before IO Insertion
---------------------------------------------------------------------------------
---------------------------------------------------------------------------------
Start Final Netlist Cleanup
---------------------------------------------------------------------------------
---------------------------------------------------------------------------------
Finished Final Netlist Cleanup
---------------------------------------------------------------------------------
---------------------------------------------------------------------------------
Finished IO Insertion : Time (s): cpu = 00:00:22 ; elapsed = 00:00:23 . Memory (MB): peak = 1286.703 ; gain = 175.926
---------------------------------------------------------------------------------
---------------------------------------------------------------------------------
Start Renaming Generated Instances
---------------------------------------------------------------------------------
---------------------------------------------------------------------------------
Finished Renaming Generated Instances : Time (s): cpu = 00:00:22 ; elapsed = 00:00:23 . Memory (MB): peak = 1286.703 ; gain = 175.926
---------------------------------------------------------------------------------
---------------------------------------------------------------------------------
Start Rebuilding User Hierarchy
---------------------------------------------------------------------------------
---------------------------------------------------------------------------------
Finished Rebuilding User Hierarchy : Time (s): cpu = 00:00:22 ; elapsed = 00:00:23 . Memory (MB): peak = 1286.703 ; gain = 175.926
---------------------------------------------------------------------------------
---------------------------------------------------------------------------------
Start Renaming Generated Ports
---------------------------------------------------------------------------------
---------------------------------------------------------------------------------
Finished Renaming Generated Ports : Time (s): cpu = 00:00:22 ; elapsed = 00:00:23 . Memory (MB): peak = 1286.703 ; gain = 175.926
---------------------------------------------------------------------------------
---------------------------------------------------------------------------------
Start Handling Custom Attributes
---------------------------------------------------------------------------------
---------------------------------------------------------------------------------
Finished Handling Custom Attributes : Time (s): cpu = 00:00:22 ; elapsed = 00:00:23 . Memory (MB): peak = 1286.703 ; gain = 175.926
---------------------------------------------------------------------------------
---------------------------------------------------------------------------------
Start Renaming Generated Nets
---------------------------------------------------------------------------------
---------------------------------------------------------------------------------
Finished Renaming Generated Nets : Time (s): cpu = 00:00:22 ; elapsed = 00:00:23 . Memory (MB): peak = 1286.703 ; gain = 175.926
---------------------------------------------------------------------------------
---------------------------------------------------------------------------------
Start Writing Synthesis Report
---------------------------------------------------------------------------------

Report BlackBoxes: 
+-+--------------+----------+
| |BlackBox name |Instances |
+-+--------------+----------+
+-+--------------+----------+

Report Cell Usage: 
+------+------+------+
|      |Cell  |Count |
+------+------+------+
|1     |BUFG  |     3|
|2     |LUT1  |     1|
|3     |LUT2  |     4|
|4     |LUT3  |     5|
|5     |LUT4  |    17|
|6     |LUT5  |     4|
|7     |LUT6  |    47|
|8     |MUXF7 |     4|
|9     |FDRE  |    59|
|10    |IBUF  |    16|
|11    |OBUF  |    44|
+------+------+------+
---------------------------------------------------------------------------------
Finished Writing Synthesis Report : Time (s): cpu = 00:00:22 ; elapsed = 00:00:23 . Memory (MB): peak = 1286.703 ; gain = 175.926
---------------------------------------------------------------------------------
Synthesis finished with 0 errors, 0 critical warnings and 0 warnings.
Synthesis Optimization Runtime : Time (s): cpu = 00:00:16 ; elapsed = 00:00:21 . Memory (MB): peak = 1286.703 ; gain = 101.223
Synthesis Optimization Complete : Time (s): cpu = 00:00:23 ; elapsed = 00:00:23 . Memory (MB): peak = 1286.703 ; gain = 175.926
INFO: [Project 1-571] Translating synthesized netlist
Netlist sorting complete. Time (s): cpu = 00:00:00 ; elapsed = 00:00:00.002 . Memory (MB): peak = 1298.781 ; gain = 0.000
INFO: [Netlist 29-17] Analyzing 4 Unisim elements for replacement
INFO: [Netlist 29-28] Unisim Transformation completed in 0 CPU seconds
INFO: [Project 1-570] Preparing netlist for logic optimization
INFO: [Opt 31-138] Pushed 0 inverter(s) to 0 load pin(s).
Netlist sorting complete. Time (s): cpu = 00:00:00 ; elapsed = 00:00:00 . Memory (MB): peak = 1305.488 ; gain = 0.000
INFO: [Project 1-111] Unisim Transformation Summary:
No Unisim elements were transformed.

INFO: [Common 17-83] Releasing license: Synthesis
21 Infos, 10 Warnings, 7 Critical Warnings and 0 Errors encountered.
synth_design completed successfully
synth_design: Time (s): cpu = 00:00:27 ; elapsed = 00:00:29 . Memory (MB): peak = 1305.488 ; gain = 194.711
INFO: [runtcl-6] Synthesis results are not added to the cache due to CRITICAL_WARNING
INFO: [Common 17-1381] The checkpoint 'C:/Users/GAO/Desktop/Computer-Orgnization/Project/1.barrelShifter/barrelShifter.runs/synth_1/Board.dcp' has been generated.
INFO: [runtcl-4] Executing : report_utilization -file Board_utilization_synth.rpt -pb Board_utilization_synth.pb
INFO: [Common 17-206] Exiting Vivado at Sun Apr 18 18:49:11 2021...
