#-----------------------------------------------------------
# Vivado v2020.2 (64-bit)
# SW Build 3064766 on Wed Nov 18 09:12:45 MST 2020
# IP Build 3064653 on Wed Nov 18 14:17:31 MST 2020
# Start of session at: Thu Jun 17 01:29:51 2021
# Process ID: 18224
# Current directory: C:/Users/gao/Desktop/Computer-Orgnization-ARM-/Project/10.CPU_Mem
# Command line: vivado.exe -gui_launcher_event rodinguilauncherevent22456 C:\Users\gao\Desktop\Computer-Orgnization-ARM-\Project\10.CPU_Mem\CPU_Mem.xpr
# Log file: C:/Users/gao/Desktop/Computer-Orgnization-ARM-/Project/10.CPU_Mem/vivado.log
# Journal file: C:/Users/gao/Desktop/Computer-Orgnization-ARM-/Project/10.CPU_Mem\vivado.jou
#-----------------------------------------------------------
start_gui
open_project C:/Users/gao/Desktop/Computer-Orgnization-ARM-/Project/10.CPU_Mem/CPU_Mem.xpr
Scanning sources...
Finished scanning sources
INFO: [IP_Flow 19-234] Refreshing IP repositories
INFO: [IP_Flow 19-1704] No user IP repositories specified
INFO: [IP_Flow 19-2313] Loaded Vivado IP repository 'D:/Xilinx/Vivado/2020.2/data/ip'.
open_project: Time (s): cpu = 00:00:11 ; elapsed = 00:00:05 . Memory (MB): peak = 1108.848 ; gain = 0.000
update_compile_order -fileset sources_1
export_ip_user_files -of_objects  [get_files C:/Users/gao/Desktop/Computer-Orgnization-ARM-/Project/10.CPU_Mem/data.coe] -no_script -reset -force -quiet
remove_files  C:/Users/gao/Desktop/Computer-Orgnization-ARM-/Project/10.CPU_Mem/data.coe
export_ip_user_files -of_objects  [get_files C:/Users/gao/Desktop/Computer-Orgnization-ARM-/Project/10.CPU_Mem/test.coe] -no_script -reset -force -quiet
remove_files  C:/Users/gao/Desktop/Computer-Orgnization-ARM-/Project/10.CPU_Mem/test.coe
