INFO: [VRFC 10-2263] Analyzing Verilog file "C:/Users/GAO/Desktop/Computer-Orgnization-ARM-/Project/3.regFile/regFile.srcs/sources_1/new/regFile.v" into library xil_defaultlib
INFO: [VRFC 10-311] analyzing module regFile
WARNING: [VRFC 10-986] literal value truncated to fit in 4 bits [C:/Users/GAO/Desktop/Computer-Orgnization-ARM-/Project/3.regFile/regFile.srcs/sources_1/new/regFile.v:148]
WARNING: [VRFC 10-986] literal value truncated to fit in 4 bits [C:/Users/GAO/Desktop/Computer-Orgnization-ARM-/Project/3.regFile/regFile.srcs/sources_1/new/regFile.v:149]
WARNING: [VRFC 10-986] literal value truncated to fit in 4 bits [C:/Users/GAO/Desktop/Computer-Orgnization-ARM-/Project/3.regFile/regFile.srcs/sources_1/new/regFile.v:150]
WARNING: [VRFC 10-986] literal value truncated to fit in 4 bits [C:/Users/GAO/Desktop/Computer-Orgnization-ARM-/Project/3.regFile/regFile.srcs/sources_1/new/regFile.v:151]
WARNING: [VRFC 10-986] literal value truncated to fit in 4 bits [C:/Users/GAO/Desktop/Computer-Orgnization-ARM-/Project/3.regFile/regFile.srcs/sources_1/new/regFile.v:152]
WARNING: [VRFC 10-986] literal value truncated to fit in 4 bits [C:/Users/GAO/Desktop/Computer-Orgnization-ARM-/Project/3.regFile/regFile.srcs/sources_1/new/regFile.v:153]
WARNING: [VRFC 10-986] literal value truncated to fit in 4 bits [C:/Users/GAO/Desktop/Computer-Orgnization-ARM-/Project/3.regFile/regFile.srcs/sources_1/new/regFile.v:154]
WARNING: [VRFC 10-986] literal value truncated to fit in 4 bits [C:/Users/GAO/Desktop/Computer-Orgnization-ARM-/Project/3.regFile/regFile.srcs/sources_1/new/regFile.v:155]
WARNING: [VRFC 10-986] literal value truncated to fit in 4 bits [C:/Users/GAO/Desktop/Computer-Orgnization-ARM-/Project/3.regFile/regFile.srcs/sources_1/new/regFile.v:156]
WARNING: [VRFC 10-986] literal value truncated to fit in 4 bits [C:/Users/GAO/Desktop/Computer-Orgnization-ARM-/Project/3.regFile/regFile.srcs/sources_1/new/regFile.v:161]
WARNING: [VRFC 10-986] literal value truncated to fit in 4 bits [C:/Users/GAO/Desktop/Computer-Orgnization-ARM-/Project/3.regFile/regFile.srcs/sources_1/new/regFile.v:162]
WARNING: [VRFC 10-986] literal value truncated to fit in 4 bits [C:/Users/GAO/Desktop/Computer-Orgnization-ARM-/Project/3.regFile/regFile.srcs/sources_1/new/regFile.v:163]
WARNING: [VRFC 10-986] literal value truncated to fit in 4 bits [C:/Users/GAO/Desktop/Computer-Orgnization-ARM-/Project/3.regFile/regFile.srcs/sources_1/new/regFile.v:164]
WARNING: [VRFC 10-986] literal value truncated to fit in 4 bits [C:/Users/GAO/Desktop/Computer-Orgnization-ARM-/Project/3.regFile/regFile.srcs/sources_1/new/regFile.v:165]
WARNING: [VRFC 10-986] literal value truncated to fit in 4 bits [C:/Users/GAO/Desktop/Computer-Orgnization-ARM-/Project/3.regFile/regFile.srcs/sources_1/new/regFile.v:166]
WARNING: [VRFC 10-986] literal value truncated to fit in 4 bits [C:/Users/GAO/Desktop/Computer-Orgnization-ARM-/Project/3.regFile/regFile.srcs/sources_1/new/regFile.v:168]
WARNING: [VRFC 10-986] literal value truncated to fit in 4 bits [C:/Users/GAO/Desktop/Computer-Orgnization-ARM-/Project/3.regFile/regFile.srcs/sources_1/new/regFile.v:169]
WARNING: [VRFC 10-986] literal value truncated to fit in 4 bits [C:/Users/GAO/Desktop/Computer-Orgnization-ARM-/Project/3.regFile/regFile.srcs/sources_1/new/regFile.v:173]
WARNING: [VRFC 10-986] literal value truncated to fit in 4 bits [C:/Users/GAO/Desktop/Computer-Orgnization-ARM-/Project/3.regFile/regFile.srcs/sources_1/new/regFile.v:181]
WARNING: [VRFC 10-986] literal value truncated to fit in 4 bits [C:/Users/GAO/Desktop/Computer-Orgnization-ARM-/Project/3.regFile/regFile.srcs/sources_1/new/regFile.v:182]
WARNING: [VRFC 10-986] literal value truncated to fit in 4 bits [C:/Users/GAO/Desktop/Computer-Orgnization-ARM-/Project/3.regFile/regFile.srcs/sources_1/new/regFile.v:183]
WARNING: [VRFC 10-986] literal value truncated to fit in 4 bits [C:/Users/GAO/Desktop/Computer-Orgnization-ARM-/Project/3.regFile/regFile.srcs/sources_1/new/regFile.v:184]
WARNING: [VRFC 10-986] literal value truncated to fit in 4 bits [C:/Users/GAO/Desktop/Computer-Orgnization-ARM-/Project/3.regFile/regFile.srcs/sources_1/new/regFile.v:185]
WARNING: [VRFC 10-986] literal value truncated to fit in 4 bits [C:/Users/GAO/Desktop/Computer-Orgnization-ARM-/Project/3.regFile/regFile.srcs/sources_1/new/regFile.v:186]
WARNING: [VRFC 10-986] literal value truncated to fit in 4 bits [C:/Users/GAO/Desktop/Computer-Orgnization-ARM-/Project/3.regFile/regFile.srcs/sources_1/new/regFile.v:187]
WARNING: [VRFC 10-986] literal value truncated to fit in 4 bits [C:/Users/GAO/Desktop/Computer-Orgnization-ARM-/Project/3.regFile/regFile.srcs/sources_1/new/regFile.v:188]
WARNING: [VRFC 10-986] literal value truncated to fit in 4 bits [C:/Users/GAO/Desktop/Computer-Orgnization-ARM-/Project/3.regFile/regFile.srcs/sources_1/new/regFile.v:189]
WARNING: [VRFC 10-986] literal value truncated to fit in 4 bits [C:/Users/GAO/Desktop/Computer-Orgnization-ARM-/Project/3.regFile/regFile.srcs/sources_1/new/regFile.v:194]
WARNING: [VRFC 10-986] literal value truncated to fit in 4 bits [C:/Users/GAO/Desktop/Computer-Orgnization-ARM-/Project/3.regFile/regFile.srcs/sources_1/new/regFile.v:195]
WARNING: [VRFC 10-986] literal value truncated to fit in 4 bits [C:/Users/GAO/Desktop/Computer-Orgnization-ARM-/Project/3.regFile/regFile.srcs/sources_1/new/regFile.v:196]
WARNING: [VRFC 10-986] literal value truncated to fit in 4 bits [C:/Users/GAO/Desktop/Computer-Orgnization-ARM-/Project/3.regFile/regFile.srcs/sources_1/new/regFile.v:197]
WARNING: [VRFC 10-986] literal value truncated to fit in 4 bits [C:/Users/GAO/Desktop/Computer-Orgnization-ARM-/Project/3.regFile/regFile.srcs/sources_1/new/regFile.v:198]
WARNING: [VRFC 10-986] literal value truncated to fit in 4 bits [C:/Users/GAO/Desktop/Computer-Orgnization-ARM-/Project/3.regFile/regFile.srcs/sources_1/new/regFile.v:199]
WARNING: [VRFC 10-986] literal value truncated to fit in 4 bits [C:/Users/GAO/Desktop/Computer-Orgnization-ARM-/Project/3.regFile/regFile.srcs/sources_1/new/regFile.v:201]
WARNING: [VRFC 10-986] literal value truncated to fit in 4 bits [C:/Users/GAO/Desktop/Computer-Orgnization-ARM-/Project/3.regFile/regFile.srcs/sources_1/new/regFile.v:202]
WARNING: [VRFC 10-986] literal value truncated to fit in 4 bits [C:/Users/GAO/Desktop/Computer-Orgnization-ARM-/Project/3.regFile/regFile.srcs/sources_1/new/regFile.v:206]
WARNING: [VRFC 10-986] literal value truncated to fit in 4 bits [C:/Users/GAO/Desktop/Computer-Orgnization-ARM-/Project/3.regFile/regFile.srcs/sources_1/new/regFile.v:214]
WARNING: [VRFC 10-986] literal value truncated to fit in 4 bits [C:/Users/GAO/Desktop/Computer-Orgnization-ARM-/Project/3.regFile/regFile.srcs/sources_1/new/regFile.v:215]
WARNING: [VRFC 10-986] literal value truncated to fit in 4 bits [C:/Users/GAO/Desktop/Computer-Orgnization-ARM-/Project/3.regFile/regFile.srcs/sources_1/new/regFile.v:216]
WARNING: [VRFC 10-986] literal value truncated to fit in 4 bits [C:/Users/GAO/Desktop/Computer-Orgnization-ARM-/Project/3.regFile/regFile.srcs/sources_1/new/regFile.v:217]
WARNING: [VRFC 10-986] literal value truncated to fit in 4 bits [C:/Users/GAO/Desktop/Computer-Orgnization-ARM-/Project/3.regFile/regFile.srcs/sources_1/new/regFile.v:218]
WARNING: [VRFC 10-986] literal value truncated to fit in 4 bits [C:/Users/GAO/Desktop/Computer-Orgnization-ARM-/Project/3.regFile/regFile.srcs/sources_1/new/regFile.v:219]
WARNING: [VRFC 10-986] literal value truncated to fit in 4 bits [C:/Users/GAO/Desktop/Computer-Orgnization-ARM-/Project/3.regFile/regFile.srcs/sources_1/new/regFile.v:220]
WARNING: [VRFC 10-986] literal value truncated to fit in 4 bits [C:/Users/GAO/Desktop/Computer-Orgnization-ARM-/Project/3.regFile/regFile.srcs/sources_1/new/regFile.v:221]
WARNING: [VRFC 10-986] literal value truncated to fit in 4 bits [C:/Users/GAO/Desktop/Computer-Orgnization-ARM-/Project/3.regFile/regFile.srcs/sources_1/new/regFile.v:222]
WARNING: [VRFC 10-986] literal value truncated to fit in 4 bits [C:/Users/GAO/Desktop/Computer-Orgnization-ARM-/Project/3.regFile/regFile.srcs/sources_1/new/regFile.v:227]
WARNING: [VRFC 10-986] literal value truncated to fit in 4 bits [C:/Users/GAO/Desktop/Computer-Orgnization-ARM-/Project/3.regFile/regFile.srcs/sources_1/new/regFile.v:228]
WARNING: [VRFC 10-986] literal value truncated to fit in 4 bits [C:/Users/GAO/Desktop/Computer-Orgnization-ARM-/Project/3.regFile/regFile.srcs/sources_1/new/regFile.v:229]
WARNING: [VRFC 10-986] literal value truncated to fit in 4 bits [C:/Users/GAO/Desktop/Computer-Orgnization-ARM-/Project/3.regFile/regFile.srcs/sources_1/new/regFile.v:230]
WARNING: [VRFC 10-986] literal value truncated to fit in 4 bits [C:/Users/GAO/Desktop/Computer-Orgnization-ARM-/Project/3.regFile/regFile.srcs/sources_1/new/regFile.v:231]
WARNING: [VRFC 10-986] literal value truncated to fit in 4 bits [C:/Users/GAO/Desktop/Computer-Orgnization-ARM-/Project/3.regFile/regFile.srcs/sources_1/new/regFile.v:232]
WARNING: [VRFC 10-986] literal value truncated to fit in 4 bits [C:/Users/GAO/Desktop/Computer-Orgnization-ARM-/Project/3.regFile/regFile.srcs/sources_1/new/regFile.v:234]
WARNING: [VRFC 10-986] literal value truncated to fit in 4 bits [C:/Users/GAO/Desktop/Computer-Orgnization-ARM-/Project/3.regFile/regFile.srcs/sources_1/new/regFile.v:235]
WARNING: [VRFC 10-986] literal value truncated to fit in 4 bits [C:/Users/GAO/Desktop/Computer-Orgnization-ARM-/Project/3.regFile/regFile.srcs/sources_1/new/regFile.v:239]
INFO: [VRFC 10-2263] Analyzing Verilog file "C:/Users/GAO/Desktop/Computer-Orgnization-ARM-/Project/3.regFile/regFile.srcs/sim_1/new/regFile_tb.v" into library xil_defaultlib
INFO: [VRFC 10-311] analyzing module regFile_tb
