#-----------------------------------------------------------
# Vivado v2020.2 (64-bit)
# SW Build 3064766 on Wed Nov 18 09:12:45 MST 2020
# IP Build 3064653 on Wed Nov 18 14:17:31 MST 2020
# Start of session at: Thu Apr 29 21:35:53 2021
# Process ID: 14464
# Current directory: C:/Users/GAO/Desktop/Computer-Orgnization-ARM-/Project/4.RAM_B
# Command line: vivado.exe -gui_launcher_event rodinguilauncherevent9616 C:\Users\GAO\Desktop\Computer-Orgnization-ARM-\Project\4.RAM_B\RAM_B.xpr
# Log file: C:/Users/GAO/Desktop/Computer-Orgnization-ARM-/Project/4.RAM_B/vivado.log
# Journal file: C:/Users/GAO/Desktop/Computer-Orgnization-ARM-/Project/4.RAM_B\vivado.jou
#-----------------------------------------------------------
start_gui
open_project C:/Users/GAO/Desktop/Computer-Orgnization-ARM-/Project/4.RAM_B/RAM_B.xpr
INFO: [Project 1-313] Project file moved from 'C:/Users/GAO/Desktop/Computer-Orgnization-ARM-/Project/RAM_B' since last save.
WARNING: [filemgmt 56-2] Default IP Output Path : Could not find the directory 'C:/Users/GAO/Desktop/Computer-Orgnization-ARM-/Project/4.RAM_B/RAM_B.gen/sources_1', nor could it be found using path 'C:/Users/GAO/Desktop/Computer-Orgnization-ARM-/Project/RAM_B/RAM_B.gen/sources_1'.
Scanning sources...
Finished scanning sources
INFO: [IP_Flow 19-234] Refreshing IP repositories
INFO: [IP_Flow 19-1704] No user IP repositories specified
INFO: [IP_Flow 19-2313] Loaded Vivado IP repository 'D:/Xilinx/Vivado/2020.2/data/ip'.
open_project: Time (s): cpu = 00:00:10 ; elapsed = 00:00:06 . Memory (MB): peak = 1072.828 ; gain = 0.000
exit
INFO: [Common 17-206] Exiting Vivado at Thu Apr 29 21:36:37 2021...
