#-----------------------------------------------------------
# Vivado v2020.2 (64-bit)
# SW Build 3064766 on Wed Nov 18 09:12:45 MST 2020
# IP Build 3064653 on Wed Nov 18 14:17:31 MST 2020
# Start of session at: Fri Apr 23 18:21:07 2021
# Process ID: 10904
# Current directory: C:/Users/GAO/Desktop/Computer-Orgnization-ARM-/Project/3.regFile
# Command line: vivado.exe -gui_launcher_event rodinguilauncherevent15244 C:\Users\GAO\Desktop\Computer-Orgnization-ARM-\Project\3.regFile\regFile.xpr
# Log file: C:/Users/GAO/Desktop/Computer-Orgnization-ARM-/Project/3.regFile/vivado.log
# Journal file: C:/Users/GAO/Desktop/Computer-Orgnization-ARM-/Project/3.regFile\vivado.jou
#-----------------------------------------------------------
start_gui
open_project C:/Users/GAO/Desktop/Computer-Orgnization-ARM-/Project/3.regFile/regFile.xpr
INFO: [Project 1-313] Project file moved from 'C:/Users/gao/Desktop/Computer-Orgnization-ARM-/Project/regFile' since last save.
WARNING: [filemgmt 56-2] Default IP Output Path : Could not find the directory 'C:/Users/GAO/Desktop/Computer-Orgnization-ARM-/Project/3.regFile/regFile.gen/sources_1', nor could it be found using path 'C:/Users/gao/Desktop/Computer-Orgnization-ARM-/Project/regFile/regFile.gen/sources_1'.
Scanning sources...
Finished scanning sources
INFO: [IP_Flow 19-234] Refreshing IP repositories
INFO: [IP_Flow 19-1704] No user IP repositories specified
INFO: [IP_Flow 19-2313] Loaded Vivado IP repository 'D:/Xilinx/Vivado/2020.2/data/ip'.
open_project: Time (s): cpu = 00:00:11 ; elapsed = 00:00:08 . Memory (MB): peak = 1080.742 ; gain = 0.000
