#-----------------------------------------------------------
# Vivado v2020.2 (64-bit)
# SW Build 3064766 on Wed Nov 18 09:12:45 MST 2020
# IP Build 3064653 on Wed Nov 18 14:17:31 MST 2020
# Start of session at: Sun Apr 18 12:58:51 2021
# Process ID: 12256
# Current directory: C:/Users/GAO/Desktop/Computer-Orgnization/Project/2.ALU
# Command line: vivado.exe -gui_launcher_event rodinguilauncherevent2684 C:\Users\GAO\Desktop\Computer-Orgnization\Project\2.ALU\ALU.xpr
# Log file: C:/Users/GAO/Desktop/Computer-Orgnization/Project/2.ALU/vivado.log
# Journal file: C:/Users/GAO/Desktop/Computer-Orgnization/Project/2.ALU\vivado.jou
#-----------------------------------------------------------
start_gui
open_project C:/Users/GAO/Desktop/Computer-Orgnization/Project/2.ALU/ALU.xpr
WARNING: [filemgmt 56-3] Default IP Output Path : Could not find the directory 'C:/Users/GAO/Desktop/Computer-Orgnization/Project/2.ALU/ALU.gen/sources_1'.
Scanning sources...
Finished scanning sources
INFO: [IP_Flow 19-234] Refreshing IP repositories
INFO: [IP_Flow 19-1704] No user IP repositories specified
INFO: [IP_Flow 19-2313] Loaded Vivado IP repository 'D:/Xilinx/Vivado/2020.2/data/ip'.
open_project: Time (s): cpu = 00:00:11 ; elapsed = 00:00:05 . Memory (MB): peak = 1109.680 ; gain = 0.000
update_compile_order -fileset sources_1
close [ open C:/Users/GAO/Desktop/Computer-Orgnization/Project/2.ALU/ALU.srcs/sources_1/new/Display.v w ]
add_files C:/Users/GAO/Desktop/Computer-Orgnization/Project/2.ALU/ALU.srcs/sources_1/new/Display.v
update_compile_order -fileset sources_1
close [ open C:/Users/GAO/Desktop/Computer-Orgnization/Project/2.ALU/ALU.srcs/sources_1/new/Board.v w ]
add_files C:/Users/GAO/Desktop/Computer-Orgnization/Project/2.ALU/ALU.srcs/sources_1/new/Board.v
update_compile_order -fileset sources_1
update_compile_order -fileset sources_1
update_compile_order -fileset sources_1
exit
INFO: [Common 17-206] Exiting Vivado at Sun Apr 18 13:24:28 2021...
