#-----------------------------------------------------------
# Vivado v2020.2 (64-bit)
# SW Build 3064766 on Wed Nov 18 09:12:45 MST 2020
# IP Build 3064653 on Wed Nov 18 14:17:31 MST 2020
# Start of session at: Mon Apr 19 21:50:22 2021
# Process ID: 1588
# Current directory: C:/Users/GAO/Desktop/Computer-Orgnization-ARM-/Project/2.ALU
# Command line: vivado.exe -gui_launcher_event rodinguilauncherevent18480 C:\Users\GAO\Desktop\Computer-Orgnization-ARM-\Project\2.ALU\ALU.xpr
# Log file: C:/Users/GAO/Desktop/Computer-Orgnization-ARM-/Project/2.ALU/vivado.log
# Journal file: C:/Users/GAO/Desktop/Computer-Orgnization-ARM-/Project/2.ALU\vivado.jou
#-----------------------------------------------------------
start_gui
open_project C:/Users/GAO/Desktop/Computer-Orgnization-ARM-/Project/2.ALU/ALU.xpr
WARNING: [filemgmt 56-3] Default IP Output Path : Could not find the directory 'C:/Users/GAO/Desktop/Computer-Orgnization-ARM-/Project/2.ALU/ALU.gen/sources_1'.
Scanning sources...
Finished scanning sources
INFO: [IP_Flow 19-234] Refreshing IP repositories
INFO: [IP_Flow 19-1704] No user IP repositories specified
INFO: [IP_Flow 19-2313] Loaded Vivado IP repository 'D:/Xilinx/Vivado/2020.2/data/ip'.
open_project: Time (s): cpu = 00:00:13 ; elapsed = 00:00:05 . Memory (MB): peak = 1107.867 ; gain = 0.000
update_compile_order -fileset sources_1
set_property top ALU_barrelShifter [current_fileset]
update_compile_order -fileset sources_1
synth_design -rtl -rtl_skip_mlo -name rtl_1
Command: synth_design -rtl -rtl_skip_mlo -name rtl_1
Starting synth_design
Using part: xc7a100tfgg484-2L
Top: ALU_barrelShifter
INFO: [Device 21-403] Loading part xc7a100tfgg484-2L
ERROR: [Synth 8-1031] clk is not declared [C:/Users/GAO/Desktop/Computer-Orgnization-ARM-/Project/2.ALU/ALU.srcs/sources_1/new/ALU.v:3]
INFO: [Synth 8-2350] module ALU ignored due to previous errors [C:/Users/GAO/Desktop/Computer-Orgnization-ARM-/Project/2.ALU/ALU.srcs/sources_1/new/ALU.v:3]
Failed to read verilog 'C:/Users/GAO/Desktop/Computer-Orgnization-ARM-/Project/2.ALU/ALU.srcs/sources_1/new/ALU.v'
2 Infos, 0 Warnings, 0 Critical Warnings and 2 Errors encountered.
synth_design failed
ERROR: [Vivado_Tcl 4-5] Elaboration failed - please see the console for details
synth_design -rtl -rtl_skip_mlo -name rtl_1
Command: synth_design -rtl -rtl_skip_mlo -name rtl_1
Starting synth_design
Using part: xc7a100tfgg484-2L
Top: ALU_barrelShifter
ERROR: [Synth 8-1031] clk is not declared [C:/Users/GAO/Desktop/Computer-Orgnization-ARM-/Project/2.ALU/ALU.srcs/sources_1/new/ALU.v:3]
INFO: [Synth 8-2350] module ALU ignored due to previous errors [C:/Users/GAO/Desktop/Computer-Orgnization-ARM-/Project/2.ALU/ALU.srcs/sources_1/new/ALU.v:3]
Failed to read verilog 'C:/Users/GAO/Desktop/Computer-Orgnization-ARM-/Project/2.ALU/ALU.srcs/sources_1/new/ALU.v'
1 Infos, 0 Warnings, 0 Critical Warnings and 2 Errors encountered.
synth_design failed
ERROR: [Vivado_Tcl 4-5] Elaboration failed - please see the console for details
synth_design -rtl -rtl_skip_mlo -name rtl_1
Command: synth_design -rtl -rtl_skip_mlo -name rtl_1
Starting synth_design
Using part: xc7a100tfgg484-2L
Top: ALU_barrelShifter
ERROR: [Synth 8-1031] clk is not declared [C:/Users/GAO/Desktop/Computer-Orgnization-ARM-/Project/2.ALU/ALU.srcs/sources_1/new/barrelShifter.v:23]
INFO: [Synth 8-2350] module barrelShifter ignored due to previous errors [C:/Users/GAO/Desktop/Computer-Orgnization-ARM-/Project/2.ALU/ALU.srcs/sources_1/new/barrelShifter.v:23]
Failed to read verilog 'C:/Users/GAO/Desktop/Computer-Orgnization-ARM-/Project/2.ALU/ALU.srcs/sources_1/new/barrelShifter.v'
1 Infos, 0 Warnings, 0 Critical Warnings and 2 Errors encountered.
synth_design failed
ERROR: [Vivado_Tcl 4-5] Elaboration failed - please see the console for details
synth_design -rtl -rtl_skip_mlo -name rtl_1
Command: synth_design -rtl -rtl_skip_mlo -name rtl_1
Starting synth_design
Using part: xc7a100tfgg484-2L
Top: ALU_barrelShifter
---------------------------------------------------------------------------------
Starting RTL Elaboration : Time (s): cpu = 00:00:04 ; elapsed = 00:00:04 . Memory (MB): peak = 1626.387 ; gain = 7.508
---------------------------------------------------------------------------------
INFO: [Synth 8-6157] synthesizing module 'ALU_barrelShifter' [C:/Users/GAO/Desktop/Computer-Orgnization-ARM-/Project/2.ALU/ALU.srcs/sources_1/new/ALU_barrelShifter.v:23]
INFO: [Synth 8-6157] synthesizing module 'barrelShifter' [C:/Users/GAO/Desktop/Computer-Orgnization-ARM-/Project/2.ALU/ALU.srcs/sources_1/new/barrelShifter.v:23]
INFO: [Synth 8-6155] done synthesizing module 'barrelShifter' (1#1) [C:/Users/GAO/Desktop/Computer-Orgnization-ARM-/Project/2.ALU/ALU.srcs/sources_1/new/barrelShifter.v:23]
WARNING: [Synth 8-689] width (32) of port connection 'Shift_Num' does not match port width (8) of module 'barrelShifter' [C:/Users/GAO/Desktop/Computer-Orgnization-ARM-/Project/2.ALU/ALU.srcs/sources_1/new/ALU_barrelShifter.v:42]
WARNING: [Synth 8-689] width (4) of port connection 'SHFT_OP' does not match port width (3) of module 'barrelShifter' [C:/Users/GAO/Desktop/Computer-Orgnization-ARM-/Project/2.ALU/ALU.srcs/sources_1/new/ALU_barrelShifter.v:43]
WARNING: [Synth 8-689] width (1) of port connection 'Shift_Out' does not match port width (32) of module 'barrelShifter' [C:/Users/GAO/Desktop/Computer-Orgnization-ARM-/Project/2.ALU/ALU.srcs/sources_1/new/ALU_barrelShifter.v:46]
INFO: [Synth 8-6157] synthesizing module 'ALU' [C:/Users/GAO/Desktop/Computer-Orgnization-ARM-/Project/2.ALU/ALU.srcs/sources_1/new/ALU.v:3]
INFO: [Synth 8-155] case statement is not full and has no default [C:/Users/GAO/Desktop/Computer-Orgnization-ARM-/Project/2.ALU/ALU.srcs/sources_1/new/ALU.v:25]
INFO: [Synth 8-6155] done synthesizing module 'ALU' (2#1) [C:/Users/GAO/Desktop/Computer-Orgnization-ARM-/Project/2.ALU/ALU.srcs/sources_1/new/ALU.v:3]
INFO: [Synth 8-6155] done synthesizing module 'ALU_barrelShifter' (3#1) [C:/Users/GAO/Desktop/Computer-Orgnization-ARM-/Project/2.ALU/ALU.srcs/sources_1/new/ALU_barrelShifter.v:23]
---------------------------------------------------------------------------------
Finished RTL Elaboration : Time (s): cpu = 00:00:05 ; elapsed = 00:00:05 . Memory (MB): peak = 1664.094 ; gain = 45.215
---------------------------------------------------------------------------------
---------------------------------------------------------------------------------
Start Handling Custom Attributes
---------------------------------------------------------------------------------
---------------------------------------------------------------------------------
Finished Handling Custom Attributes : Time (s): cpu = 00:00:05 ; elapsed = 00:00:05 . Memory (MB): peak = 1687.902 ; gain = 69.023
---------------------------------------------------------------------------------
---------------------------------------------------------------------------------
Finished RTL Optimization Phase 1 : Time (s): cpu = 00:00:05 ; elapsed = 00:00:05 . Memory (MB): peak = 1687.902 ; gain = 69.023
---------------------------------------------------------------------------------
Netlist sorting complete. Time (s): cpu = 00:00:00 ; elapsed = 00:00:00.016 . Memory (MB): peak = 1687.902 ; gain = 0.000
INFO: [Project 1-570] Preparing netlist for logic optimization

Processing XDC Constraints
Initializing timing engine
Parsing XDC File [C:/Users/GAO/Desktop/Computer-Orgnization-ARM-/Project/2.ALU/ALU.srcs/constrs_1/new/Board.xdc]
WARNING: [Vivado 12-584] No ports matched 'sw'. [C:/Users/GAO/Desktop/Computer-Orgnization-ARM-/Project/2.ALU/ALU.srcs/constrs_1/new/Board.xdc:3]
CRITICAL WARNING: [Common 17-55] 'set_property' expects at least one object. [C:/Users/GAO/Desktop/Computer-Orgnization-ARM-/Project/2.ALU/ALU.srcs/constrs_1/new/Board.xdc:3]
Resolution: If [get_<value>] was used to populate the object, check to make sure this command returns at least one valid object.
WARNING: [Vivado 12-584] No ports matched 'sw'. [C:/Users/GAO/Desktop/Computer-Orgnization-ARM-/Project/2.ALU/ALU.srcs/constrs_1/new/Board.xdc:4]
CRITICAL WARNING: [Common 17-55] 'set_property' expects at least one object. [C:/Users/GAO/Desktop/Computer-Orgnization-ARM-/Project/2.ALU/ALU.srcs/constrs_1/new/Board.xdc:4]
Resolution: If [get_<value>] was used to populate the object, check to make sure this command returns at least one valid object.
WARNING: [Vivado 12-584] No ports matched 'sw[1]'. [C:/Users/GAO/Desktop/Computer-Orgnization-ARM-/Project/2.ALU/ALU.srcs/constrs_1/new/Board.xdc:5]
CRITICAL WARNING: [Common 17-55] 'set_property' expects at least one object. [C:/Users/GAO/Desktop/Computer-Orgnization-ARM-/Project/2.ALU/ALU.srcs/constrs_1/new/Board.xdc:5]
Resolution: If [get_<value>] was used to populate the object, check to make sure this command returns at least one valid object.
WARNING: [Vivado 12-584] No ports matched 'sw[2]'. [C:/Users/GAO/Desktop/Computer-Orgnization-ARM-/Project/2.ALU/ALU.srcs/constrs_1/new/Board.xdc:6]
CRITICAL WARNING: [Common 17-55] 'set_property' expects at least one object. [C:/Users/GAO/Desktop/Computer-Orgnization-ARM-/Project/2.ALU/ALU.srcs/constrs_1/new/Board.xdc:6]
Resolution: If [get_<value>] was used to populate the object, check to make sure this command returns at least one valid object.
WARNING: [Vivado 12-584] No ports matched 'sw[3]'. [C:/Users/GAO/Desktop/Computer-Orgnization-ARM-/Project/2.ALU/ALU.srcs/constrs_1/new/Board.xdc:7]
CRITICAL WARNING: [Common 17-55] 'set_property' expects at least one object. [C:/Users/GAO/Desktop/Computer-Orgnization-ARM-/Project/2.ALU/ALU.srcs/constrs_1/new/Board.xdc:7]
Resolution: If [get_<value>] was used to populate the object, check to make sure this command returns at least one valid object.
WARNING: [Vivado 12-584] No ports matched 'sw[4]'. [C:/Users/GAO/Desktop/Computer-Orgnization-ARM-/Project/2.ALU/ALU.srcs/constrs_1/new/Board.xdc:8]
CRITICAL WARNING: [Common 17-55] 'set_property' expects at least one object. [C:/Users/GAO/Desktop/Computer-Orgnization-ARM-/Project/2.ALU/ALU.srcs/constrs_1/new/Board.xdc:8]
Resolution: If [get_<value>] was used to populate the object, check to make sure this command returns at least one valid object.
WARNING: [Vivado 12-584] No ports matched 'sw[5]'. [C:/Users/GAO/Desktop/Computer-Orgnization-ARM-/Project/2.ALU/ALU.srcs/constrs_1/new/Board.xdc:9]
CRITICAL WARNING: [Common 17-55] 'set_property' expects at least one object. [C:/Users/GAO/Desktop/Computer-Orgnization-ARM-/Project/2.ALU/ALU.srcs/constrs_1/new/Board.xdc:9]
Resolution: If [get_<value>] was used to populate the object, check to make sure this command returns at least one valid object.
WARNING: [Vivado 12-584] No ports matched 'sw[6]'. [C:/Users/GAO/Desktop/Computer-Orgnization-ARM-/Project/2.ALU/ALU.srcs/constrs_1/new/Board.xdc:10]
CRITICAL WARNING: [Common 17-55] 'set_property' expects at least one object. [C:/Users/GAO/Desktop/Computer-Orgnization-ARM-/Project/2.ALU/ALU.srcs/constrs_1/new/Board.xdc:10]
Resolution: If [get_<value>] was used to populate the object, check to make sure this command returns at least one valid object.
WARNING: [Vivado 12-584] No ports matched 'sw[7]'. [C:/Users/GAO/Desktop/Computer-Orgnization-ARM-/Project/2.ALU/ALU.srcs/constrs_1/new/Board.xdc:11]
CRITICAL WARNING: [Common 17-55] 'set_property' expects at least one object. [C:/Users/GAO/Desktop/Computer-Orgnization-ARM-/Project/2.ALU/ALU.srcs/constrs_1/new/Board.xdc:11]
Resolution: If [get_<value>] was used to populate the object, check to make sure this command returns at least one valid object.
WARNING: [Vivado 12-584] No ports matched 'sw[8]'. [C:/Users/GAO/Desktop/Computer-Orgnization-ARM-/Project/2.ALU/ALU.srcs/constrs_1/new/Board.xdc:12]
CRITICAL WARNING: [Common 17-55] 'set_property' expects at least one object. [C:/Users/GAO/Desktop/Computer-Orgnization-ARM-/Project/2.ALU/ALU.srcs/constrs_1/new/Board.xdc:12]
Resolution: If [get_<value>] was used to populate the object, check to make sure this command returns at least one valid object.
WARNING: [Vivado 12-584] No ports matched 'sw[9]'. [C:/Users/GAO/Desktop/Computer-Orgnization-ARM-/Project/2.ALU/ALU.srcs/constrs_1/new/Board.xdc:13]
CRITICAL WARNING: [Common 17-55] 'set_property' expects at least one object. [C:/Users/GAO/Desktop/Computer-Orgnization-ARM-/Project/2.ALU/ALU.srcs/constrs_1/new/Board.xdc:13]
Resolution: If [get_<value>] was used to populate the object, check to make sure this command returns at least one valid object.
WARNING: [Vivado 12-584] No ports matched 'sw[10]'. [C:/Users/GAO/Desktop/Computer-Orgnization-ARM-/Project/2.ALU/ALU.srcs/constrs_1/new/Board.xdc:14]
CRITICAL WARNING: [Common 17-55] 'set_property' expects at least one object. [C:/Users/GAO/Desktop/Computer-Orgnization-ARM-/Project/2.ALU/ALU.srcs/constrs_1/new/Board.xdc:14]
Resolution: If [get_<value>] was used to populate the object, check to make sure this command returns at least one valid object.
WARNING: [Vivado 12-584] No ports matched 'sw[11]'. [C:/Users/GAO/Desktop/Computer-Orgnization-ARM-/Project/2.ALU/ALU.srcs/constrs_1/new/Board.xdc:15]
CRITICAL WARNING: [Common 17-55] 'set_property' expects at least one object. [C:/Users/GAO/Desktop/Computer-Orgnization-ARM-/Project/2.ALU/ALU.srcs/constrs_1/new/Board.xdc:15]
Resolution: If [get_<value>] was used to populate the object, check to make sure this command returns at least one valid object.
WARNING: [Vivado 12-584] No ports matched 'sw[12]'. [C:/Users/GAO/Desktop/Computer-Orgnization-ARM-/Project/2.ALU/ALU.srcs/constrs_1/new/Board.xdc:16]
CRITICAL WARNING: [Common 17-55] 'set_property' expects at least one object. [C:/Users/GAO/Desktop/Computer-Orgnization-ARM-/Project/2.ALU/ALU.srcs/constrs_1/new/Board.xdc:16]
Resolution: If [get_<value>] was used to populate the object, check to make sure this command returns at least one valid object.
WARNING: [Vivado 12-584] No ports matched 'sw[13]'. [C:/Users/GAO/Desktop/Computer-Orgnization-ARM-/Project/2.ALU/ALU.srcs/constrs_1/new/Board.xdc:17]
CRITICAL WARNING: [Common 17-55] 'set_property' expects at least one object. [C:/Users/GAO/Desktop/Computer-Orgnization-ARM-/Project/2.ALU/ALU.srcs/constrs_1/new/Board.xdc:17]
Resolution: If [get_<value>] was used to populate the object, check to make sure this command returns at least one valid object.
WARNING: [Vivado 12-584] No ports matched 'sw[14]'. [C:/Users/GAO/Desktop/Computer-Orgnization-ARM-/Project/2.ALU/ALU.srcs/constrs_1/new/Board.xdc:18]
CRITICAL WARNING: [Common 17-55] 'set_property' expects at least one object. [C:/Users/GAO/Desktop/Computer-Orgnization-ARM-/Project/2.ALU/ALU.srcs/constrs_1/new/Board.xdc:18]
Resolution: If [get_<value>] was used to populate the object, check to make sure this command returns at least one valid object.
WARNING: [Vivado 12-584] No ports matched 'sw[15]'. [C:/Users/GAO/Desktop/Computer-Orgnization-ARM-/Project/2.ALU/ALU.srcs/constrs_1/new/Board.xdc:19]
CRITICAL WARNING: [Common 17-55] 'set_property' expects at least one object. [C:/Users/GAO/Desktop/Computer-Orgnization-ARM-/Project/2.ALU/ALU.srcs/constrs_1/new/Board.xdc:19]
Resolution: If [get_<value>] was used to populate the object, check to make sure this command returns at least one valid object.
WARNING: [Vivado 12-584] No ports matched 'sw[16]'. [C:/Users/GAO/Desktop/Computer-Orgnization-ARM-/Project/2.ALU/ALU.srcs/constrs_1/new/Board.xdc:20]
CRITICAL WARNING: [Common 17-55] 'set_property' expects at least one object. [C:/Users/GAO/Desktop/Computer-Orgnization-ARM-/Project/2.ALU/ALU.srcs/constrs_1/new/Board.xdc:20]
Resolution: If [get_<value>] was used to populate the object, check to make sure this command returns at least one valid object.
WARNING: [Vivado 12-584] No ports matched 'sw[17]'. [C:/Users/GAO/Desktop/Computer-Orgnization-ARM-/Project/2.ALU/ALU.srcs/constrs_1/new/Board.xdc:21]
CRITICAL WARNING: [Common 17-55] 'set_property' expects at least one object. [C:/Users/GAO/Desktop/Computer-Orgnization-ARM-/Project/2.ALU/ALU.srcs/constrs_1/new/Board.xdc:21]
Resolution: If [get_<value>] was used to populate the object, check to make sure this command returns at least one valid object.
WARNING: [Vivado 12-584] No ports matched 'sw[18]'. [C:/Users/GAO/Desktop/Computer-Orgnization-ARM-/Project/2.ALU/ALU.srcs/constrs_1/new/Board.xdc:22]
CRITICAL WARNING: [Common 17-55] 'set_property' expects at least one object. [C:/Users/GAO/Desktop/Computer-Orgnization-ARM-/Project/2.ALU/ALU.srcs/constrs_1/new/Board.xdc:22]
Resolution: If [get_<value>] was used to populate the object, check to make sure this command returns at least one valid object.
WARNING: [Vivado 12-584] No ports matched 'sw[19]'. [C:/Users/GAO/Desktop/Computer-Orgnization-ARM-/Project/2.ALU/ALU.srcs/constrs_1/new/Board.xdc:23]
CRITICAL WARNING: [Common 17-55] 'set_property' expects at least one object. [C:/Users/GAO/Desktop/Computer-Orgnization-ARM-/Project/2.ALU/ALU.srcs/constrs_1/new/Board.xdc:23]
Resolution: If [get_<value>] was used to populate the object, check to make sure this command returns at least one valid object.
WARNING: [Vivado 12-584] No ports matched 'sw[20]'. [C:/Users/GAO/Desktop/Computer-Orgnization-ARM-/Project/2.ALU/ALU.srcs/constrs_1/new/Board.xdc:24]
CRITICAL WARNING: [Common 17-55] 'set_property' expects at least one object. [C:/Users/GAO/Desktop/Computer-Orgnization-ARM-/Project/2.ALU/ALU.srcs/constrs_1/new/Board.xdc:24]
Resolution: If [get_<value>] was used to populate the object, check to make sure this command returns at least one valid object.
WARNING: [Vivado 12-584] No ports matched 'sw[21]'. [C:/Users/GAO/Desktop/Computer-Orgnization-ARM-/Project/2.ALU/ALU.srcs/constrs_1/new/Board.xdc:25]
CRITICAL WARNING: [Common 17-55] 'set_property' expects at least one object. [C:/Users/GAO/Desktop/Computer-Orgnization-ARM-/Project/2.ALU/ALU.srcs/constrs_1/new/Board.xdc:25]
Resolution: If [get_<value>] was used to populate the object, check to make sure this command returns at least one valid object.
WARNING: [Vivado 12-584] No ports matched 'sw[22]'. [C:/Users/GAO/Desktop/Computer-Orgnization-ARM-/Project/2.ALU/ALU.srcs/constrs_1/new/Board.xdc:26]
CRITICAL WARNING: [Common 17-55] 'set_property' expects at least one object. [C:/Users/GAO/Desktop/Computer-Orgnization-ARM-/Project/2.ALU/ALU.srcs/constrs_1/new/Board.xdc:26]
Resolution: If [get_<value>] was used to populate the object, check to make sure this command returns at least one valid object.
WARNING: [Vivado 12-584] No ports matched 'sw[23]'. [C:/Users/GAO/Desktop/Computer-Orgnization-ARM-/Project/2.ALU/ALU.srcs/constrs_1/new/Board.xdc:27]
CRITICAL WARNING: [Common 17-55] 'set_property' expects at least one object. [C:/Users/GAO/Desktop/Computer-Orgnization-ARM-/Project/2.ALU/ALU.srcs/constrs_1/new/Board.xdc:27]
Resolution: If [get_<value>] was used to populate the object, check to make sure this command returns at least one valid object.
WARNING: [Vivado 12-584] No ports matched 'sw[24]'. [C:/Users/GAO/Desktop/Computer-Orgnization-ARM-/Project/2.ALU/ALU.srcs/constrs_1/new/Board.xdc:28]
CRITICAL WARNING: [Common 17-55] 'set_property' expects at least one object. [C:/Users/GAO/Desktop/Computer-Orgnization-ARM-/Project/2.ALU/ALU.srcs/constrs_1/new/Board.xdc:28]
Resolution: If [get_<value>] was used to populate the object, check to make sure this command returns at least one valid object.
WARNING: [Vivado 12-584] No ports matched 'sw[25]'. [C:/Users/GAO/Desktop/Computer-Orgnization-ARM-/Project/2.ALU/ALU.srcs/constrs_1/new/Board.xdc:29]
CRITICAL WARNING: [Common 17-55] 'set_property' expects at least one object. [C:/Users/GAO/Desktop/Computer-Orgnization-ARM-/Project/2.ALU/ALU.srcs/constrs_1/new/Board.xdc:29]
Resolution: If [get_<value>] was used to populate the object, check to make sure this command returns at least one valid object.
WARNING: [Vivado 12-584] No ports matched 'sw[26]'. [C:/Users/GAO/Desktop/Computer-Orgnization-ARM-/Project/2.ALU/ALU.srcs/constrs_1/new/Board.xdc:30]
CRITICAL WARNING: [Common 17-55] 'set_property' expects at least one object. [C:/Users/GAO/Desktop/Computer-Orgnization-ARM-/Project/2.ALU/ALU.srcs/constrs_1/new/Board.xdc:30]
Resolution: If [get_<value>] was used to populate the object, check to make sure this command returns at least one valid object.
WARNING: [Vivado 12-584] No ports matched 'sw[27]'. [C:/Users/GAO/Desktop/Computer-Orgnization-ARM-/Project/2.ALU/ALU.srcs/constrs_1/new/Board.xdc:31]
CRITICAL WARNING: [Common 17-55] 'set_property' expects at least one object. [C:/Users/GAO/Desktop/Computer-Orgnization-ARM-/Project/2.ALU/ALU.srcs/constrs_1/new/Board.xdc:31]
Resolution: If [get_<value>] was used to populate the object, check to make sure this command returns at least one valid object.
WARNING: [Vivado 12-584] No ports matched 'sw[28]'. [C:/Users/GAO/Desktop/Computer-Orgnization-ARM-/Project/2.ALU/ALU.srcs/constrs_1/new/Board.xdc:32]
CRITICAL WARNING: [Common 17-55] 'set_property' expects at least one object. [C:/Users/GAO/Desktop/Computer-Orgnization-ARM-/Project/2.ALU/ALU.srcs/constrs_1/new/Board.xdc:32]
Resolution: If [get_<value>] was used to populate the object, check to make sure this command returns at least one valid object.
WARNING: [Vivado 12-584] No ports matched 'sw[29]'. [C:/Users/GAO/Desktop/Computer-Orgnization-ARM-/Project/2.ALU/ALU.srcs/constrs_1/new/Board.xdc:33]
CRITICAL WARNING: [Common 17-55] 'set_property' expects at least one object. [C:/Users/GAO/Desktop/Computer-Orgnization-ARM-/Project/2.ALU/ALU.srcs/constrs_1/new/Board.xdc:33]
Resolution: If [get_<value>] was used to populate the object, check to make sure this command returns at least one valid object.
WARNING: [Vivado 12-584] No ports matched 'sw[30]'. [C:/Users/GAO/Desktop/Computer-Orgnization-ARM-/Project/2.ALU/ALU.srcs/constrs_1/new/Board.xdc:34]
CRITICAL WARNING: [Common 17-55] 'set_property' expects at least one object. [C:/Users/GAO/Desktop/Computer-Orgnization-ARM-/Project/2.ALU/ALU.srcs/constrs_1/new/Board.xdc:34]
Resolution: If [get_<value>] was used to populate the object, check to make sure this command returns at least one valid object.
WARNING: [Vivado 12-584] No ports matched 'sw[31]'. [C:/Users/GAO/Desktop/Computer-Orgnization-ARM-/Project/2.ALU/ALU.srcs/constrs_1/new/Board.xdc:35]
CRITICAL WARNING: [Common 17-55] 'set_property' expects at least one object. [C:/Users/GAO/Desktop/Computer-Orgnization-ARM-/Project/2.ALU/ALU.srcs/constrs_1/new/Board.xdc:35]
Resolution: If [get_<value>] was used to populate the object, check to make sure this command returns at least one valid object.
WARNING: [Vivado 12-584] No ports matched 'sw[32]'. [C:/Users/GAO/Desktop/Computer-Orgnization-ARM-/Project/2.ALU/ALU.srcs/constrs_1/new/Board.xdc:36]
CRITICAL WARNING: [Common 17-55] 'set_property' expects at least one object. [C:/Users/GAO/Desktop/Computer-Orgnization-ARM-/Project/2.ALU/ALU.srcs/constrs_1/new/Board.xdc:36]
Resolution: If [get_<value>] was used to populate the object, check to make sure this command returns at least one valid object.
WARNING: [Vivado 12-584] No ports matched 'swb'. [C:/Users/GAO/Desktop/Computer-Orgnization-ARM-/Project/2.ALU/ALU.srcs/constrs_1/new/Board.xdc:39]
CRITICAL WARNING: [Common 17-55] 'set_property' expects at least one object. [C:/Users/GAO/Desktop/Computer-Orgnization-ARM-/Project/2.ALU/ALU.srcs/constrs_1/new/Board.xdc:39]
Resolution: If [get_<value>] was used to populate the object, check to make sure this command returns at least one valid object.
WARNING: [Vivado 12-584] No ports matched 'swb[1]'. [C:/Users/GAO/Desktop/Computer-Orgnization-ARM-/Project/2.ALU/ALU.srcs/constrs_1/new/Board.xdc:40]
CRITICAL WARNING: [Common 17-55] 'set_property' expects at least one object. [C:/Users/GAO/Desktop/Computer-Orgnization-ARM-/Project/2.ALU/ALU.srcs/constrs_1/new/Board.xdc:40]
Resolution: If [get_<value>] was used to populate the object, check to make sure this command returns at least one valid object.
WARNING: [Vivado 12-584] No ports matched 'swb[2]'. [C:/Users/GAO/Desktop/Computer-Orgnization-ARM-/Project/2.ALU/ALU.srcs/constrs_1/new/Board.xdc:41]
CRITICAL WARNING: [Common 17-55] 'set_property' expects at least one object. [C:/Users/GAO/Desktop/Computer-Orgnization-ARM-/Project/2.ALU/ALU.srcs/constrs_1/new/Board.xdc:41]
Resolution: If [get_<value>] was used to populate the object, check to make sure this command returns at least one valid object.
WARNING: [Vivado 12-584] No ports matched 'swb[3]'. [C:/Users/GAO/Desktop/Computer-Orgnization-ARM-/Project/2.ALU/ALU.srcs/constrs_1/new/Board.xdc:42]
CRITICAL WARNING: [Common 17-55] 'set_property' expects at least one object. [C:/Users/GAO/Desktop/Computer-Orgnization-ARM-/Project/2.ALU/ALU.srcs/constrs_1/new/Board.xdc:42]
Resolution: If [get_<value>] was used to populate the object, check to make sure this command returns at least one valid object.
WARNING: [Vivado 12-584] No ports matched 'swb[4]'. [C:/Users/GAO/Desktop/Computer-Orgnization-ARM-/Project/2.ALU/ALU.srcs/constrs_1/new/Board.xdc:43]
CRITICAL WARNING: [Common 17-55] 'set_property' expects at least one object. [C:/Users/GAO/Desktop/Computer-Orgnization-ARM-/Project/2.ALU/ALU.srcs/constrs_1/new/Board.xdc:43]
Resolution: If [get_<value>] was used to populate the object, check to make sure this command returns at least one valid object.
WARNING: [Vivado 12-584] No ports matched 'swb[5]'. [C:/Users/GAO/Desktop/Computer-Orgnization-ARM-/Project/2.ALU/ALU.srcs/constrs_1/new/Board.xdc:44]
CRITICAL WARNING: [Common 17-55] 'set_property' expects at least one object. [C:/Users/GAO/Desktop/Computer-Orgnization-ARM-/Project/2.ALU/ALU.srcs/constrs_1/new/Board.xdc:44]
Resolution: If [get_<value>] was used to populate the object, check to make sure this command returns at least one valid object.
WARNING: [Vivado 12-584] No ports matched 'swb[6]'. [C:/Users/GAO/Desktop/Computer-Orgnization-ARM-/Project/2.ALU/ALU.srcs/constrs_1/new/Board.xdc:45]
CRITICAL WARNING: [Common 17-55] 'set_property' expects at least one object. [C:/Users/GAO/Desktop/Computer-Orgnization-ARM-/Project/2.ALU/ALU.srcs/constrs_1/new/Board.xdc:45]
Resolution: If [get_<value>] was used to populate the object, check to make sure this command returns at least one valid object.
WARNING: [Vivado 12-584] No ports matched 'led'. [C:/Users/GAO/Desktop/Computer-Orgnization-ARM-/Project/2.ALU/ALU.srcs/constrs_1/new/Board.xdc:48]
CRITICAL WARNING: [Common 17-55] 'set_property' expects at least one object. [C:/Users/GAO/Desktop/Computer-Orgnization-ARM-/Project/2.ALU/ALU.srcs/constrs_1/new/Board.xdc:48]
Resolution: If [get_<value>] was used to populate the object, check to make sure this command returns at least one valid object.
WARNING: [Vivado 12-584] No ports matched 'led[1]'. [C:/Users/GAO/Desktop/Computer-Orgnization-ARM-/Project/2.ALU/ALU.srcs/constrs_1/new/Board.xdc:49]
CRITICAL WARNING: [Common 17-55] 'set_property' expects at least one object. [C:/Users/GAO/Desktop/Computer-Orgnization-ARM-/Project/2.ALU/ALU.srcs/constrs_1/new/Board.xdc:49]
Resolution: If [get_<value>] was used to populate the object, check to make sure this command returns at least one valid object.
WARNING: [Vivado 12-584] No ports matched 'led[2]'. [C:/Users/GAO/Desktop/Computer-Orgnization-ARM-/Project/2.ALU/ALU.srcs/constrs_1/new/Board.xdc:50]
CRITICAL WARNING: [Common 17-55] 'set_property' expects at least one object. [C:/Users/GAO/Desktop/Computer-Orgnization-ARM-/Project/2.ALU/ALU.srcs/constrs_1/new/Board.xdc:50]
Resolution: If [get_<value>] was used to populate the object, check to make sure this command returns at least one valid object.
WARNING: [Vivado 12-584] No ports matched 'led[3]'. [C:/Users/GAO/Desktop/Computer-Orgnization-ARM-/Project/2.ALU/ALU.srcs/constrs_1/new/Board.xdc:51]
CRITICAL WARNING: [Common 17-55] 'set_property' expects at least one object. [C:/Users/GAO/Desktop/Computer-Orgnization-ARM-/Project/2.ALU/ALU.srcs/constrs_1/new/Board.xdc:51]
Resolution: If [get_<value>] was used to populate the object, check to make sure this command returns at least one valid object.
WARNING: [Vivado 12-584] No ports matched 'led[4]'. [C:/Users/GAO/Desktop/Computer-Orgnization-ARM-/Project/2.ALU/ALU.srcs/constrs_1/new/Board.xdc:52]
CRITICAL WARNING: [Common 17-55] 'set_property' expects at least one object. [C:/Users/GAO/Desktop/Computer-Orgnization-ARM-/Project/2.ALU/ALU.srcs/constrs_1/new/Board.xdc:52]
Resolution: If [get_<value>] was used to populate the object, check to make sure this command returns at least one valid object.
WARNING: [Vivado 12-584] No ports matched 'led[5]'. [C:/Users/GAO/Desktop/Computer-Orgnization-ARM-/Project/2.ALU/ALU.srcs/constrs_1/new/Board.xdc:53]
CRITICAL WARNING: [Common 17-55] 'set_property' expects at least one object. [C:/Users/GAO/Desktop/Computer-Orgnization-ARM-/Project/2.ALU/ALU.srcs/constrs_1/new/Board.xdc:53]
Resolution: If [get_<value>] was used to populate the object, check to make sure this command returns at least one valid object.
WARNING: [Vivado 12-584] No ports matched 'led[6]'. [C:/Users/GAO/Desktop/Computer-Orgnization-ARM-/Project/2.ALU/ALU.srcs/constrs_1/new/Board.xdc:54]
CRITICAL WARNING: [Common 17-55] 'set_property' expects at least one object. [C:/Users/GAO/Desktop/Computer-Orgnization-ARM-/Project/2.ALU/ALU.srcs/constrs_1/new/Board.xdc:54]
Resolution: If [get_<value>] was used to populate the object, check to make sure this command returns at least one valid object.
WARNING: [Vivado 12-584] No ports matched 'led[7]'. [C:/Users/GAO/Desktop/Computer-Orgnization-ARM-/Project/2.ALU/ALU.srcs/constrs_1/new/Board.xdc:55]
CRITICAL WARNING: [Common 17-55] 'set_property' expects at least one object. [C:/Users/GAO/Desktop/Computer-Orgnization-ARM-/Project/2.ALU/ALU.srcs/constrs_1/new/Board.xdc:55]
Resolution: If [get_<value>] was used to populate the object, check to make sure this command returns at least one valid object.
WARNING: [Vivado 12-584] No ports matched 'led[8]'. [C:/Users/GAO/Desktop/Computer-Orgnization-ARM-/Project/2.ALU/ALU.srcs/constrs_1/new/Board.xdc:56]
CRITICAL WARNING: [Common 17-55] 'set_property' expects at least one object. [C:/Users/GAO/Desktop/Computer-Orgnization-ARM-/Project/2.ALU/ALU.srcs/constrs_1/new/Board.xdc:56]
Resolution: If [get_<value>] was used to populate the object, check to make sure this command returns at least one valid object.
WARNING: [Vivado 12-584] No ports matched 'led[9]'. [C:/Users/GAO/Desktop/Computer-Orgnization-ARM-/Project/2.ALU/ALU.srcs/constrs_1/new/Board.xdc:57]
CRITICAL WARNING: [Common 17-55] 'set_property' expects at least one object. [C:/Users/GAO/Desktop/Computer-Orgnization-ARM-/Project/2.ALU/ALU.srcs/constrs_1/new/Board.xdc:57]
Resolution: If [get_<value>] was used to populate the object, check to make sure this command returns at least one valid object.
WARNING: [Vivado 12-584] No ports matched 'led[10]'. [C:/Users/GAO/Desktop/Computer-Orgnization-ARM-/Project/2.ALU/ALU.srcs/constrs_1/new/Board.xdc:58]
CRITICAL WARNING: [Common 17-55] 'set_property' expects at least one object. [C:/Users/GAO/Desktop/Computer-Orgnization-ARM-/Project/2.ALU/ALU.srcs/constrs_1/new/Board.xdc:58]
Resolution: If [get_<value>] was used to populate the object, check to make sure this command returns at least one valid object.
WARNING: [Vivado 12-584] No ports matched 'led[11]'. [C:/Users/GAO/Desktop/Computer-Orgnization-ARM-/Project/2.ALU/ALU.srcs/constrs_1/new/Board.xdc:59]
CRITICAL WARNING: [Common 17-55] 'set_property' expects at least one object. [C:/Users/GAO/Desktop/Computer-Orgnization-ARM-/Project/2.ALU/ALU.srcs/constrs_1/new/Board.xdc:59]
Resolution: If [get_<value>] was used to populate the object, check to make sure this command returns at least one valid object.
WARNING: [Vivado 12-584] No ports matched 'led[12]'. [C:/Users/GAO/Desktop/Computer-Orgnization-ARM-/Project/2.ALU/ALU.srcs/constrs_1/new/Board.xdc:60]
CRITICAL WARNING: [Common 17-55] 'set_property' expects at least one object. [C:/Users/GAO/Desktop/Computer-Orgnization-ARM-/Project/2.ALU/ALU.srcs/constrs_1/new/Board.xdc:60]
Resolution: If [get_<value>] was used to populate the object, check to make sure this command returns at least one valid object.
WARNING: [Vivado 12-584] No ports matched 'led[13]'. [C:/Users/GAO/Desktop/Computer-Orgnization-ARM-/Project/2.ALU/ALU.srcs/constrs_1/new/Board.xdc:61]
CRITICAL WARNING: [Common 17-55] 'set_property' expects at least one object. [C:/Users/GAO/Desktop/Computer-Orgnization-ARM-/Project/2.ALU/ALU.srcs/constrs_1/new/Board.xdc:61]
Resolution: If [get_<value>] was used to populate the object, check to make sure this command returns at least one valid object.
WARNING: [Vivado 12-584] No ports matched 'led[14]'. [C:/Users/GAO/Desktop/Computer-Orgnization-ARM-/Project/2.ALU/ALU.srcs/constrs_1/new/Board.xdc:62]
CRITICAL WARNING: [Common 17-55] 'set_property' expects at least one object. [C:/Users/GAO/Desktop/Computer-Orgnization-ARM-/Project/2.ALU/ALU.srcs/constrs_1/new/Board.xdc:62]
Resolution: If [get_<value>] was used to populate the object, check to make sure this command returns at least one valid object.
WARNING: [Vivado 12-584] No ports matched 'led[15]'. [C:/Users/GAO/Desktop/Computer-Orgnization-ARM-/Project/2.ALU/ALU.srcs/constrs_1/new/Board.xdc:63]
CRITICAL WARNING: [Common 17-55] 'set_property' expects at least one object. [C:/Users/GAO/Desktop/Computer-Orgnization-ARM-/Project/2.ALU/ALU.srcs/constrs_1/new/Board.xdc:63]
Resolution: If [get_<value>] was used to populate the object, check to make sure this command returns at least one valid object.
WARNING: [Vivado 12-584] No ports matched 'led[16]'. [C:/Users/GAO/Desktop/Computer-Orgnization-ARM-/Project/2.ALU/ALU.srcs/constrs_1/new/Board.xdc:64]
CRITICAL WARNING: [Common 17-55] 'set_property' expects at least one object. [C:/Users/GAO/Desktop/Computer-Orgnization-ARM-/Project/2.ALU/ALU.srcs/constrs_1/new/Board.xdc:64]
Resolution: If [get_<value>] was used to populate the object, check to make sure this command returns at least one valid object.
WARNING: [Vivado 12-584] No ports matched 'led[17]'. [C:/Users/GAO/Desktop/Computer-Orgnization-ARM-/Project/2.ALU/ALU.srcs/constrs_1/new/Board.xdc:65]
CRITICAL WARNING: [Common 17-55] 'set_property' expects at least one object. [C:/Users/GAO/Desktop/Computer-Orgnization-ARM-/Project/2.ALU/ALU.srcs/constrs_1/new/Board.xdc:65]
Resolution: If [get_<value>] was used to populate the object, check to make sure this command returns at least one valid object.
WARNING: [Vivado 12-584] No ports matched 'led[18]'. [C:/Users/GAO/Desktop/Computer-Orgnization-ARM-/Project/2.ALU/ALU.srcs/constrs_1/new/Board.xdc:66]
CRITICAL WARNING: [Common 17-55] 'set_property' expects at least one object. [C:/Users/GAO/Desktop/Computer-Orgnization-ARM-/Project/2.ALU/ALU.srcs/constrs_1/new/Board.xdc:66]
Resolution: If [get_<value>] was used to populate the object, check to make sure this command returns at least one valid object.
WARNING: [Vivado 12-584] No ports matched 'led[19]'. [C:/Users/GAO/Desktop/Computer-Orgnization-ARM-/Project/2.ALU/ALU.srcs/constrs_1/new/Board.xdc:67]
CRITICAL WARNING: [Common 17-55] 'set_property' expects at least one object. [C:/Users/GAO/Desktop/Computer-Orgnization-ARM-/Project/2.ALU/ALU.srcs/constrs_1/new/Board.xdc:67]
Resolution: If [get_<value>] was used to populate the object, check to make sure this command returns at least one valid object.
WARNING: [Vivado 12-584] No ports matched 'led[20]'. [C:/Users/GAO/Desktop/Computer-Orgnization-ARM-/Project/2.ALU/ALU.srcs/constrs_1/new/Board.xdc:68]
CRITICAL WARNING: [Common 17-55] 'set_property' expects at least one object. [C:/Users/GAO/Desktop/Computer-Orgnization-ARM-/Project/2.ALU/ALU.srcs/constrs_1/new/Board.xdc:68]
Resolution: If [get_<value>] was used to populate the object, check to make sure this command returns at least one valid object.
WARNING: [Vivado 12-584] No ports matched 'led[21]'. [C:/Users/GAO/Desktop/Computer-Orgnization-ARM-/Project/2.ALU/ALU.srcs/constrs_1/new/Board.xdc:69]
CRITICAL WARNING: [Common 17-55] 'set_property' expects at least one object. [C:/Users/GAO/Desktop/Computer-Orgnization-ARM-/Project/2.ALU/ALU.srcs/constrs_1/new/Board.xdc:69]
Resolution: If [get_<value>] was used to populate the object, check to make sure this command returns at least one valid object.
WARNING: [Vivado 12-584] No ports matched 'led[22]'. [C:/Users/GAO/Desktop/Computer-Orgnization-ARM-/Project/2.ALU/ALU.srcs/constrs_1/new/Board.xdc:70]
CRITICAL WARNING: [Common 17-55] 'set_property' expects at least one object. [C:/Users/GAO/Desktop/Computer-Orgnization-ARM-/Project/2.ALU/ALU.srcs/constrs_1/new/Board.xdc:70]
Resolution: If [get_<value>] was used to populate the object, check to make sure this command returns at least one valid object.
WARNING: [Vivado 12-584] No ports matched 'led[23]'. [C:/Users/GAO/Desktop/Computer-Orgnization-ARM-/Project/2.ALU/ALU.srcs/constrs_1/new/Board.xdc:71]
CRITICAL WARNING: [Common 17-55] 'set_property' expects at least one object. [C:/Users/GAO/Desktop/Computer-Orgnization-ARM-/Project/2.ALU/ALU.srcs/constrs_1/new/Board.xdc:71]
Resolution: If [get_<value>] was used to populate the object, check to make sure this command returns at least one valid object.
WARNING: [Vivado 12-584] No ports matched 'led[24]'. [C:/Users/GAO/Desktop/Computer-Orgnization-ARM-/Project/2.ALU/ALU.srcs/constrs_1/new/Board.xdc:72]
CRITICAL WARNING: [Common 17-55] 'set_property' expects at least one object. [C:/Users/GAO/Desktop/Computer-Orgnization-ARM-/Project/2.ALU/ALU.srcs/constrs_1/new/Board.xdc:72]
Resolution: If [get_<value>] was used to populate the object, check to make sure this command returns at least one valid object.
WARNING: [Vivado 12-584] No ports matched 'led[25]'. [C:/Users/GAO/Desktop/Computer-Orgnization-ARM-/Project/2.ALU/ALU.srcs/constrs_1/new/Board.xdc:73]
CRITICAL WARNING: [Common 17-55] 'set_property' expects at least one object. [C:/Users/GAO/Desktop/Computer-Orgnization-ARM-/Project/2.ALU/ALU.srcs/constrs_1/new/Board.xdc:73]
Resolution: If [get_<value>] was used to populate the object, check to make sure this command returns at least one valid object.
WARNING: [Vivado 12-584] No ports matched 'led[26]'. [C:/Users/GAO/Desktop/Computer-Orgnization-ARM-/Project/2.ALU/ALU.srcs/constrs_1/new/Board.xdc:74]
CRITICAL WARNING: [Common 17-55] 'set_property' expects at least one object. [C:/Users/GAO/Desktop/Computer-Orgnization-ARM-/Project/2.ALU/ALU.srcs/constrs_1/new/Board.xdc:74]
Resolution: If [get_<value>] was used to populate the object, check to make sure this command returns at least one valid object.
WARNING: [Vivado 12-584] No ports matched 'led[27]'. [C:/Users/GAO/Desktop/Computer-Orgnization-ARM-/Project/2.ALU/ALU.srcs/constrs_1/new/Board.xdc:75]
CRITICAL WARNING: [Common 17-55] 'set_property' expects at least one object. [C:/Users/GAO/Desktop/Computer-Orgnization-ARM-/Project/2.ALU/ALU.srcs/constrs_1/new/Board.xdc:75]
Resolution: If [get_<value>] was used to populate the object, check to make sure this command returns at least one valid object.
WARNING: [Vivado 12-584] No ports matched 'led[28]'. [C:/Users/GAO/Desktop/Computer-Orgnization-ARM-/Project/2.ALU/ALU.srcs/constrs_1/new/Board.xdc:76]
CRITICAL WARNING: [Common 17-55] 'set_property' expects at least one object. [C:/Users/GAO/Desktop/Computer-Orgnization-ARM-/Project/2.ALU/ALU.srcs/constrs_1/new/Board.xdc:76]
Resolution: If [get_<value>] was used to populate the object, check to make sure this command returns at least one valid object.
WARNING: [Vivado 12-584] No ports matched 'led[29]'. [C:/Users/GAO/Desktop/Computer-Orgnization-ARM-/Project/2.ALU/ALU.srcs/constrs_1/new/Board.xdc:77]
CRITICAL WARNING: [Common 17-55] 'set_property' expects at least one object. [C:/Users/GAO/Desktop/Computer-Orgnization-ARM-/Project/2.ALU/ALU.srcs/constrs_1/new/Board.xdc:77]
Resolution: If [get_<value>] was used to populate the object, check to make sure this command returns at least one valid object.
WARNING: [Vivado 12-584] No ports matched 'led[30]'. [C:/Users/GAO/Desktop/Computer-Orgnization-ARM-/Project/2.ALU/ALU.srcs/constrs_1/new/Board.xdc:78]
CRITICAL WARNING: [Common 17-55] 'set_property' expects at least one object. [C:/Users/GAO/Desktop/Computer-Orgnization-ARM-/Project/2.ALU/ALU.srcs/constrs_1/new/Board.xdc:78]
Resolution: If [get_<value>] was used to populate the object, check to make sure this command returns at least one valid object.
WARNING: [Vivado 12-584] No ports matched 'led[31]'. [C:/Users/GAO/Desktop/Computer-Orgnization-ARM-/Project/2.ALU/ALU.srcs/constrs_1/new/Board.xdc:79]
CRITICAL WARNING: [Common 17-55] 'set_property' expects at least one object. [C:/Users/GAO/Desktop/Computer-Orgnization-ARM-/Project/2.ALU/ALU.srcs/constrs_1/new/Board.xdc:79]
Resolution: If [get_<value>] was used to populate the object, check to make sure this command returns at least one valid object.
WARNING: [Vivado 12-584] No ports matched 'led[32]'. [C:/Users/GAO/Desktop/Computer-Orgnization-ARM-/Project/2.ALU/ALU.srcs/constrs_1/new/Board.xdc:80]
CRITICAL WARNING: [Common 17-55] 'set_property' expects at least one object. [C:/Users/GAO/Desktop/Computer-Orgnization-ARM-/Project/2.ALU/ALU.srcs/constrs_1/new/Board.xdc:80]
Resolution: If [get_<value>] was used to populate the object, check to make sure this command returns at least one valid object.
WARNING: [Vivado 12-584] No ports matched 'seg'. [C:/Users/GAO/Desktop/Computer-Orgnization-ARM-/Project/2.ALU/ALU.srcs/constrs_1/new/Board.xdc:83]
CRITICAL WARNING: [Common 17-55] 'set_property' expects at least one object. [C:/Users/GAO/Desktop/Computer-Orgnization-ARM-/Project/2.ALU/ALU.srcs/constrs_1/new/Board.xdc:83]
Resolution: If [get_<value>] was used to populate the object, check to make sure this command returns at least one valid object.
WARNING: [Vivado 12-584] No ports matched 'seg[7]'. [C:/Users/GAO/Desktop/Computer-Orgnization-ARM-/Project/2.ALU/ALU.srcs/constrs_1/new/Board.xdc:84]
CRITICAL WARNING: [Common 17-55] 'set_property' expects at least one object. [C:/Users/GAO/Desktop/Computer-Orgnization-ARM-/Project/2.ALU/ALU.srcs/constrs_1/new/Board.xdc:84]
Resolution: If [get_<value>] was used to populate the object, check to make sure this command returns at least one valid object.
WARNING: [Vivado 12-584] No ports matched 'seg[6]'. [C:/Users/GAO/Desktop/Computer-Orgnization-ARM-/Project/2.ALU/ALU.srcs/constrs_1/new/Board.xdc:85]
CRITICAL WARNING: [Common 17-55] 'set_property' expects at least one object. [C:/Users/GAO/Desktop/Computer-Orgnization-ARM-/Project/2.ALU/ALU.srcs/constrs_1/new/Board.xdc:85]
Resolution: If [get_<value>] was used to populate the object, check to make sure this command returns at least one valid object.
WARNING: [Vivado 12-584] No ports matched 'seg[5]'. [C:/Users/GAO/Desktop/Computer-Orgnization-ARM-/Project/2.ALU/ALU.srcs/constrs_1/new/Board.xdc:86]
CRITICAL WARNING: [Common 17-55] 'set_property' expects at least one object. [C:/Users/GAO/Desktop/Computer-Orgnization-ARM-/Project/2.ALU/ALU.srcs/constrs_1/new/Board.xdc:86]
Resolution: If [get_<value>] was used to populate the object, check to make sure this command returns at least one valid object.
WARNING: [Vivado 12-584] No ports matched 'seg[4]'. [C:/Users/GAO/Desktop/Computer-Orgnization-ARM-/Project/2.ALU/ALU.srcs/constrs_1/new/Board.xdc:87]
CRITICAL WARNING: [Common 17-55] 'set_property' expects at least one object. [C:/Users/GAO/Desktop/Computer-Orgnization-ARM-/Project/2.ALU/ALU.srcs/constrs_1/new/Board.xdc:87]
Resolution: If [get_<value>] was used to populate the object, check to make sure this command returns at least one valid object.
WARNING: [Vivado 12-584] No ports matched 'seg[3]'. [C:/Users/GAO/Desktop/Computer-Orgnization-ARM-/Project/2.ALU/ALU.srcs/constrs_1/new/Board.xdc:88]
CRITICAL WARNING: [Common 17-55] 'set_property' expects at least one object. [C:/Users/GAO/Desktop/Computer-Orgnization-ARM-/Project/2.ALU/ALU.srcs/constrs_1/new/Board.xdc:88]
Resolution: If [get_<value>] was used to populate the object, check to make sure this command returns at least one valid object.
WARNING: [Vivado 12-584] No ports matched 'seg[2]'. [C:/Users/GAO/Desktop/Computer-Orgnization-ARM-/Project/2.ALU/ALU.srcs/constrs_1/new/Board.xdc:89]
CRITICAL WARNING: [Common 17-55] 'set_property' expects at least one object. [C:/Users/GAO/Desktop/Computer-Orgnization-ARM-/Project/2.ALU/ALU.srcs/constrs_1/new/Board.xdc:89]
Resolution: If [get_<value>] was used to populate the object, check to make sure this command returns at least one valid object.
WARNING: [Vivado 12-584] No ports matched 'seg[1]'. [C:/Users/GAO/Desktop/Computer-Orgnization-ARM-/Project/2.ALU/ALU.srcs/constrs_1/new/Board.xdc:90]
CRITICAL WARNING: [Common 17-55] 'set_property' expects at least one object. [C:/Users/GAO/Desktop/Computer-Orgnization-ARM-/Project/2.ALU/ALU.srcs/constrs_1/new/Board.xdc:90]
Resolution: If [get_<value>] was used to populate the object, check to make sure this command returns at least one valid object.
WARNING: [Vivado 12-584] No ports matched 'seg[0]'. [C:/Users/GAO/Desktop/Computer-Orgnization-ARM-/Project/2.ALU/ALU.srcs/constrs_1/new/Board.xdc:91]
CRITICAL WARNING: [Common 17-55] 'set_property' expects at least one object. [C:/Users/GAO/Desktop/Computer-Orgnization-ARM-/Project/2.ALU/ALU.srcs/constrs_1/new/Board.xdc:91]
Resolution: If [get_<value>] was used to populate the object, check to make sure this command returns at least one valid object.
WARNING: [Vivado 12-584] No ports matched 'which'. [C:/Users/GAO/Desktop/Computer-Orgnization-ARM-/Project/2.ALU/ALU.srcs/constrs_1/new/Board.xdc:92]
CRITICAL WARNING: [Common 17-55] 'set_property' expects at least one object. [C:/Users/GAO/Desktop/Computer-Orgnization-ARM-/Project/2.ALU/ALU.srcs/constrs_1/new/Board.xdc:92]
Resolution: If [get_<value>] was used to populate the object, check to make sure this command returns at least one valid object.
WARNING: [Vivado 12-584] No ports matched 'which[0]'. [C:/Users/GAO/Desktop/Computer-Orgnization-ARM-/Project/2.ALU/ALU.srcs/constrs_1/new/Board.xdc:93]
CRITICAL WARNING: [Common 17-55] 'set_property' expects at least one object. [C:/Users/GAO/Desktop/Computer-Orgnization-ARM-/Project/2.ALU/ALU.srcs/constrs_1/new/Board.xdc:93]
Resolution: If [get_<value>] was used to populate the object, check to make sure this command returns at least one valid object.
WARNING: [Vivado 12-584] No ports matched 'which[1]'. [C:/Users/GAO/Desktop/Computer-Orgnization-ARM-/Project/2.ALU/ALU.srcs/constrs_1/new/Board.xdc:94]
CRITICAL WARNING: [Common 17-55] 'set_property' expects at least one object. [C:/Users/GAO/Desktop/Computer-Orgnization-ARM-/Project/2.ALU/ALU.srcs/constrs_1/new/Board.xdc:94]
Resolution: If [get_<value>] was used to populate the object, check to make sure this command returns at least one valid object.
WARNING: [Vivado 12-584] No ports matched 'which[2]'. [C:/Users/GAO/Desktop/Computer-Orgnization-ARM-/Project/2.ALU/ALU.srcs/constrs_1/new/Board.xdc:95]
CRITICAL WARNING: [Common 17-55] 'set_property' expects at least one object. [C:/Users/GAO/Desktop/Computer-Orgnization-ARM-/Project/2.ALU/ALU.srcs/constrs_1/new/Board.xdc:95]
Resolution: If [get_<value>] was used to populate the object, check to make sure this command returns at least one valid object.
WARNING: [Vivado 12-584] No ports matched 'enable'. [C:/Users/GAO/Desktop/Computer-Orgnization-ARM-/Project/2.ALU/ALU.srcs/constrs_1/new/Board.xdc:96]
CRITICAL WARNING: [Common 17-55] 'set_property' expects at least one object. [C:/Users/GAO/Desktop/Computer-Orgnization-ARM-/Project/2.ALU/ALU.srcs/constrs_1/new/Board.xdc:96]
Resolution: If [get_<value>] was used to populate the object, check to make sure this command returns at least one valid object.
WARNING: [Vivado 12-584] No ports matched 'clk'. [C:/Users/GAO/Desktop/Computer-Orgnization-ARM-/Project/2.ALU/ALU.srcs/constrs_1/new/Board.xdc:97]
CRITICAL WARNING: [Common 17-55] 'set_property' expects at least one object. [C:/Users/GAO/Desktop/Computer-Orgnization-ARM-/Project/2.ALU/ALU.srcs/constrs_1/new/Board.xdc:97]
Resolution: If [get_<value>] was used to populate the object, check to make sure this command returns at least one valid object.
WARNING: [Vivado 12-507] No nets matched 'clk_IBUF'. [C:/Users/GAO/Desktop/Computer-Orgnization-ARM-/Project/2.ALU/ALU.srcs/constrs_1/new/Board.xdc:103]
CRITICAL WARNING: [Common 17-55] 'set_property' expects at least one object. [C:/Users/GAO/Desktop/Computer-Orgnization-ARM-/Project/2.ALU/ALU.srcs/constrs_1/new/Board.xdc:103]
Resolution: If [get_<value>] was used to populate the object, check to make sure this command returns at least one valid object.
WARNING: [Vivado 12-507] No nets matched 'swb_IBUF[1]'. [C:/Users/GAO/Desktop/Computer-Orgnization-ARM-/Project/2.ALU/ALU.srcs/constrs_1/new/Board.xdc:104]
CRITICAL WARNING: [Common 17-55] 'set_property' expects at least one object. [C:/Users/GAO/Desktop/Computer-Orgnization-ARM-/Project/2.ALU/ALU.srcs/constrs_1/new/Board.xdc:104]
Resolution: If [get_<value>] was used to populate the object, check to make sure this command returns at least one valid object.
WARNING: [Vivado 12-507] No nets matched 'swb_IBUF[2]'. [C:/Users/GAO/Desktop/Computer-Orgnization-ARM-/Project/2.ALU/ALU.srcs/constrs_1/new/Board.xdc:105]
CRITICAL WARNING: [Common 17-55] 'set_property' expects at least one object. [C:/Users/GAO/Desktop/Computer-Orgnization-ARM-/Project/2.ALU/ALU.srcs/constrs_1/new/Board.xdc:105]
Resolution: If [get_<value>] was used to populate the object, check to make sure this command returns at least one valid object.
WARNING: [Vivado 12-507] No nets matched 'swb_IBUF[3]'. [C:/Users/GAO/Desktop/Computer-Orgnization-ARM-/Project/2.ALU/ALU.srcs/constrs_1/new/Board.xdc:106]
CRITICAL WARNING: [Common 17-55] 'set_property' expects at least one object. [C:/Users/GAO/Desktop/Computer-Orgnization-ARM-/Project/2.ALU/ALU.srcs/constrs_1/new/Board.xdc:106]
Resolution: If [get_<value>] was used to populate the object, check to make sure this command returns at least one valid object.
WARNING: [Vivado 12-507] No nets matched 'swb_IBUF[4]'. [C:/Users/GAO/Desktop/Computer-Orgnization-ARM-/Project/2.ALU/ALU.srcs/constrs_1/new/Board.xdc:107]
CRITICAL WARNING: [Common 17-55] 'set_property' expects at least one object. [C:/Users/GAO/Desktop/Computer-Orgnization-ARM-/Project/2.ALU/ALU.srcs/constrs_1/new/Board.xdc:107]
Resolution: If [get_<value>] was used to populate the object, check to make sure this command returns at least one valid object.
WARNING: [Vivado 12-507] No nets matched 'swb_IBUF[5]'. [C:/Users/GAO/Desktop/Computer-Orgnization-ARM-/Project/2.ALU/ALU.srcs/constrs_1/new/Board.xdc:108]
CRITICAL WARNING: [Common 17-55] 'set_property' expects at least one object. [C:/Users/GAO/Desktop/Computer-Orgnization-ARM-/Project/2.ALU/ALU.srcs/constrs_1/new/Board.xdc:108]
Resolution: If [get_<value>] was used to populate the object, check to make sure this command returns at least one valid object.
WARNING: [Vivado 12-507] No nets matched 'swb_IBUF[6]'. [C:/Users/GAO/Desktop/Computer-Orgnization-ARM-/Project/2.ALU/ALU.srcs/constrs_1/new/Board.xdc:109]
CRITICAL WARNING: [Common 17-55] 'set_property' expects at least one object. [C:/Users/GAO/Desktop/Computer-Orgnization-ARM-/Project/2.ALU/ALU.srcs/constrs_1/new/Board.xdc:109]
Resolution: If [get_<value>] was used to populate the object, check to make sure this command returns at least one valid object.
Finished Parsing XDC File [C:/Users/GAO/Desktop/Computer-Orgnization-ARM-/Project/2.ALU/ALU.srcs/constrs_1/new/Board.xdc]
Completed Processing XDC Constraints

Netlist sorting complete. Time (s): cpu = 00:00:00 ; elapsed = 00:00:00 . Memory (MB): peak = 1785.293 ; gain = 0.000
INFO: [Project 1-111] Unisim Transformation Summary:
No Unisim elements were transformed.

RTL Elaboration Complete:  : Time (s): cpu = 00:00:16 ; elapsed = 00:00:09 . Memory (MB): peak = 1919.625 ; gain = 300.746
9 Infos, 99 Warnings, 96 Critical Warnings and 0 Errors encountered.
synth_design completed successfully
synth_design: Time (s): cpu = 00:00:16 ; elapsed = 00:00:09 . Memory (MB): peak = 1919.645 ; gain = 300.766
reset_run synth_1
launch_runs impl_1 -to_step write_bitstream -jobs 16
[Mon Apr 19 22:16:12 2021] Launched synth_1...
Run output will be captured here: C:/Users/GAO/Desktop/Computer-Orgnization-ARM-/Project/2.ALU/ALU.runs/synth_1/runme.log
[Mon Apr 19 22:16:12 2021] Launched impl_1...
Run output will be captured here: C:/Users/GAO/Desktop/Computer-Orgnization-ARM-/Project/2.ALU/ALU.runs/impl_1/runme.log
reset_run synth_1
WARNING: [Vivado 12-1017] Problems encountered:
1. PID not specified

set_property top Board [current_fileset]
update_compile_order -fileset sources_1
refresh_design
---------------------------------------------------------------------------------
Starting RTL Elaboration : Time (s): cpu = 00:00:05 ; elapsed = 00:00:04 . Memory (MB): peak = 1949.324 ; gain = 14.078
---------------------------------------------------------------------------------
INFO: [Synth 8-6157] synthesizing module 'Board' [C:/Users/GAO/Desktop/Computer-Orgnization-ARM-/Project/2.ALU/ALU.srcs/sources_1/new/Board.v:3]
INFO: [Synth 8-155] case statement is not full and has no default [C:/Users/GAO/Desktop/Computer-Orgnization-ARM-/Project/2.ALU/ALU.srcs/sources_1/new/Board.v:26]
INFO: [Synth 8-6157] synthesizing module 'ALU' [C:/Users/GAO/Desktop/Computer-Orgnization-ARM-/Project/2.ALU/ALU.srcs/sources_1/new/ALU.v:3]
INFO: [Synth 8-155] case statement is not full and has no default [C:/Users/GAO/Desktop/Computer-Orgnization-ARM-/Project/2.ALU/ALU.srcs/sources_1/new/ALU.v:25]
INFO: [Synth 8-6155] done synthesizing module 'ALU' (1#1) [C:/Users/GAO/Desktop/Computer-Orgnization-ARM-/Project/2.ALU/ALU.srcs/sources_1/new/ALU.v:3]
WARNING: [Synth 8-689] width (32) of port connection 'Shift_Carry_Out' does not match port width (1) of module 'ALU' [C:/Users/GAO/Desktop/Computer-Orgnization-ARM-/Project/2.ALU/ALU.srcs/sources_1/new/Board.v:34]
WARNING: [Synth 8-689] width (4) of port connection 'F' does not match port width (32) of module 'ALU' [C:/Users/GAO/Desktop/Computer-Orgnization-ARM-/Project/2.ALU/ALU.srcs/sources_1/new/Board.v:34]
WARNING: [Synth 8-689] width (32) of port connection 'NZCV' does not match port width (4) of module 'ALU' [C:/Users/GAO/Desktop/Computer-Orgnization-ARM-/Project/2.ALU/ALU.srcs/sources_1/new/Board.v:34]
INFO: [Synth 8-6157] synthesizing module 'Display' [C:/Users/GAO/Desktop/Computer-Orgnization-ARM-/Project/2.ALU/ALU.srcs/sources_1/new/Display.v:3]
INFO: [Synth 8-6155] done synthesizing module 'Display' (2#1) [C:/Users/GAO/Desktop/Computer-Orgnization-ARM-/Project/2.ALU/ALU.srcs/sources_1/new/Display.v:3]
WARNING: [Synth 8-7071] port 'count' of module 'Display' is unconnected for instance 'Display_Instance' [C:/Users/GAO/Desktop/Computer-Orgnization-ARM-/Project/2.ALU/ALU.srcs/sources_1/new/Board.v:40]
WARNING: [Synth 8-7071] port 'digit' of module 'Display' is unconnected for instance 'Display_Instance' [C:/Users/GAO/Desktop/Computer-Orgnization-ARM-/Project/2.ALU/ALU.srcs/sources_1/new/Board.v:40]
WARNING: [Synth 8-7023] instance 'Display_Instance' of module 'Display' has 6 connections declared, but only 4 given [C:/Users/GAO/Desktop/Computer-Orgnization-ARM-/Project/2.ALU/ALU.srcs/sources_1/new/Board.v:40]
INFO: [Synth 8-6155] done synthesizing module 'Board' (3#1) [C:/Users/GAO/Desktop/Computer-Orgnization-ARM-/Project/2.ALU/ALU.srcs/sources_1/new/Board.v:3]
---------------------------------------------------------------------------------
Finished RTL Elaboration : Time (s): cpu = 00:00:06 ; elapsed = 00:00:05 . Memory (MB): peak = 1979.945 ; gain = 44.699
---------------------------------------------------------------------------------
---------------------------------------------------------------------------------
Start Handling Custom Attributes
---------------------------------------------------------------------------------
---------------------------------------------------------------------------------
Finished Handling Custom Attributes : Time (s): cpu = 00:00:06 ; elapsed = 00:00:05 . Memory (MB): peak = 2002.758 ; gain = 67.512
---------------------------------------------------------------------------------
---------------------------------------------------------------------------------
Finished RTL Optimization Phase 1 : Time (s): cpu = 00:00:06 ; elapsed = 00:00:05 . Memory (MB): peak = 2002.758 ; gain = 67.512
---------------------------------------------------------------------------------
Netlist sorting complete. Time (s): cpu = 00:00:00 ; elapsed = 00:00:00.011 . Memory (MB): peak = 2018.664 ; gain = 0.000
INFO: [Project 1-570] Preparing netlist for logic optimization

Processing XDC Constraints
Initializing timing engine
Parsing XDC File [C:/Users/GAO/Desktop/Computer-Orgnization-ARM-/Project/2.ALU/ALU.srcs/constrs_1/new/Board.xdc]
WARNING: [Vivado 12-507] No nets matched 'clk_IBUF'. [C:/Users/GAO/Desktop/Computer-Orgnization-ARM-/Project/2.ALU/ALU.srcs/constrs_1/new/Board.xdc:103]
CRITICAL WARNING: [Common 17-55] 'set_property' expects at least one object. [C:/Users/GAO/Desktop/Computer-Orgnization-ARM-/Project/2.ALU/ALU.srcs/constrs_1/new/Board.xdc:103]
Resolution: If [get_<value>] was used to populate the object, check to make sure this command returns at least one valid object.
WARNING: [Vivado 12-507] No nets matched 'swb_IBUF[1]'. [C:/Users/GAO/Desktop/Computer-Orgnization-ARM-/Project/2.ALU/ALU.srcs/constrs_1/new/Board.xdc:104]
CRITICAL WARNING: [Common 17-55] 'set_property' expects at least one object. [C:/Users/GAO/Desktop/Computer-Orgnization-ARM-/Project/2.ALU/ALU.srcs/constrs_1/new/Board.xdc:104]
Resolution: If [get_<value>] was used to populate the object, check to make sure this command returns at least one valid object.
WARNING: [Vivado 12-507] No nets matched 'swb_IBUF[2]'. [C:/Users/GAO/Desktop/Computer-Orgnization-ARM-/Project/2.ALU/ALU.srcs/constrs_1/new/Board.xdc:105]
CRITICAL WARNING: [Common 17-55] 'set_property' expects at least one object. [C:/Users/GAO/Desktop/Computer-Orgnization-ARM-/Project/2.ALU/ALU.srcs/constrs_1/new/Board.xdc:105]
Resolution: If [get_<value>] was used to populate the object, check to make sure this command returns at least one valid object.
WARNING: [Vivado 12-507] No nets matched 'swb_IBUF[3]'. [C:/Users/GAO/Desktop/Computer-Orgnization-ARM-/Project/2.ALU/ALU.srcs/constrs_1/new/Board.xdc:106]
CRITICAL WARNING: [Common 17-55] 'set_property' expects at least one object. [C:/Users/GAO/Desktop/Computer-Orgnization-ARM-/Project/2.ALU/ALU.srcs/constrs_1/new/Board.xdc:106]
Resolution: If [get_<value>] was used to populate the object, check to make sure this command returns at least one valid object.
WARNING: [Vivado 12-507] No nets matched 'swb_IBUF[4]'. [C:/Users/GAO/Desktop/Computer-Orgnization-ARM-/Project/2.ALU/ALU.srcs/constrs_1/new/Board.xdc:107]
CRITICAL WARNING: [Common 17-55] 'set_property' expects at least one object. [C:/Users/GAO/Desktop/Computer-Orgnization-ARM-/Project/2.ALU/ALU.srcs/constrs_1/new/Board.xdc:107]
Resolution: If [get_<value>] was used to populate the object, check to make sure this command returns at least one valid object.
WARNING: [Vivado 12-507] No nets matched 'swb_IBUF[5]'. [C:/Users/GAO/Desktop/Computer-Orgnization-ARM-/Project/2.ALU/ALU.srcs/constrs_1/new/Board.xdc:108]
CRITICAL WARNING: [Common 17-55] 'set_property' expects at least one object. [C:/Users/GAO/Desktop/Computer-Orgnization-ARM-/Project/2.ALU/ALU.srcs/constrs_1/new/Board.xdc:108]
Resolution: If [get_<value>] was used to populate the object, check to make sure this command returns at least one valid object.
WARNING: [Vivado 12-507] No nets matched 'swb_IBUF[6]'. [C:/Users/GAO/Desktop/Computer-Orgnization-ARM-/Project/2.ALU/ALU.srcs/constrs_1/new/Board.xdc:109]
CRITICAL WARNING: [Common 17-55] 'set_property' expects at least one object. [C:/Users/GAO/Desktop/Computer-Orgnization-ARM-/Project/2.ALU/ALU.srcs/constrs_1/new/Board.xdc:109]
Resolution: If [get_<value>] was used to populate the object, check to make sure this command returns at least one valid object.
Finished Parsing XDC File [C:/Users/GAO/Desktop/Computer-Orgnization-ARM-/Project/2.ALU/ALU.srcs/constrs_1/new/Board.xdc]
Completed Processing XDC Constraints

refresh_design: Time (s): cpu = 00:00:14 ; elapsed = 00:00:09 . Memory (MB): peak = 2018.664 ; gain = 83.418
exit
INFO: [Common 17-206] Exiting Vivado at Mon Apr 19 22:19:43 2021...
