#-----------------------------------------------------------
# Vivado v2020.2 (64-bit)
# SW Build 3064766 on Wed Nov 18 09:12:45 MST 2020
# IP Build 3064653 on Wed Nov 18 14:17:31 MST 2020
# Start of session at: Sun Apr 18 17:39:51 2021
# Process ID: 10264
# Current directory: C:/Users/GAO/Desktop/Computer-Orgnization/Project/2.ALU
# Command line: vivado.exe -gui_launcher_event rodinguilauncherevent11288 C:\Users\GAO\Desktop\Computer-Orgnization\Project\2.ALU\ALU.xpr
# Log file: C:/Users/GAO/Desktop/Computer-Orgnization/Project/2.ALU/vivado.log
# Journal file: C:/Users/GAO/Desktop/Computer-Orgnization/Project/2.ALU\vivado.jou
#-----------------------------------------------------------
start_gui
open_project C:/Users/GAO/Desktop/Computer-Orgnization/Project/2.ALU/ALU.xpr
WARNING: [filemgmt 56-3] Default IP Output Path : Could not find the directory 'C:/Users/GAO/Desktop/Computer-Orgnization/Project/2.ALU/ALU.gen/sources_1'.
Scanning sources...
Finished scanning sources
INFO: [IP_Flow 19-234] Refreshing IP repositories
INFO: [IP_Flow 19-1704] No user IP repositories specified
INFO: [IP_Flow 19-2313] Loaded Vivado IP repository 'D:/Xilinx/Vivado/2020.2/data/ip'.
open_project: Time (s): cpu = 00:00:13 ; elapsed = 00:00:08 . Memory (MB): peak = 1088.820 ; gain = 0.000
update_compile_order -fileset sources_1
update_compile_order -fileset sources_1
update_compile_order -fileset sources_1
update_compile_order -fileset sources_1
update_compile_order -fileset sources_1
update_compile_order -fileset sources_1
update_compile_order -fileset sources_1
update_compile_order -fileset sources_1
update_compile_order -fileset sources_1
update_compile_order -fileset sources_1
update_compile_order -fileset sources_1
reset_run synth_1
launch_runs impl_1 -to_step write_bitstream -jobs 16
[Sun Apr 18 18:42:06 2021] Launched synth_1...
Run output will be captured here: C:/Users/GAO/Desktop/Computer-Orgnization/Project/2.ALU/ALU.runs/synth_1/runme.log
[Sun Apr 18 18:42:06 2021] Launched impl_1...
Run output will be captured here: C:/Users/GAO/Desktop/Computer-Orgnization/Project/2.ALU/ALU.runs/impl_1/runme.log
reset_run synth_1
launch_runs impl_1 -to_step write_bitstream -jobs 16
[Sun Apr 18 18:45:19 2021] Launched synth_1...
Run output will be captured here: C:/Users/GAO/Desktop/Computer-Orgnization/Project/2.ALU/ALU.runs/synth_1/runme.log
[Sun Apr 18 18:45:19 2021] Launched impl_1...
Run output will be captured here: C:/Users/GAO/Desktop/Computer-Orgnization/Project/2.ALU/ALU.runs/impl_1/runme.log
open_run impl_1
INFO: [Device 21-403] Loading part xc7a100tfgg484-2L
Netlist sorting complete. Time (s): cpu = 00:00:00 ; elapsed = 00:00:00 . Memory (MB): peak = 1379.172 ; gain = 0.000
INFO: [Project 1-479] Netlist was created with Vivado 2020.2
INFO: [Project 1-570] Preparing netlist for logic optimization
Reading XDEF placement.
Reading placer database...
Reading XDEF routing.
Read XDEF File: Time (s): cpu = 00:00:00 ; elapsed = 00:00:00.035 . Memory (MB): peak = 1459.199 ; gain = 0.332
Restored from archive | CPU: 0.000000 secs | Memory: 0.000000 MB |
Finished XDEF File Restore: Time (s): cpu = 00:00:00 ; elapsed = 00:00:00.035 . Memory (MB): peak = 1459.199 ; gain = 0.332
Netlist sorting complete. Time (s): cpu = 00:00:00 ; elapsed = 00:00:00 . Memory (MB): peak = 1869.027 ; gain = 0.000
INFO: [Project 1-111] Unisim Transformation Summary:
No Unisim elements were transformed.

open_run: Time (s): cpu = 00:00:20 ; elapsed = 00:00:13 . Memory (MB): peak = 2011.625 ; gain = 922.805
WARNING: [Timing 38-313] There are no user specified timing constraints. Timing constraints are needed for proper timing analysis.
reset_run synth_1
launch_runs impl_1 -to_step write_bitstream -jobs 16
[Sun Apr 18 18:52:42 2021] Launched synth_1...
Run output will be captured here: C:/Users/GAO/Desktop/Computer-Orgnization/Project/2.ALU/ALU.runs/synth_1/runme.log
[Sun Apr 18 18:52:42 2021] Launched impl_1...
Run output will be captured here: C:/Users/GAO/Desktop/Computer-Orgnization/Project/2.ALU/ALU.runs/impl_1/runme.log
close_design
file mkdir C:/Users/GAO/Desktop/Computer-Orgnization/Project/2.ALU/ALU.srcs/constrs_1
file mkdir C:/Users/GAO/Desktop/Computer-Orgnization/Project/2.ALU/ALU.srcs/constrs_1/new
close [ open C:/Users/GAO/Desktop/Computer-Orgnization/Project/2.ALU/ALU.srcs/constrs_1/new/Board.xdc w ]
add_files -fileset constrs_1 C:/Users/GAO/Desktop/Computer-Orgnization/Project/2.ALU/ALU.srcs/constrs_1/new/Board.xdc
reset_run impl_1
reset_run synth_1
launch_runs impl_1 -to_step write_bitstream -jobs 16
[Sun Apr 18 18:53:48 2021] Launched synth_1...
Run output will be captured here: C:/Users/GAO/Desktop/Computer-Orgnization/Project/2.ALU/ALU.runs/synth_1/runme.log
[Sun Apr 18 18:53:48 2021] Launched impl_1...
Run output will be captured here: C:/Users/GAO/Desktop/Computer-Orgnization/Project/2.ALU/ALU.runs/impl_1/runme.log
reset_run impl_1
launch_runs impl_1 -jobs 16
[Sun Apr 18 18:55:52 2021] Launched impl_1...
Run output will be captured here: C:/Users/GAO/Desktop/Computer-Orgnization/Project/2.ALU/ALU.runs/impl_1/runme.log
launch_runs impl_1 -to_step write_bitstream -jobs 16
[Sun Apr 18 18:57:13 2021] Launched impl_1...
Run output will be captured here: C:/Users/GAO/Desktop/Computer-Orgnization/Project/2.ALU/ALU.runs/impl_1/runme.log
open_run impl_1
Netlist sorting complete. Time (s): cpu = 00:00:00 ; elapsed = 00:00:00.001 . Memory (MB): peak = 2126.461 ; gain = 0.000
INFO: [Netlist 29-17] Analyzing 1 Unisim elements for replacement
INFO: [Netlist 29-28] Unisim Transformation completed in 0 CPU seconds
INFO: [Project 1-479] Netlist was created with Vivado 2020.2
INFO: [Project 1-570] Preparing netlist for logic optimization
INFO: [Timing 38-478] Restoring timing data from binary archive.
INFO: [Timing 38-479] Binary timing data restore complete.
INFO: [Project 1-856] Restoring constraints from binary archive.
INFO: [Project 1-853] Binary constraint restore complete.
Reading XDEF placement.
Reading placer database...
Reading XDEF routing.
Read XDEF File: Time (s): cpu = 00:00:00 ; elapsed = 00:00:00.041 . Memory (MB): peak = 2182.879 ; gain = 0.000
Restored from archive | CPU: 0.000000 secs | Memory: 0.000000 MB |
Finished XDEF File Restore: Time (s): cpu = 00:00:00 ; elapsed = 00:00:00.041 . Memory (MB): peak = 2182.879 ; gain = 0.000
Netlist sorting complete. Time (s): cpu = 00:00:00 ; elapsed = 00:00:00 . Memory (MB): peak = 2182.879 ; gain = 0.000
INFO: [Project 1-111] Unisim Transformation Summary:
No Unisim elements were transformed.

WARNING: [Timing 38-313] There are no user specified timing constraints. Timing constraints are needed for proper timing analysis.
reset_run synth_1
launch_runs impl_1 -jobs 16
[Sun Apr 18 19:00:16 2021] Launched synth_1...
Run output will be captured here: C:/Users/GAO/Desktop/Computer-Orgnization/Project/2.ALU/ALU.runs/synth_1/runme.log
[Sun Apr 18 19:00:16 2021] Launched impl_1...
Run output will be captured here: C:/Users/GAO/Desktop/Computer-Orgnization/Project/2.ALU/ALU.runs/impl_1/runme.log
close_design
launch_runs impl_1 -to_step write_bitstream -jobs 16
[Sun Apr 18 19:01:57 2021] Launched impl_1...
Run output will be captured here: C:/Users/GAO/Desktop/Computer-Orgnization/Project/2.ALU/ALU.runs/impl_1/runme.log
exit
INFO: [Common 17-206] Exiting Vivado at Sun Apr 18 19:05:21 2021...
