Vivado Simulator 2020.2
Copyright 1986-1999, 2001-2020 Xilinx, Inc. All Rights Reserved.
Running: D:/Xilinx/Vivado/2020.2/bin/unwrapped/win64.o/xelab.exe -wto 422350fbba2b4e1aaf2dcc160b7d8dbc --incr --debug typical --relax --mt 2 -L xil_defaultlib -L unisims_ver -L secureip --snapshot tb_barrelShifter_func_synth xil_defaultlib.tb_barrelShifter xil_defaultlib.glbl -log elaborate.log 
Using 2 slave threads.
WARNING: [XSIM 43-3431] One or more environment variables have been detected which affect the operation of the C compiler. These are typically not set in standard installations and are not tested by Xilinx, however they may be appropriate for your system, so the flow will attempt to continue.  If errors occur, try running xelab with the "-mt off -v 1" switches to see more information from the C compiler. The following environment variables have been detected:
Starting static elaboration
Pass Through NonSizing Optimizer
WARNING: [VRFC 10-3091] actual bit length 1 differs from formal bit length 32 for port 'Shift_Data' [C:/Users/GAO/Desktop/Computer-Orgnization/Project/barrelShifter/barrelShifter.srcs/sim_1/new/tb_barrelShifter.v:40]
WARNING: [VRFC 10-3091] actual bit length 1 differs from formal bit length 8 for port 'Shift_Num' [C:/Users/GAO/Desktop/Computer-Orgnization/Project/barrelShifter/barrelShifter.srcs/sim_1/new/tb_barrelShifter.v:41]
WARNING: [VRFC 10-3091] actual bit length 1 differs from formal bit length 32 for port 'Shift_out' [C:/Users/GAO/Desktop/Computer-Orgnization/Project/barrelShifter/barrelShifter.srcs/sim_1/new/tb_barrelShifter.v:43]
WARNING: [VRFC 10-5021] port 'SHFT_OP' is not connected on this instance [C:/Users/GAO/Desktop/Computer-Orgnization/Project/barrelShifter/barrelShifter.srcs/sim_1/new/tb_barrelShifter.v:39]
Completed static elaboration
Starting simulation data flow analysis
Completed simulation data flow analysis
Time Resolution for simulation is 1ps
Compiling module unisims_ver.IBUF
Compiling module unisims_ver.OBUF
Compiling module unisims_ver.LUT6
Compiling module unisims_ver.MUXF8
Compiling module unisims_ver.MUXF7
Compiling module unisims_ver.LUT5
Compiling module unisims_ver.x_lut3_mux8
Compiling module unisims_ver.LUT3
Compiling module unisims_ver.x_lut2_mux4
Compiling module unisims_ver.LUT2
Compiling module unisims_ver.LUT4
Compiling module xil_defaultlib.barrelShifter
Compiling module xil_defaultlib.tb_barrelShifter
Compiling module xil_defaultlib.glbl
Built simulation snapshot tb_barrelShifter_func_synth
